
Copyright (C) 1994-2025 Synopsys, Inc.
This Synopsys software and all associated documentation are proprietary to Synopsys, Inc.
and may only be used pursuant to the terms and conditions of a written license agreement
with Synopsys, Inc. All other use, reproduction, modification, or distribution of the
Synopsys software or the associated documentation is strictly prohibited.
Tool: Synplify Pro (R)
Build: W-2025.03LR-SP1
Install: C:\lscc\radiant\2025.2\synpbase
OS: Windows 10 or later
Hostname: TE9BILL397

Implementation : impl_1

# Written on Thu Mar 26 14:33:37 2026

##### FILES SYNTAX CHECKED ##############################################
Constraint File(s):      "C:\lscc\radiant\2025.2\scripts\tcl\flow\radiant_synplify_vars.tcl"
                         "C:\Users\billzhang\Desktop\I3C_XO5\I3C_XO5\impl_1\I3C_XO5_impl_1_cpe.ldc"

#Run constraint checker to find more issues with constraints.
#########################################################################



No issues found in constraint syntax.



Clock Summary
*************

          Start                                                                              Requested     Requested     Clock        Clock                     Clock
Level     Clock                                                                              Frequency     Period        Type         Group                     Load 
---------------------------------------------------------------------------------------------------------------------------------------------------------------------
0 -       pll0_ipgen_lscc_pll_uniq_1_Z53_layer0|clkop_o_inferred_clock                       200.0 MHz     5.000         inferred     Inferred_clkgroup_0_2     3504 
                                                                                                                                                                     
0 -       pll0_ipgen_lscc_pll_uniq_1_Z53_layer0|clkos_o_inferred_clock                       200.0 MHz     5.000         inferred     Inferred_clkgroup_0_3     1741 
                                                                                                                                                                     
0 -       I3C_XO5|reveal_jtck_inferred_clock                                                 200.0 MHz     5.000         inferred     Inferred_clkgroup_0_1     473  
                                                                                                                                                                     
0 -       i3c_s_ipgen_lscc_i3c_target_uniq_1_Z51_layer0|scl_i                                200.0 MHz     5.000         inferred     Inferred_clkgroup_0_6     329  
                                                                                                                                                                     
0 -       risc_mc_ipgen_vex_jtag_bridge_uniq_1_Z54_layer0|bbICH_inferred_clock               200.0 MHz     5.000         inferred     Inferred_clkgroup_0_4     83   
                                                                                                                                                                     
0 -       i3c_s_ipgen_lscc_i3c_target_uniq_1_Z51_layer0|sda_i                                200.0 MHz     5.000         inferred     Inferred_clkgroup_0_7     15   
                                                                                                                                                                     
0 -       risc_mc_ipgen_vex_jtag_bridge_uniq_1_Z54_layer0|bqAaKcoy7LeAHb1_inferred_clock     200.0 MHz     5.000         inferred     Inferred_clkgroup_0_5     9    
=====================================================================================================================================================================


Clock Load Summary
******************

                                                                                   Clock     Source                                                                                    Clock Pin                                                                                                                                                                                                            Non-clock Pin     Non-clock Pin
Clock                                                                              Load      Pin                                                                                       Seq Example                                                                                                                                                                                                          Seq Example       Comb Example 
-------------------------------------------------------------------------------------------------------------------------------------------------------------------------------------------------------------------------------------------------------------------------------------------------------------------------------------------------------------------------------------------------------------------------------------------
pll0_ipgen_lscc_pll_uniq_1_Z53_layer0|clkop_o_inferred_clock                       3504      pll0_inst.lscc_pll_inst.\\gen_no_refclk_mon\.u_PLL.CLKOP(PLL)                             sys_mem_inst.lscc_sys_mem_inst.\\CORE_MEMORY\.genblk1\.u_lscc_mem0.\\intf_AHBL\.lifcl_LAVAT\.ebr\.dp\.LIFCL\.u_mem.mem_main.uinst_0.prim\.NON_MIX\.xADDR\[0\]\.xDATA\[8\]\.no_mem_file\.u_mem0.LIFCL\.dp16k.CLKB     -                 -            
                                                                                                                                                                                                                                                                                                                                                                                                                                           
pll0_ipgen_lscc_pll_uniq_1_Z53_layer0|clkos_o_inferred_clock                       1741      pll0_inst.lscc_pll_inst.\\gen_no_refclk_mon\.u_PLL.CLKOS(PLL)                             uart0_inst.lscc_uart_inst.u_txmitt.tx_in_shift_s.C                                                                                                                                                                   -                 -            
                                                                                                                                                                                                                                                                                                                                                                                                                                           
I3C_XO5|reveal_jtck_inferred_clock                                                 473       reveal_jtaghub_inst.JTCK(JTAGH19)                                                         -                                                                                                                                                                                                                    -                 -            
                                                                                                                                                                                                                                                                                                                                                                                                                                           
i3c_s_ipgen_lscc_i3c_target_uniq_1_Z51_layer0|scl_i                                329       i3c_s_inst.lscc_i3c_target_inst.\\gen_en_io_prim\.gen_prim\.u_i3c_scl.PADDI(BB_I3C_A)     -                                                                                                                                                                                                                    -                 -            
                                                                                                                                                                                                                                                                                                                                                                                                                                           
risc_mc_ipgen_vex_jtag_bridge_uniq_1_Z54_layer0|bbICH_inferred_clock               83        -                                                                                         -                                                                                                                                                                                                                    -                 -            
                                                                                                                                                                                                                                                                                                                                                                                                                                           
i3c_s_ipgen_lscc_i3c_target_uniq_1_Z51_layer0|sda_i                                15        i3c_s_inst.lscc_i3c_target_inst.\\gen_en_io_prim\.gen_prim\.u_i3c_sda.PADDI(BB_I3C_A)     -                                                                                                                                                                                                                    -                 -            
                                                                                                                                                                                                                                                                                                                                                                                                                                           
risc_mc_ipgen_vex_jtag_bridge_uniq_1_Z54_layer0|bqAaKcoy7LeAHb1_inferred_clock     9         -                                                                                         -                                                                                                                                                                                                                    -                 -            
===========================================================================================================================================================================================================================================================================================================================================================================================================================================
