-- all messages logged in file C:/Users/billzhang/Desktop/I3C_XO5/I3C_XO5/impl_1/reveal_error.log
-- Analyzing Verilog file 'C:/Users/billzhang/Desktop/I3C_XO5/I3C_XO5/impl_1/reveal_workspace/tmpreveal/I3C_XO5_reveal_coretop.v' (VERI-1482)
-- Analyzing Verilog file 'C:/Users/billzhang/Desktop/I3C_XO5/I3C_XO5/I3C_XO5/lib/latticesemi.com/ip/i3c_m/3.7.0/rtl/i3c_m.v' (VERI-1482)
-- Analyzing Verilog file 'C:/Users/billzhang/Desktop/I3C_XO5/I3C_XO5/I3C_XO5/lib/latticesemi.com/ip/i3c_s/3.7.0/rtl/i3c_s.v' (VERI-1482)
-- Analyzing Verilog file 'C:/Users/billzhang/Desktop/I3C_XO5/I3C_XO5/I3C_XO5/lib/latticesemi.com/module/ahb2apb/1.2.0/rtl/ahb2apb.sv' (VERI-1482)
-- Analyzing Verilog file 'C:/Users/billzhang/Desktop/I3C_XO5/I3C_XO5/I3C_XO5/lib/latticesemi.com/module/pll0/1.9.1/rtl/pll0.v' (VERI-1482)
-- Analyzing Verilog file 'C:/Users/billzhang/Desktop/I3C_XO5/I3C_XO5/I3C_XO5/lib/latticesemi.com/module/apb0/1.4.0/rtl/apb0.v' (VERI-1482)
C:/Users/billzhang/Desktop/I3C_XO5/I3C_XO5/I3C_XO5/lib/latticesemi.com/module/apb0/1.4.0/rtl/apb0.v(3647): INFO: undeclared symbol '**', assumed default net type '**' (VERI-2561)
-- Analyzing Verilog file 'C:/Users/billzhang/Desktop/I3C_XO5/I3C_XO5/I3C_XO5/I3C_XO5.v' (VERI-1482)
-- Analyzing Verilog file 'C:/Users/billzhang/Desktop/I3C_XO5/I3C_XO5/I3C_XO5/lib/latticesemi.com/ip/uart0/1.5.0/rtl/uart0.v' (VERI-1482)
C:/Users/billzhang/Desktop/I3C_XO5/I3C_XO5/I3C_XO5/lib/latticesemi.com/ip/uart0/1.5.0/rtl/uart0.v(2703): INFO: undeclared symbol 'intr', assumed default net type 'wire' (VERI-2561)
C:/Users/billzhang/Desktop/I3C_XO5/I3C_XO5/I3C_XO5/lib/latticesemi.com/ip/uart0/1.5.0/rtl/uart0.v(2713): INFO: undeclared symbol 'parity_even', assumed default net type 'wire' (VERI-2561)
C:/Users/billzhang/Desktop/I3C_XO5/I3C_XO5/I3C_XO5/lib/latticesemi.com/ip/uart0/1.5.0/rtl/uart0.v(2754): INFO: undeclared symbol 'sout', assumed default net type 'wire' (VERI-2561)
-- Analyzing Verilog file 'C:/Users/billzhang/Desktop/I3C_XO5/I3C_XO5/I3C_XO5/lib/latticesemi.com/module/osc0/1.4.0/rtl/osc0.v' (VERI-1482)
-- Analyzing Verilog file 'C:/Users/billzhang/Desktop/I3C_XO5/I3C_XO5/I3C_XO5/lib/latticesemi.com/ip/gpio0/1.8.0/rtl/gpio0.v' (VERI-1482)
-- Analyzing Verilog file 'C:/Users/billzhang/Desktop/I3C_XO5/I3C_XO5/I3C_XO5/lib/latticesemi.com/module/ahbl/1.5.0/rtl/ahbl.v' (VERI-1482)
C:/Users/billzhang/Desktop/I3C_XO5/I3C_XO5/I3C_XO5/lib/latticesemi.com/module/ahbl/1.5.0/rtl/ahbl.v(9657): INFO: undeclared symbol '**', assumed default net type '**' (VERI-2561)
C:/Users/billzhang/Desktop/I3C_XO5/I3C_XO5/I3C_XO5/lib/latticesemi.com/module/ahbl/1.5.0/rtl/ahbl.v(9657): INFO: undeclared symbol '**', assumed default net type '**' (VERI-2561)
-- Analyzing Verilog file 'C:/Users/billzhang/Desktop/I3C_XO5/I3C_XO5/I3C_XO5/lib/latticesemi.com/ip/risc_mc/2.8.1/rtl/risc_mc.sv' (VERI-1482)
C:/Users/billzhang/Desktop/I3C_XO5/I3C_XO5/I3C_XO5/lib/latticesemi.com/ip/risc_mc/2.8.1/rtl/risc_mc.sv(126078): INFO: undeclared symbol '**', assumed default net type '**' (VERI-2561)
C:/Users/billzhang/Desktop/I3C_XO5/I3C_XO5/I3C_XO5/lib/latticesemi.com/ip/risc_mc/2.8.1/rtl/risc_mc.sv(126078): INFO: undeclared symbol '**', assumed default net type '**' (VERI-2561)
C:/Users/billzhang/Desktop/I3C_XO5/I3C_XO5/I3C_XO5/lib/latticesemi.com/ip/risc_mc/2.8.1/rtl/risc_mc.sv(126078): INFO: undeclared symbol '**', assumed default net type '**' (VERI-2561)
C:/Users/billzhang/Desktop/I3C_XO5/I3C_XO5/I3C_XO5/lib/latticesemi.com/ip/risc_mc/2.8.1/rtl/risc_mc.sv(126078): INFO: undeclared symbol '**', assumed default net type '**' (VERI-2561)
C:/Users/billzhang/Desktop/I3C_XO5/I3C_XO5/I3C_XO5/lib/latticesemi.com/ip/risc_mc/2.8.1/rtl/risc_mc.sv(126078): INFO: undeclared symbol '**', assumed default net type '**' (VERI-2561)
C:/Users/billzhang/Desktop/I3C_XO5/I3C_XO5/I3C_XO5/lib/latticesemi.com/ip/risc_mc/2.8.1/rtl/risc_mc.sv(126078): INFO: undeclared symbol '**', assumed default net type '**' (VERI-2561)
C:/Users/billzhang/Desktop/I3C_XO5/I3C_XO5/I3C_XO5/lib/latticesemi.com/ip/risc_mc/2.8.1/rtl/risc_mc.sv(126078): INFO: undeclared symbol '**', assumed default net type '**' (VERI-2561)
C:/Users/billzhang/Desktop/I3C_XO5/I3C_XO5/I3C_XO5/lib/latticesemi.com/ip/risc_mc/2.8.1/rtl/risc_mc.sv(126078): INFO: undeclared symbol '**', assumed default net type '**' (VERI-2561)
C:/Users/billzhang/Desktop/I3C_XO5/I3C_XO5/I3C_XO5/lib/latticesemi.com/ip/risc_mc/2.8.1/rtl/risc_mc.sv(126078): INFO: undeclared symbol '**', assumed default net type '**' (VERI-2561)
C:/Users/billzhang/Desktop/I3C_XO5/I3C_XO5/I3C_XO5/lib/latticesemi.com/ip/risc_mc/2.8.1/rtl/risc_mc.sv(126078): INFO: undeclared symbol '**', assumed default net type '**' (VERI-2561)
C:/Users/billzhang/Desktop/I3C_XO5/I3C_XO5/I3C_XO5/lib/latticesemi.com/ip/risc_mc/2.8.1/rtl/risc_mc.sv(126078): INFO: undeclared symbol '**', assumed default net type '**' (VERI-2561)
C:/Users/billzhang/Desktop/I3C_XO5/I3C_XO5/I3C_XO5/lib/latticesemi.com/ip/risc_mc/2.8.1/rtl/risc_mc.sv(126078): INFO: undeclared symbol '**', assumed default net type '**' (VERI-2561)
C:/Users/billzhang/Desktop/I3C_XO5/I3C_XO5/I3C_XO5/lib/latticesemi.com/ip/risc_mc/2.8.1/rtl/risc_mc.sv(126078): INFO: undeclared symbol '**', assumed default net type '**' (VERI-2561)
C:/Users/billzhang/Desktop/I3C_XO5/I3C_XO5/I3C_XO5/lib/latticesemi.com/ip/risc_mc/2.8.1/rtl/risc_mc.sv(126078): INFO: undeclared symbol '**', assumed default net type '**' (VERI-2561)
C:/Users/billzhang/Desktop/I3C_XO5/I3C_XO5/I3C_XO5/lib/latticesemi.com/ip/risc_mc/2.8.1/rtl/risc_mc.sv(126078): INFO: undeclared symbol '**', assumed default net type '**' (VERI-2561)
C:/Users/billzhang/Desktop/I3C_XO5/I3C_XO5/I3C_XO5/lib/latticesemi.com/ip/risc_mc/2.8.1/rtl/risc_mc.sv(126078): INFO: undeclared symbol '**', assumed default net type '**' (VERI-2561)
C:/Users/billzhang/Desktop/I3C_XO5/I3C_XO5/I3C_XO5/lib/latticesemi.com/ip/risc_mc/2.8.1/rtl/risc_mc.sv(126078): INFO: undeclared symbol '**', assumed default net type '**' (VERI-2561)
C:/Users/billzhang/Desktop/I3C_XO5/I3C_XO5/I3C_XO5/lib/latticesemi.com/ip/risc_mc/2.8.1/rtl/risc_mc.sv(126078): INFO: undeclared symbol '**', assumed default net type '**' (VERI-2561)
C:/Users/billzhang/Desktop/I3C_XO5/I3C_XO5/I3C_XO5/lib/latticesemi.com/ip/risc_mc/2.8.1/rtl/risc_mc.sv(126078): INFO: undeclared symbol '**', assumed default net type '**' (VERI-2561)
C:/Users/billzhang/Desktop/I3C_XO5/I3C_XO5/I3C_XO5/lib/latticesemi.com/ip/risc_mc/2.8.1/rtl/risc_mc.sv(126078): INFO: undeclared symbol '**', assumed default net type '**' (VERI-2561)
C:/Users/billzhang/Desktop/I3C_XO5/I3C_XO5/I3C_XO5/lib/latticesemi.com/ip/risc_mc/2.8.1/rtl/risc_mc.sv(126078): INFO: undeclared symbol '**', assumed default net type '**' (VERI-2561)
C:/Users/billzhang/Desktop/I3C_XO5/I3C_XO5/I3C_XO5/lib/latticesemi.com/ip/risc_mc/2.8.1/rtl/risc_mc.sv(126078): INFO: undeclared symbol '**', assumed default net type '**' (VERI-2561)
C:/Users/billzhang/Desktop/I3C_XO5/I3C_XO5/I3C_XO5/lib/latticesemi.com/ip/risc_mc/2.8.1/rtl/risc_mc.sv(126078): WARNING: attribute '**' is already specified; last one will take precedence (VERI-2541)
C:/Users/billzhang/Desktop/I3C_XO5/I3C_XO5/I3C_XO5/lib/latticesemi.com/ip/risc_mc/2.8.1/rtl/risc_mc.sv(126078): WARNING: attribute '**' is already specified; last one will take precedence (VERI-2541)
C:/Users/billzhang/Desktop/I3C_XO5/I3C_XO5/I3C_XO5/lib/latticesemi.com/ip/risc_mc/2.8.1/rtl/risc_mc.sv(126078): WARNING: attribute '**' is already specified; last one will take precedence (VERI-2541)
C:/Users/billzhang/Desktop/I3C_XO5/I3C_XO5/I3C_XO5/lib/latticesemi.com/ip/risc_mc/2.8.1/rtl/risc_mc.sv(126078): WARNING: attribute '**' is already specified; last one will take precedence (VERI-2541)
C:/Users/billzhang/Desktop/I3C_XO5/I3C_XO5/I3C_XO5/lib/latticesemi.com/ip/risc_mc/2.8.1/rtl/risc_mc.sv(126078): WARNING: attribute '**' is already specified; last one will take precedence (VERI-2541)
C:/Users/billzhang/Desktop/I3C_XO5/I3C_XO5/I3C_XO5/lib/latticesemi.com/ip/risc_mc/2.8.1/rtl/risc_mc.sv(126078): WARNING: attribute '**' is already specified; last one will take precedence (VERI-2541)
C:/Users/billzhang/Desktop/I3C_XO5/I3C_XO5/I3C_XO5/lib/latticesemi.com/ip/risc_mc/2.8.1/rtl/risc_mc.sv(126078): WARNING: attribute '**' is already specified; last one will take precedence (VERI-2541)
C:/Users/billzhang/Desktop/I3C_XO5/I3C_XO5/I3C_XO5/lib/latticesemi.com/ip/risc_mc/2.8.1/rtl/risc_mc.sv(126078): WARNING: attribute '**' is already specified; last one will take precedence (VERI-2541)
C:/Users/billzhang/Desktop/I3C_XO5/I3C_XO5/I3C_XO5/lib/latticesemi.com/ip/risc_mc/2.8.1/rtl/risc_mc.sv(126078): WARNING: attribute '**' is already specified; last one will take precedence (VERI-2541)
C:/Users/billzhang/Desktop/I3C_XO5/I3C_XO5/I3C_XO5/lib/latticesemi.com/ip/risc_mc/2.8.1/rtl/risc_mc.sv(126078): WARNING: attribute '**' is already specified; last one will take precedence (VERI-2541)
C:/Users/billzhang/Desktop/I3C_XO5/I3C_XO5/I3C_XO5/lib/latticesemi.com/ip/risc_mc/2.8.1/rtl/risc_mc.sv(126078): WARNING: attribute '**' is already specified; last one will take precedence (VERI-2541)
C:/Users/billzhang/Desktop/I3C_XO5/I3C_XO5/I3C_XO5/lib/latticesemi.com/ip/risc_mc/2.8.1/rtl/risc_mc.sv(126078): WARNING: attribute '**' is already specified; last one will take precedence (VERI-2541)
C:/Users/billzhang/Desktop/I3C_XO5/I3C_XO5/I3C_XO5/lib/latticesemi.com/ip/risc_mc/2.8.1/rtl/risc_mc.sv(126078): WARNING: attribute '**' is already specified; last one will take precedence (VERI-2541)
C:/Users/billzhang/Desktop/I3C_XO5/I3C_XO5/I3C_XO5/lib/latticesemi.com/ip/risc_mc/2.8.1/rtl/risc_mc.sv(126078): WARNING: attribute '**' is already specified; last one will take precedence (VERI-2541)
C:/Users/billzhang/Desktop/I3C_XO5/I3C_XO5/I3C_XO5/lib/latticesemi.com/ip/risc_mc/2.8.1/rtl/risc_mc.sv(126078): WARNING: attribute '**' is already specified; last one will take precedence (VERI-2541)
C:/Users/billzhang/Desktop/I3C_XO5/I3C_XO5/I3C_XO5/lib/latticesemi.com/ip/risc_mc/2.8.1/rtl/risc_mc.sv(126078): WARNING: attribute '**' is already specified; last one will take precedence (VERI-2541)
C:/Users/billzhang/Desktop/I3C_XO5/I3C_XO5/I3C_XO5/lib/latticesemi.com/ip/risc_mc/2.8.1/rtl/risc_mc.sv(126078): WARNING: attribute '**' is already specified; last one will take precedence (VERI-2541)
C:/Users/billzhang/Desktop/I3C_XO5/I3C_XO5/I3C_XO5/lib/latticesemi.com/ip/risc_mc/2.8.1/rtl/risc_mc.sv(126078): WARNING: attribute '**' is already specified; last one will take precedence (VERI-2541)
C:/Users/billzhang/Desktop/I3C_XO5/I3C_XO5/I3C_XO5/lib/latticesemi.com/ip/risc_mc/2.8.1/rtl/risc_mc.sv(126078): WARNING: attribute '**' is already specified; last one will take precedence (VERI-2541)
C:/Users/billzhang/Desktop/I3C_XO5/I3C_XO5/I3C_XO5/lib/latticesemi.com/ip/risc_mc/2.8.1/rtl/risc_mc.sv(126078): WARNING: attribute '**' is already specified; last one will take precedence (VERI-2541)
C:/Users/billzhang/Desktop/I3C_XO5/I3C_XO5/I3C_XO5/lib/latticesemi.com/ip/risc_mc/2.8.1/rtl/risc_mc.sv(126078): WARNING: attribute '**' is already specified; last one will take precedence (VERI-2541)
C:/Users/billzhang/Desktop/I3C_XO5/I3C_XO5/I3C_XO5/lib/latticesemi.com/ip/risc_mc/2.8.1/rtl/risc_mc.sv(126078): WARNING: attribute '**' is already specified; last one will take precedence (VERI-2541)
C:/Users/billzhang/Desktop/I3C_XO5/I3C_XO5/I3C_XO5/lib/latticesemi.com/ip/risc_mc/2.8.1/rtl/risc_mc.sv(126078): WARNING: attribute '**' is already specified; last one will take precedence (VERI-2541)
C:/Users/billzhang/Desktop/I3C_XO5/I3C_XO5/I3C_XO5/lib/latticesemi.com/ip/risc_mc/2.8.1/rtl/risc_mc.sv(126078): WARNING: attribute '**' is already specified; last one will take precedence (VERI-2541)
C:/Users/billzhang/Desktop/I3C_XO5/I3C_XO5/I3C_XO5/lib/latticesemi.com/ip/risc_mc/2.8.1/rtl/risc_mc.sv(126078): WARNING: attribute '**' is already specified; last one will take precedence (VERI-2541)
C:/Users/billzhang/Desktop/I3C_XO5/I3C_XO5/I3C_XO5/lib/latticesemi.com/ip/risc_mc/2.8.1/rtl/risc_mc.sv(126078): WARNING: attribute '**' is already specified; last one will take precedence (VERI-2541)
C:/Users/billzhang/Desktop/I3C_XO5/I3C_XO5/I3C_XO5/lib/latticesemi.com/ip/risc_mc/2.8.1/rtl/risc_mc.sv(126078): INFO: undeclared symbol '**', assumed default net type '**' (VERI-2561)
-- Analyzing Verilog file 'C:/Users/billzhang/Desktop/I3C_XO5/I3C_XO5/I3C_XO5/lib/latticesemi.com/ip/sys_mem/2.5.1/rtl/sys_mem.v' (VERI-1482)
C:/Users/billzhang/Desktop/I3C_XO5/I3C_XO5/I3C_XO5/lib/latticesemi.com/ip/sys_mem/2.5.1/rtl/sys_mem.v(1441): WARNING: extra semicolon is not allowed here in this dialect; use SystemVerilog mode instead (VERI-2050)
C:/Users/billzhang/Desktop/I3C_XO5/I3C_XO5/I3C_XO5/lib/latticesemi.com/ip/sys_mem/2.5.1/rtl/sys_mem.v(14031): INFO: undeclared symbol 'fifo_rstn_w', assumed default net type 'wire' (VERI-2561)
-- Analyzing Verilog file 'C:/Users/billzhang/Desktop/I3C_XO5/I3C_sim/I3C_target_sim/I3C_target_inst/rtl/I3C_target_inst.v' (VERI-1482)
C:/Users/billzhang/Desktop/I3C_XO5/I3C_XO5/I3C_XO5/I3C_XO5.v(54): INFO: compiling module 'I3C_XO5' (VERI-1018)
C:/Users/billzhang/Desktop/I3C_XO5/I3C_XO5/I3C_XO5/lib/latticesemi.com/ip/i3c_m/3.7.0/rtl/i3c_m.v(437): WARNING: instantiating unknown module 'BB_I3C_A' (VERI-1063)
C:/Users/billzhang/Desktop/I3C_XO5/I3C_XO5/I3C_XO5/lib/latticesemi.com/ip/i3c_m/3.7.0/rtl/i3c_m.v(443): WARNING: instantiating unknown module 'BB_I3C_A' (VERI-1063)
C:/Users/billzhang/Desktop/I3C_XO5/I3C_XO5/I3C_XO5/lib/latticesemi.com/ip/i3c_s/3.7.0/rtl/i3c_s.v(340): WARNING: instantiating unknown module 'BB_I3C_A' (VERI-1063)
C:/Users/billzhang/Desktop/I3C_XO5/I3C_XO5/I3C_XO5/lib/latticesemi.com/ip/i3c_s/3.7.0/rtl/i3c_s.v(346): WARNING: instantiating unknown module 'BB_I3C_A' (VERI-1063)
C:/Users/billzhang/Desktop/I3C_XO5/I3C_XO5/I3C_XO5/lib/latticesemi.com/module/osc0/1.4.0/rtl/osc0.v(168): WARNING: instantiating unknown module 'OSCA' (VERI-1063)
C:/Users/billzhang/Desktop/I3C_XO5/I3C_XO5/I3C_XO5/lib/latticesemi.com/module/pll0/1.9.1/rtl/pll0.v(1452): WARNING: instantiating unknown module 'PLL' (VERI-1063)
C:/Users/billzhang/Desktop/I3C_XO5/I3C_XO5/I3C_XO5/lib/latticesemi.com/ip/i3c_m/3.7.0/rtl/i3c_m.v(21297): WARNING: instantiating unknown module '**' (VERI-1063)
C:/Users/billzhang/Desktop/I3C_XO5/I3C_XO5/I3C_XO5/lib/latticesemi.com/ip/gpio0/1.8.0/rtl/gpio0.v(1102): WARNING: instantiating unknown module 'BB' (VERI-1063)
C:/Users/billzhang/Desktop/I3C_XO5/I3C_XO5/I3C_XO5/lib/latticesemi.com/ip/sys_mem/2.5.1/rtl/sys_mem.v(6648): WARNING: instantiating unknown module 'lscc_ram_dp_true' (VERI-1063)
C:/Users/billzhang/Desktop/I3C_XO5/I3C_XO5/I3C_XO5/lib/latticesemi.com/ip/risc_mc/2.8.1/rtl/risc_mc.sv(126078): WARNING: instantiating unknown module '**' (VERI-1063)
C:/Users/billzhang/Desktop/I3C_XO5/I3C_XO5/I3C_XO5/lib/latticesemi.com/ip/risc_mc/2.8.1/rtl/risc_mc.sv(126078): WARNING: instantiating unknown module '**' (VERI-1063)
C:/Users/billzhang/Desktop/I3C_XO5/I3C_XO5/I3C_XO5/lib/latticesemi.com/ip/i3c_s/3.7.0/rtl/i3c_s.v(11535): WARNING: instantiating unknown module '**' (VERI-1063)
C:/Users/billzhang/Desktop/I3C_XO5/I3C_XO5/I3C_XO5/lib/latticesemi.com/ip/risc_mc/2.8.1/rtl/risc_mc.sv(108): WARNING: actual bit length 4 differs from formal bit length 32 for port 'IRQ' (VERI-1330)
C:/Users/billzhang/Desktop/I3C_XO5/I3C_XO5/I3C_XO5/lib/latticesemi.com/ip/risc_mc/2.8.1/rtl/risc_mc.sv(126078): WARNING: actual bit length ** differs from formal bit length *** for port '**' (VERI-1330)
C:/Users/billzhang/Desktop/I3C_XO5/I3C_XO5/I3C_XO5/lib/latticesemi.com/ip/sys_mem/2.5.1/rtl/sys_mem.v(14445): WARNING: actual bit length 16 differs from formal bit length 14 for port 'mem_addr_a_i' (VERI-1330)
C:/Users/billzhang/Desktop/I3C_XO5/I3C_XO5/I3C_XO5/lib/latticesemi.com/ip/sys_mem/2.5.1/rtl/sys_mem.v(14452): WARNING: actual bit length 16 differs from formal bit length 14 for port 'mem_addr_b_i' (VERI-1330)
C:/Users/billzhang/Desktop/I3C_XO5/I3C_XO5/I3C_XO5/I3C_XO5.v(257): WARNING: port 'lf_clk_out_o' remains unconnected for this instance (VERI-1927)
-- Printing library 'work' to file 'C:/Users/billzhang/Desktop/I3C_XO5/I3C_XO5/impl_1/reveal_workspace/tmpreveal/I3C_XO5_rvl_top.v' (VERI-1491)
