
Copyright (C) 1994-2025 Synopsys, Inc.
This Synopsys software and all associated documentation are proprietary to Synopsys, Inc.
and may only be used pursuant to the terms and conditions of a written license agreement
with Synopsys, Inc. All other use, reproduction, modification, or distribution of the
Synopsys software or the associated documentation is strictly prohibited.
Tool: Synplify Pro (R)
Build: W-2025.03LR-SP1
Install: C:\lscc\radiant\2025.2\synpbase
OS: Windows 10 or later
Hostname: TE9BILL397

Implementation : impl_1

# Written on Sun Mar  8 01:24:38 2026

##### DESIGN INFO #######################################################

Top View:                "reveal_coretop"
Constraint File(s):      "C:\lscc\radiant\2025.2\scripts\tcl\flow\radiant_synplify_vars.tcl"




##### SUMMARY ############################################################

Found 0 issues in 0 out of 0 constraints


##### DETAILS ############################################################


Clock Summary
*************

          Start                     Requested     Requested     Clock        Clock                                          Clock
Level     Clock                     Frequency     Period        Type         Group                                          Load 
---------------------------------------------------------------------------------------------------------------------------------
0 -       reveal_coretop|jtck       200.0 MHz     5.000         inferred     Inferred_clkgroup_0, Inferred_clkgroup_0_1     189  
                                                                                                                                 
0 -       reveal_coretop|clk[0]     200.0 MHz     5.000         inferred     Inferred_clkgroup_1, Inferred_clkgroup_0_2     162  
=================================================================================================================================


Clock Load Summary
******************

                          Clock     Source           Clock Pin       Non-clock Pin     Non-clock Pin
Clock                     Load      Pin              Seq Example     Seq Example       Comb Example 
----------------------------------------------------------------------------------------------------
reveal_coretop|jtck       189       jtck(port)       -               -                 -            
                                                                                                    
reveal_coretop|clk[0]     162       clk[0](port)     -               -                 -            
====================================================================================================



Clock Relationships
*******************

Starting                  Ending                    |     rise to rise     |     fall to fall     |     rise to fall     |     fall to rise                     
---------------------------------------------------------------------------------------------------------------------------------------------------------------
reveal_coretop|jtck       reveal_coretop|jtck       |     No paths         |     5.000            |     No paths         |     No paths                         
reveal_coretop|jtck       reveal_coretop|clk[0]     |     No paths         |     No paths         |     No paths         |     Diff grp                         
reveal_coretop|clk[0]     reveal_coretop|jtck       |     No paths         |     No paths         |     Diff grp         |     No paths                         
reveal_coretop|clk[0]     reveal_coretop|clk[0]     |     5.000            |     No paths         |     No paths         |     No paths                         
===============================================================================================================================================================
 Note: 'No paths' indicates there are no paths in the design for that pair of clock edges.
       'Diff grp' indicates that paths exist but the starting clock and ending clock are in different clock groups.


Unconstrained Start/End Points
******************************

p:er2_tdo0
p:ip_enable0
p:jce2
p:jrstn
p:jshift
p:jtdi
p:jupdate
p:reset_n[0]
p:trace_din[0]
p:trace_din[1]
p:trace_din[2]
p:trigger_din[0]
p:trigger_din[1]
p:trigger_en[0]


Inapplicable constraints
************************

(none)


Applicable constraints with issues
**********************************

(none)


Constraints with matching wildcard expressions
**********************************************

(none)


Library Report
**************


# End of Constraint Checker Report
