{
"Synplify Pro (R) Job Log" : {
	"Date" : "14:39:56    26-Mar-2026",
	"Working Directory" : "C:/Users/billzhang/Desktop/I3C_XO5/I3C_XO5/impl_1",
	"Install" : "C:/lscc/radiant/2025.2/synpbase"
},
"impl_1" :{
   "Job Flow" : "Sequential",
   "Start Time" : "14:24:01",
   "Runtime" : "15m:55s",
   "Executable Run Time" : "15m:53s",
   "synthesis" : {
      "Job Flow" : "Sequential",
      "Start Time" : "14:24:01",
      "Runtime" : "15m:55s",
      "Executable Run Time" : "15m:53s",
      "compile" : {
         "Job Flow" : "Sequential",
         "Start Time" : "14:24:01",
         "Runtime" : "09m:56s",
         "Executable Run Time" : "09m:55s",
         "compile_flow" : {
            "Job Flow" : "Sequential",
            "Start Time" : "14:24:01",
            "Runtime" : "09m:21s",
            "Executable Run Time" : "09m:20s",
            "compiler" : {
               "executable" : "bin64/c_hdl.exe",
               "Run Directory" : "C:/Users/billzhang/Desktop/I3C_XO5/I3C_XO5/impl_1",
               "Run State" : "Complete",
               "Return Code" : "0",
               "Run Success" : "yes",
               "Run Start Time" : "14:24:01",
               "Run Time" : "08m:55s",
               "Exe Run Time" : "08m:54s",
               "max_parallel_jobs" : "4",
               "Memory Usage" : "-",
               "Up-to-date (run skipped)" : "no"
            },
            "multi_srs_gen" : {
               "executable" : "bin64/syn_nfilter.exe",
               "Run Directory" : "C:/Users/billzhang/Desktop/I3C_XO5/I3C_XO5/impl_1",
               "Run State" : "Complete",
               "Return Code" : "0",
               "Run Success" : "yes",
               "Run Start Time" : "14:32:56",
               "Run Time" : "26s",
               "Exe Run Time" : "26s",
               "Memory Usage" : "-",
               "Up-to-date (run skipped)" : "no"
            }
         },
         "premap" : {
            "executable" : "bin64/m_gen_lattice.exe",
            "Run Directory" : "C:/Users/billzhang/Desktop/I3C_XO5/I3C_XO5/impl_1",
            "Run State" : "Complete",
            "Return Code" : "1",
            "Run Success" : "yes",
            "Run Start Time" : "14:33:22",
            "Run Time" : "35s",
            "Exe Run Time" : "35s",
            "max_parallel_jobs" : "4",
            "Memory Usage" : "-",
            "Up-to-date (run skipped)" : "no"
         }
      },
      "map" : {
         "Job Flow" : "Sequential",
         "Start Time" : "14:33:58",
         "Runtime" : "05m:58s",
         "Executable Run Time" : "05m:58s",
         "fpga_mapper" : {
            "executable" : "bin64/m_gen_lattice.exe",
            "Run Directory" : "C:/Users/billzhang/Desktop/I3C_XO5/I3C_XO5/impl_1",
            "Run State" : "Complete",
            "Return Code" : "1",
            "Run Success" : "yes",
            "Run Start Time" : "14:33:58",
            "Run Time" : "05m:58s",
            "Exe Run Time" : "05m:58s",
            "max_parallel_jobs" : "4",
            "Memory Usage" : "-",
            "Up-to-date (run skipped)" : "no"
         }
      }
   }
}
}