--- Lattice Radiant Software (64-bit) 2025.2.0.48.0
--- Copyright (C) 1992-2025 Lattice Semiconductor Corporation.
--- All Rights Reserved.
--- Lattice Radiant Software install path: C:/lscc/radiant/2025.2
--- Date    : 17:53:16 03/14/26
--- UserName: billzhang
--- HostName: TE9Bill397
--- RunDir  : C:\Users\billzhang\Desktop\I3C_XO5\I3C_XO5
--- PID     : 26900
--- TclFile : C:\Users\billzhang\AppData\Roaming\LatticeSemi\DiamondNG\tcl\radiantc.tcl.26900
--- LogFile : C:\Users\billzhang\AppData\Roaming\LatticeSemi\DiamondNG\tcl\radiantc.log.26900
--------------------------------------------------------------------------------

>>> BITGEN...
Loading I3C_XO5_impl_1.udb ...
Loading device for application GENERIC from file 'jd5f25.nph' in environment: C:/lscc/radiant/2025.2/ispfpga.
Package Status:                     Final          Version 8.
Performance Hardware Data Status:   Final          Version 1.8.



Design:  I3C_XO5
Family:  LFMXO5
Device:  LFMXO5-25
Package: BBG400
Performance Grade:   9_High-Performance_1.0V

Constraint Summary
   Total number of constraints: 69
   Total number of constraints dropped: 0

Successfully loading design udb and device data from disks and to up-layer in CPU time: 5 secs , REAL time: 6 secs 



BITGEN: Bitstream Generator Radiant Software (64-bit) 2025.2.0.48.0
Copyright (c) 1991-1994 by NeoCAD Inc. All rights reserved.
Copyright (c) 1995 AT&T Corp.   All rights reserved.
Copyright (c) 1995-2001 Lucent Technologies Inc.  All rights reserved.
Copyright (c) 2001 Agere Systems   All rights reserved.
Copyright (c) 2002-2025 Lattice Semiconductor Corporation,  All rights reserved.


Running DRC.
DRC detected 0 errors and 0 warnings.

Preference Summary:
+---------------------------------+---------------------------------+
|  Preference                     |  Current Setting                |
+---------------------------------+---------------------------------+
|                        DONE_EX  |                           OFF*  |
+---------------------------------+---------------------------------+
|                        DONE_OD  |                            ON*  |
+---------------------------------+---------------------------------+
|                  CONFIG_SECURE  |                           OFF*  |
+---------------------------------+---------------------------------+
|               EARLY_IO_RELEASE  |                           OFF*  |
+---------------------------------+---------------------------------+
|                  REGISTER_INIT  |                           ON**  |
+---------------------------------+---------------------------------+
|                 SLAVE_SPI_PORT  |                      DISABLE**  |
+---------------------------------+---------------------------------+
|                 SLAVE_I2C_PORT  |                      DISABLE**  |
+---------------------------------+---------------------------------+
|                 SLAVE_I3C_PORT  |                      DISABLE**  |
+---------------------------------+---------------------------------+
|                      JTAG_PORT  |                       ENABLE**  |
+---------------------------------+---------------------------------+
|                      DONE_PORT  |                       ENABLE**  |
+---------------------------------+---------------------------------+
|                     INITN_PORT  |                       ENABLE**  |
+---------------------------------+---------------------------------+
|                  PROGRAMN_PORT  |                       ENABLE**  |
+---------------------------------+---------------------------------+
|                        TRANSFR  |                           OFF*  |
+---------------------------------+---------------------------------+
|                COMPRESS_CONFIG  |                           OFF*  |
+---------------------------------+---------------------------------+
|            BACKGROUND_RECONFIG  |                           OFF*  |
+---------------------------------+---------------------------------+
|                  CONFIG_IOSLEW  |                          SLOW*  |
+---------------------------------+---------------------------------+
|                        WAKE_UP  |              ENABLE_DONE_SYNC*  |
+---------------------------------+---------------------------------+
|                       BOOTMODE  |                          DUAL*  |
+---------------------------------+---------------------------------+
|         CONFIGIO_VOLTAGE_BANK1  |                 NOT_SPECIFIED*  |
+---------------------------------+---------------------------------+
|                 FLASH_CLK_FREQ  |                           3.5*  |
+---------------------------------+---------------------------------+
|    FLASH_PREAMBLE_TIMER_CYCLES  |                        600000*  |
+---------------------------------+---------------------------------+
|         CONFIGIO_VOLTAGE_BANK2  |                 NOT_SPECIFIED*  |
+---------------------------------+---------------------------------+
|                   PRIMARY_BOOT  |                       IMAGE_0*  |
+---------------------------------+---------------------------------+
|                 SECONDARY_BOOT  |                          NONE*  |
+---------------------------------+---------------------------------+
|                  CONFIGURATION  |                           CFG*  |
+---------------------------------+---------------------------------+
|       CUR_DESIGN_BOOT_LOCATION  |                       IMAGE_0*  |
+---------------------------------+---------------------------------+
 *  Default setting.
 ** The specified setting matches the default setting.


Creating bit map...
 
Bitstream Status: Final           Version 2.1.
 
Saving bit stream in "C:/Users/billzhang/Desktop/I3C_XO5/I3C_XO5/impl_1/I3C_XO5_impl_1.bit".
Bitstream generation complete!

Note: Found debugger inserted in the design

Total CPU Time: 20 secs 
Total REAL Time: 21 secs 
Peak Memory Usage: 730 MB

**** CMD bit_generate - CPU/Elapsed: 0 secs / 27 secs , MEM/Increased: 63.832 Mb/ 0.111 Mb, DATE: 17:53:43 03/14/26
>>> BITGEN completed.
Thank you for using Radiant. Total CPU/Elapsed time: 0 secs /27 secs 
