--- Lattice Radiant Software (64-bit) 2025.2.0.48.0
--- Copyright (C) 1992-2025 Lattice Semiconductor Corporation.
--- All Rights Reserved.
--- Lattice Radiant Software install path: C:/lscc/radiant/2025.2
--- Date    : 22:17:52 03/14/26
--- UserName: billzhang
--- HostName: TE9Bill397
--- RunDir  : C:\Users\billzhang\Desktop\I3C_XO5\I3C_XO5
--- PID     : 39940
--- TclFile : C:\Users\billzhang\AppData\Roaming\LatticeSemi\DiamondNG\tcl\radiantc.tcl.39940
--- LogFile : C:\Users\billzhang\AppData\Roaming\LatticeSemi\DiamondNG\tcl\radiantc.log.39940
--------------------------------------------------------------------------------

>>> PAR...

PAR: Place And Route Radiant Software (64-bit) 2025.2.0.48.0.
PARed on: Sat Mar 14 22:17:53 2026

Command Line: par -w -t 1 -cores 1 -hsp m -exp parPathBased=ON \
	I3C_XO5_impl_1_map.udb I3C_XO5_impl_1_par.dir/5_1.udb 

Loading I3C_XO5_impl_1_map.udb ...
Loading device for application GENERIC from file 'jd5f25.nph' in environment: C:/lscc/radiant/2025.2/ispfpga.
Package Status:                     Final          Version 8.
Performance Hardware Data Status:   Final          Version 1.8.



Design:  I3C_XO5
Family:  LFMXO5
Device:  LFMXO5-25
Package: BBG400
Performance Grade:   9_High-Performance_1.0V

Constraint Summary
   Total number of constraints: 70
   Total number of constraints dropped: 0

	sig16414 : i3c_s_inst.lscc_i3c_target_inst.u_i3c_tgt.u_i3c_tgt_main.scl_reg_sdan.CN is a tiny
	sig16414 : i3c_s_inst.lscc_i3c_target_inst.u_i3c_tgt.u_i3c_tgt_main.scl_reg_sdan.CN is a tiny

Device SLICE utilization summary after final SLICE packing:
   SLICE           9280/11520        80% used

	sig16414 : i3c_s_inst.lscc_i3c_target_inst.u_i3c_tgt.u_i3c_tgt_main.scl_reg_sdan.CN is a tiny
Clock not defined for CDC_Register i3c_s_inst.lscc_i3c_target_inst.u_i3c_tgt.gen_fifo_target.u_tx_fifo.gen_pmi.gen_async.u_fifo.u_fifo0.fifo_dc0._FABRIC.u_fifo..wp_sync1_r[0].ff_inst
Clock not defined for CDC_Register i3c_s_inst.lscc_i3c_target_inst.u_i3c_tgt.gen_fifo_target.u_tx_fifo.gen_pmi.gen_async.u_fifo.u_fifo0.fifo_dc0._FABRIC.u_fifo..wp_sync1_r[1].ff_inst
Clock not defined for CDC_Register i3c_s_inst.lscc_i3c_target_inst.u_i3c_tgt.gen_fifo_target.u_tx_fifo.gen_pmi.gen_async.u_fifo.u_fifo0.fifo_dc0._FABRIC.u_fifo..wp_sync1_r[2].ff_inst
Clock not defined for CDC_Register i3c_s_inst.lscc_i3c_target_inst.u_i3c_tgt.gen_fifo_target.u_tx_fifo.gen_pmi.gen_async.u_fifo.u_fifo0.fifo_dc0._FABRIC.u_fifo..wp_sync1_r[3].ff_inst
Clock not defined for CDC_Register i3c_s_inst.lscc_i3c_target_inst.u_i3c_tgt.gen_fifo_target.u_tx_fifo.gen_pmi.gen_async.u_fifo.u_fifo0.fifo_dc0._FABRIC.u_fifo..wp_sync1_r[4].ff_inst
Clock not defined for CDC_Register i3c_s_inst.lscc_i3c_target_inst.u_i3c_tgt.gen_fifo_target.u_tx_fifo.gen_pmi.gen_async.u_fifo.u_fifo0.fifo_dc0._FABRIC.u_fifo..wp_sync1_r[5].ff_inst
Clock not defined for CDC_Register i3c_s_inst.lscc_i3c_target_inst.u_i3c_tgt.gen_fifo_target.u_tx_fifo.gen_pmi.gen_async.u_fifo.u_fifo0.fifo_dc0._FABRIC.u_fifo..wp_sync1_r[6].ff_inst
Clock not defined for CDC_Register i3c_s_inst.lscc_i3c_target_inst.u_i3c_tgt.gen_fifo_target.u_tx_fifo.gen_pmi.gen_async.u_fifo.u_fifo0.fifo_dc0._FABRIC.u_fifo..wp_sync1_r[7].ff_inst
Clock not defined for CDC_Register i3c_s_inst.lscc_i3c_target_inst.u_i3c_tgt.gen_fifo_target.u_tx_fifo.gen_pmi.gen_async.u_fifo.u_fifo0.fifo_dc0._FABRIC.u_fifo..wp_sync1_r[8].ff_inst
Clock not defined for CDC_Register i3c_s_inst.lscc_i3c_target_inst.u_i3c_tgt.gen_fifo_target.u_tx_fifo.gen_pmi.gen_async.u_fifo.u_fifo0.fifo_dc0._FABRIC.u_fifo..wp_sync1_r[9].ff_inst
    <postMsg mid="70001951" type="Info" dynamic="1" navigation="0" arg0="For a group of CDC paths"  />
    <postMsg mid="70001951" type="Info" dynamic="1" navigation="0" arg0="For a group of CDC paths"  />
Number of Signals: 26759
Number of Connections: 81512
Device utilization summary:

   VHI                   1/1           100% used
   SIOLOGIC              9/306           3% used
   DCC                   1/62            2% used
   EBR                  74/80           93% used
   MULT9                12/40           30% used
   MULT18                6/20           30% used
   MULT18X36             2/10           20% used
   REG18                10/40           25% used
   PREADD9              12/40           30% used
   SEIO33               22/299           7% used
                        22/251           8% bonded
   OSC                   1/1           100% used
   PLL                   1/2            50% used
   CONFIG_JTAG           1/1           100% used
   SLICE              9280/11520        81% used
     LUT             16999/23040        74% used
     REG              5718/23040        25% used


Pin Constraint Summary:
   18 out of 22 pins locked (81% locked).
    <postMsg mid="77001033" type="Warning" dynamic="1" navigation="0" arg0="s0_sda_io"  />
    <postMsg mid="77001033" type="Warning" dynamic="1" navigation="0" arg0="s0_sda_io"  />
    <postMsg mid="77001033" type="Warning" dynamic="1" navigation="0" arg0="s0_sda_io"  />
    <postMsg mid="77001033" type="Warning" dynamic="1" navigation="0" arg0="s0_sda_io"  />
    <postMsg mid="77001033" type="Warning" dynamic="1" navigation="0" arg0="s0_sda_io"  />
    <postMsg mid="77001033" type="Warning" dynamic="1" navigation="0" arg0="s0_sda_io"  />
INFO: signal 'reveal_jtck' driving mixed DCC load types requires multi-feedlines.

INFO: signal 'reveal_jtck' driving mixed DCC load types requires multi-feedlines.
Starting Placer Phase 0 (HIER). CPU time: 42 secs , REAL time: 43 secs 
...........
Finished Placer Phase 0 (HIER). CPU time: 50 secs , REAL time: 51 secs 


.   
Starting Placer Phase 1. CPU time: 51 secs , REAL time: 52 secs 
..  ..
...................

Placer score = 6040479.
Finished Placer Phase 1. CPU time: 2 mins 47 secs , REAL time: 2 mins 51 secs 

Starting Placer Phase 2.
.

Placer score =  5881565
Finished Placer Phase 2.  CPU time: 2 mins 55 secs , REAL time: 2 mins 59 secs 


------------------ Clock Report ------------------

Global Clock Resources:
  CLK_PIN    : 0 out of 26 (0%)
  PLL        : 1 out of 2 (50%)
  DCS        : 0 out of 1 (0%)
  DCC        : 1 out of 62 (1%)
  ECLKDIV    : 0 out of 8 (0%)
  PCLKDIV    : 0 out of 1 (0%)
  OSC        : 1 out of 1 (100%)

Global Clocks:
  PRIMARY "osc0_inst_hf_clk_out_o_net" from HFCLKOUT on comp "osc0_inst.lscc_osc_inst.gen_osca.u_OSC_A.OSCA_inst" on site "OSC_CORE_R1C59", clk load = 1, ce load = 0, sr load = 0
  PRIMARY "pll0_inst_clkop_o_net" from CLKOP on comp "pll0_inst.lscc_pll_inst.gen_no_refclk_mon.u_PLL.PLL_inst" on PLL site "PLL_ULC", clk load = 2484, ce load = 0, sr load = 0
  PRIMARY "pll0_inst_clkos_o_net" from CLKOS on comp "pll0_inst.lscc_pll_inst.gen_no_refclk_mon.u_PLL.PLL_inst" on PLL site "PLL_ULC", clk load = 993, ce load = 0, sr load = 0
  PRIMARY "reveal_jtck" from JTCK on comp "reveal_jtaghub_inst.jtagg_u" on site "TCONFIG_JTAG_CORE38", clk load = 356, ce load = 0, sr load = 0
  PRIMARY "risc_mc_inst_system_resetn_o_net" from Q0 on comp "risc_mc_inst.riscvsmall_inst.IegipgLm0eCEp78dJxLEA32GwCvfopth2wrqKa9hg92fID.IdmsCC83jqGag9CKFl9b1a3AFBjxqdlgK.ff_inst" on site "R29C25A", clk load = 0, ce load = 0, sr load = 863
  PRIMARY "reveal_jrstn" from JRSTN on comp "reveal_jtaghub_inst.jtagg_u" on site "TCONFIG_JTAG_CORE38", clk load = 0, ce load = 0, sr load = 309
  PRIMARY DCC "risc_mc_inst.riscvsmall_inst.IegipgLm0eCEp78dJxLEA32GwCvfopth2wrqKa9hg92fID.NbbICH" from comp "risc_mc_inst.riscvsmall_inst.IegipgLm0eCEp78dJxLEA32GwCvfopth2wrqKa9hg92fID.IbCuo3aEvk5cF25j4DHzkJGG2F.IdqGsypwClcz6hDCCLE3CCLcxw" on DCC site "DCC_T0", total # of clk loads = 44
     - DCC input "reveal_jtck" from JTCK on comp "reveal_jtaghub_inst.jtagg_u" on site "TCONFIG_JTAG_CORE38"

  PRIMARY  : 7 out of 16 (43%)

Edge Clocks:

  No edge clock selected.


--------------- End of Clock Report ---------------


I/O Usage Summary (final):
   22 out of 299 (7.4%) SEIO33 sites used.
   22 out of 251 (8.8%) bonded SEIO33 sites used.
   Number of SEIO33 components: 22; differential: 0
   Number of Vref pins used: 0
   0 out of 48 (0.0%) SEIO18 sites used.
   0 out of 48 (0.0%) bonded SEIO18 sites used.
   Number of SEIO18 components: 0; differential: 0
   0 out of 24 (0.0%) DIFFIO18 sites used.
   0 out of 24 (0.0%) bonded DIFFIO18 sites used.
   Number of DIFFIO18 components: 0; differential: 0

I/O Bank Usage Summary:
+----------+---------------+------------+------------+------------+
| I/O Bank | Usage         | Bank Vccio | Bank Vref1 | Bank Vref2 |
+----------+---------------+------------+------------+------------+
| 0        | 4 / 40 ( 10%) | 1.8V       | -          | -          |
| 1        | 8 / 36 ( 22%) | 3.3V       | -          | -          |
| 2        | 5 / 31 ( 16%) | 3.3V       | -          | -          |
| 3        | 0 / 32 (  0%) | -          | -          | -          |
| 4        | 0 / 24 (  0%) | -          | -          | -          |
| 5        | 0 / 24 (  0%) | -          | -          | -          |
| 6        | 0 / 24 (  0%) | -          | -          | -          |
| 7        | 1 / 24 (  4%) | 3.3V       | -          | -          |
| 8        | 4 / 32 ( 12%) | 3.3V       | -          | -          |
| 9        | 0 / 32 (  0%) | -          | -          | -          |
+----------+---------------+------------+------------+------------+

Total Placer CPU time: 2 mins 56 secs , REAL time: 3 mins 1 secs 


Checksum -- place: e9dfeaa8f7c79f71341429892ca94800bc884434
Writing design to file I3C_XO5_impl_1_par.dir/5_1.udb ...


Start NBR router at 22:21:04 03/14/26

*****************************************************************
Info: NBR allows conflicts(one node used by more than one signal)
      in the earlier iterations. In each iteration, it tries to  
      solve the conflicts while keeping the critical connections 
      routed as short as possible. The routing process is said to
      be completed when no conflicts exist and all connections   
      are routed.                                                
Note: NBR uses a different method to calculate timing slacks. The
      worst slack and total negative slack may not be the same as
      that in timing report. You should always run the timing    
      tool to verify your design.                                
*****************************************************************

Starting routing resource preassignment
Preassignment Summary:
--------------------------------------------------------------------------------
3282 connections routed with dedicated routing resources
7 global clock signals routed
1 connections routed using general routing resources
16116 connections routed (of 81512 total) (19.77%)
---------------------------------------------------------
Clock routing summary:
Primary clocks (14 used out of 32 available):
    Signal "reveal_jrstn" (14, 30)
       Control loads: 309   out of   309 routed (100.00%)
       Data    loads: 0     out of     2 routed (  0.00%)
    Signal "reveal_jtck" (5, 21)
       Clock   loads: 356   out of   356 routed (100.00%)
       Data    loads: 1     out of     1 routed (100.00%)
    Signal "pll0_inst_clkop_o_net" (7, 23)
       Clock   loads: 2484  out of  2484 routed (100.00%)
    Signal "risc_mc_inst_system_resetn_o_net" (0, 16)
       Control loads: 863   out of   863 routed (100.00%)
       Data    loads: 0     out of     1 routed (  0.00%)
    Signal "pll0_inst_clkos_o_net" (2, 18)
       Clock   loads: 993   out of   993 routed (100.00%)
    Signal "osc0_inst_hf_clk_out_o_net" (3, 19)
       Clock   loads: 1     out of     1 routed (100.00%)
    Signal "risc_mc_inst.riscvsmall_inst.IegipgLm0eCEp78dJxLEA32GwCvfopth2wrqKa9hg92fID.NbbICH" (4, 20)
       Clock   loads: 44    out of    44 routed (100.00%)
Other clocks:
    Signal "reveal_ist_35"
       Clock   loads: 0     out of    11 routed (  0.00%)
       Data    loads: 0     out of    42 routed (  0.00%)
    Signal "reveal_ist_32"
       Clock   loads: 0     out of   204 routed (  0.00%)
       Control loads: 0     out of     5 routed (  0.00%)
       Data    loads: 0     out of    10 routed (  0.00%)
    Signal "pll0_inst.lscc_pll_inst.intclkop_w"
       Clock   loads: 1     out of     1 routed (100.00%)
---------------------------------------------------------
--------------------------------------------------------------------------------
Completed routing resource preassignment
Mixed mode activated
Clock not defined for CDC_Register i3c_s_inst.lscc_i3c_target_inst.u_i3c_tgt.gen_fifo_target.u_tx_fifo.gen_pmi.gen_async.u_fifo.u_fifo0.fifo_dc0._FABRIC.u_fifo..wp_sync1_r[0].ff_inst
Clock not defined for CDC_Register i3c_s_inst.lscc_i3c_target_inst.u_i3c_tgt.gen_fifo_target.u_tx_fifo.gen_pmi.gen_async.u_fifo.u_fifo0.fifo_dc0._FABRIC.u_fifo..wp_sync1_r[1].ff_inst
Clock not defined for CDC_Register i3c_s_inst.lscc_i3c_target_inst.u_i3c_tgt.gen_fifo_target.u_tx_fifo.gen_pmi.gen_async.u_fifo.u_fifo0.fifo_dc0._FABRIC.u_fifo..wp_sync1_r[2].ff_inst
Clock not defined for CDC_Register i3c_s_inst.lscc_i3c_target_inst.u_i3c_tgt.gen_fifo_target.u_tx_fifo.gen_pmi.gen_async.u_fifo.u_fifo0.fifo_dc0._FABRIC.u_fifo..wp_sync1_r[3].ff_inst
Clock not defined for CDC_Register i3c_s_inst.lscc_i3c_target_inst.u_i3c_tgt.gen_fifo_target.u_tx_fifo.gen_pmi.gen_async.u_fifo.u_fifo0.fifo_dc0._FABRIC.u_fifo..wp_sync1_r[4].ff_inst
Clock not defined for CDC_Register i3c_s_inst.lscc_i3c_target_inst.u_i3c_tgt.gen_fifo_target.u_tx_fifo.gen_pmi.gen_async.u_fifo.u_fifo0.fifo_dc0._FABRIC.u_fifo..wp_sync1_r[5].ff_inst
Clock not defined for CDC_Register i3c_s_inst.lscc_i3c_target_inst.u_i3c_tgt.gen_fifo_target.u_tx_fifo.gen_pmi.gen_async.u_fifo.u_fifo0.fifo_dc0._FABRIC.u_fifo..wp_sync1_r[6].ff_inst
Clock not defined for CDC_Register i3c_s_inst.lscc_i3c_target_inst.u_i3c_tgt.gen_fifo_target.u_tx_fifo.gen_pmi.gen_async.u_fifo.u_fifo0.fifo_dc0._FABRIC.u_fifo..wp_sync1_r[7].ff_inst
Clock not defined for CDC_Register i3c_s_inst.lscc_i3c_target_inst.u_i3c_tgt.gen_fifo_target.u_tx_fifo.gen_pmi.gen_async.u_fifo.u_fifo0.fifo_dc0._FABRIC.u_fifo..wp_sync1_r[8].ff_inst
Clock not defined for CDC_Register i3c_s_inst.lscc_i3c_target_inst.u_i3c_tgt.gen_fifo_target.u_tx_fifo.gen_pmi.gen_async.u_fifo.u_fifo0.fifo_dc0._FABRIC.u_fifo..wp_sync1_r[9].ff_inst
    <postMsg mid="70001951" type="Info" dynamic="1" navigation="0" arg0="For a group of CDC paths"  />
    <postMsg mid="70001951" type="Info" dynamic="1" navigation="0" arg0="For a group of CDC paths"  />
    TimerIf::skewscore 0
+++++++++++++++++++++++++++++++++++++++++++++++++++++++++++++++++++
Routing in Serial Mode ......
+++++++++++++++++++++++++++++++++++++++++++++++++++++++++++++++++++

Start NBR section for maxskew routing at 22:21:34 03/14/26
Level 4, iteration 1
0(0.00%) conflict; 65378(80.21%) untouched conns; 8227 (nbr) score; 
Estimated worst slack/total negative slack<setup>: -0.308ns/-8.228ns; real time: 34 secs 
Level 4, iteration 2
0(0.00%) conflict; 65378(80.21%) untouched conns; 8227 (nbr) score; 
Estimated worst slack/total negative slack<setup>: -0.308ns/-8.228ns; real time: 34 secs 
Level 4, iteration 3
0(0.00%) conflict; 65378(80.21%) untouched conns; 8227 (nbr) score; 
Estimated worst slack/total negative slack<setup>: -0.308ns/-8.228ns; real time: 34 secs 
Level 4, iteration 4
0(0.00%) conflict; 65378(80.21%) untouched conns; 8227 (nbr) score; 
Estimated worst slack/total negative slack<setup>: -0.308ns/-8.228ns; real time: 34 secs 
Level 4, iteration 5
0(0.00%) conflict; 65378(80.21%) untouched conns; 8227 (nbr) score; 
Estimated worst slack/total negative slack<setup>: -0.308ns/-8.228ns; real time: 34 secs 
Level 4, iteration 6
0(0.00%) conflict; 65378(80.21%) untouched conns; 8227 (nbr) score; 
Estimated worst slack/total negative slack<setup>: -0.308ns/-8.228ns; real time: 34 secs 
Level 4, iteration 7
0(0.00%) conflict; 65378(80.21%) untouched conns; 8227 (nbr) score; 
Estimated worst slack/total negative slack<setup>: -0.308ns/-8.228ns; real time: 34 secs 

Start NBR section for initial routing at 22:21:36 03/14/26
Level 4, iteration 1
16254(1.30%) conflicts; 0(0.00%) untouched conn; 0 (nbr) score; 
Estimated worst slack/total negative slack<setup>: 1.433ns/0.000ns; real time: 1 mins 14 secs 

Info: Initial congestion level at 75.00% usage is 0
Info: Initial congestion area  at 75.00% usage is 9 (0.27%)

Start NBR section for normal routing at 22:22:17 03/14/26
Level 4, iteration 1
13368(1.07%) conflicts; 0(0.00%) untouched conn; 0 (nbr) score; 
Estimated worst slack/total negative slack<setup>: 1.634ns/0.000ns; real time: 1 mins 33 secs 
Level 4, iteration 2
6668(0.53%) conflicts; 0(0.00%) untouched conn; 0 (nbr) score; 
Estimated worst slack/total negative slack<setup>: 1.636ns/0.000ns; real time: 1 mins 50 secs 
Level 4, iteration 3
3923(0.31%) conflicts; 0(0.00%) untouched conn; 0 (nbr) score; 
Estimated worst slack/total negative slack<setup>: 1.634ns/0.000ns; real time: 2 mins 3 secs 
Level 4, iteration 4
2585(0.21%) conflicts; 0(0.00%) untouched conn; 0 (nbr) score; 
Estimated worst slack/total negative slack<setup>: 1.634ns/0.000ns; real time: 2 mins 12 secs 
Level 4, iteration 5
1805(0.14%) conflicts; 0(0.00%) untouched conn; 0 (nbr) score; 
Estimated worst slack/total negative slack<setup>: 1.634ns/0.000ns; real time: 2 mins 18 secs 
Level 4, iteration 6
1220(0.10%) conflicts; 0(0.00%) untouched conn; 0 (nbr) score; 
Estimated worst slack/total negative slack<setup>: 1.625ns/0.000ns; real time: 2 mins 25 secs 
Level 4, iteration 7
940(0.08%) conflicts; 0(0.00%) untouched conn; 0 (nbr) score; 
Estimated worst slack/total negative slack<setup>: 1.625ns/0.000ns; real time: 2 mins 29 secs 
Level 4, iteration 8
570(0.05%) conflicts; 0(0.00%) untouched conn; 0 (nbr) score; 
Estimated worst slack/total negative slack<setup>: 1.618ns/0.000ns; real time: 2 mins 34 secs 
Level 4, iteration 9
505(0.04%) conflicts; 0(0.00%) untouched conn; 0 (nbr) score; 
Estimated worst slack/total negative slack<setup>: 1.618ns/0.000ns; real time: 2 mins 41 secs 
Level 4, iteration 10
343(0.03%) conflicts; 0(0.00%) untouched conn; 0 (nbr) score; 
Estimated worst slack/total negative slack<setup>: 1.618ns/0.000ns; real time: 2 mins 49 secs 
Level 4, iteration 11
172(0.01%) conflicts; 0(0.00%) untouched conn; 0 (nbr) score; 
Estimated worst slack/total negative slack<setup>: 1.618ns/0.000ns; real time: 2 mins 52 secs 
Level 4, iteration 12
78(0.01%) conflicts; 0(0.00%) untouched conn; 0 (nbr) score; 
Estimated worst slack/total negative slack<setup>: 1.618ns/0.000ns; real time: 2 mins 56 secs 
Level 4, iteration 13
44(0.00%) conflicts; 0(0.00%) untouched conn; 0 (nbr) score; 
Estimated worst slack/total negative slack<setup>: 1.618ns/0.000ns; real time: 2 mins 58 secs 
Level 4, iteration 14
34(0.00%) conflicts; 0(0.00%) untouched conn; 0 (nbr) score; 
Estimated worst slack/total negative slack<setup>: 1.618ns/0.000ns; real time: 3 mins 1 secs 
Level 4, iteration 15
23(0.00%) conflicts; 0(0.00%) untouched conn; 0 (nbr) score; 
Estimated worst slack/total negative slack<setup>: 1.618ns/0.000ns; real time: 3 mins 2 secs 
Level 4, iteration 16
19(0.00%) conflicts; 0(0.00%) untouched conn; 0 (nbr) score; 
Estimated worst slack/total negative slack<setup>: 1.618ns/0.000ns; real time: 3 mins 5 secs 
Level 4, iteration 17
11(0.00%) conflicts; 0(0.00%) untouched conn; 0 (nbr) score; 
Estimated worst slack/total negative slack<setup>: 1.618ns/0.000ns; real time: 3 mins 6 secs 
Level 4, iteration 18
7(0.00%) conflicts; 0(0.00%) untouched conn; 0 (nbr) score; 
Estimated worst slack/total negative slack<setup>: 1.618ns/0.000ns; real time: 3 mins 9 secs 
Level 4, iteration 19
3(0.00%) conflicts; 0(0.00%) untouched conn; 0 (nbr) score; 
Estimated worst slack/total negative slack<setup>: 1.618ns/0.000ns; real time: 3 mins 9 secs 
Level 4, iteration 20
1(0.00%) conflict; 0(0.00%) untouched conn; 0 (nbr) score; 
Estimated worst slack/total negative slack<setup>: 1.618ns/0.000ns; real time: 3 mins 11 secs 
Level 4, iteration 21
1(0.00%) conflict; 0(0.00%) untouched conn; 0 (nbr) score; 
Estimated worst slack/total negative slack<setup>: 1.618ns/0.000ns; real time: 3 mins 12 secs 
Level 4, iteration 22
2(0.00%) conflicts; 0(0.00%) untouched conn; 0 (nbr) score; 
Estimated worst slack/total negative slack<setup>: 1.618ns/0.000ns; real time: 3 mins 14 secs 
Level 4, iteration 23
1(0.00%) conflict; 0(0.00%) untouched conn; 0 (nbr) score; 
Estimated worst slack/total negative slack<setup>: 1.618ns/0.000ns; real time: 3 mins 15 secs 
Level 4, iteration 24
0(0.00%) conflict; 0(0.00%) untouched conn; 0 (nbr) score; 
Estimated worst slack/total negative slack<setup>: 1.618ns/0.000ns; real time: 3 mins 17 secs 

Start NBR section for setup/hold timing optimization with effort level 3 at 22:24:19 03/14/26
Changing speed to m;   changing temperature to 0
Clock not defined for CDC_Register i3c_s_inst.lscc_i3c_target_inst.u_i3c_tgt.gen_fifo_target.u_tx_fifo.gen_pmi.gen_async.u_fifo.u_fifo0.fifo_dc0._FABRIC.u_fifo..wp_sync1_r[0].ff_inst
Clock not defined for CDC_Register i3c_s_inst.lscc_i3c_target_inst.u_i3c_tgt.gen_fifo_target.u_tx_fifo.gen_pmi.gen_async.u_fifo.u_fifo0.fifo_dc0._FABRIC.u_fifo..wp_sync1_r[1].ff_inst
Clock not defined for CDC_Register i3c_s_inst.lscc_i3c_target_inst.u_i3c_tgt.gen_fifo_target.u_tx_fifo.gen_pmi.gen_async.u_fifo.u_fifo0.fifo_dc0._FABRIC.u_fifo..wp_sync1_r[2].ff_inst
Clock not defined for CDC_Register i3c_s_inst.lscc_i3c_target_inst.u_i3c_tgt.gen_fifo_target.u_tx_fifo.gen_pmi.gen_async.u_fifo.u_fifo0.fifo_dc0._FABRIC.u_fifo..wp_sync1_r[3].ff_inst
Clock not defined for CDC_Register i3c_s_inst.lscc_i3c_target_inst.u_i3c_tgt.gen_fifo_target.u_tx_fifo.gen_pmi.gen_async.u_fifo.u_fifo0.fifo_dc0._FABRIC.u_fifo..wp_sync1_r[4].ff_inst
Clock not defined for CDC_Register i3c_s_inst.lscc_i3c_target_inst.u_i3c_tgt.gen_fifo_target.u_tx_fifo.gen_pmi.gen_async.u_fifo.u_fifo0.fifo_dc0._FABRIC.u_fifo..wp_sync1_r[5].ff_inst
Clock not defined for CDC_Register i3c_s_inst.lscc_i3c_target_inst.u_i3c_tgt.gen_fifo_target.u_tx_fifo.gen_pmi.gen_async.u_fifo.u_fifo0.fifo_dc0._FABRIC.u_fifo..wp_sync1_r[6].ff_inst
Clock not defined for CDC_Register i3c_s_inst.lscc_i3c_target_inst.u_i3c_tgt.gen_fifo_target.u_tx_fifo.gen_pmi.gen_async.u_fifo.u_fifo0.fifo_dc0._FABRIC.u_fifo..wp_sync1_r[7].ff_inst
Clock not defined for CDC_Register i3c_s_inst.lscc_i3c_target_inst.u_i3c_tgt.gen_fifo_target.u_tx_fifo.gen_pmi.gen_async.u_fifo.u_fifo0.fifo_dc0._FABRIC.u_fifo..wp_sync1_r[8].ff_inst
Clock not defined for CDC_Register i3c_s_inst.lscc_i3c_target_inst.u_i3c_tgt.gen_fifo_target.u_tx_fifo.gen_pmi.gen_async.u_fifo.u_fifo0.fifo_dc0._FABRIC.u_fifo..wp_sync1_r[9].ff_inst
Changing speed to 12;   changing temperature to 85
Clock not defined for CDC_Register i3c_s_inst.lscc_i3c_target_inst.u_i3c_tgt.gen_fifo_target.u_tx_fifo.gen_pmi.gen_async.u_fifo.u_fifo0.fifo_dc0._FABRIC.u_fifo..wp_sync1_r[0].ff_inst
Clock not defined for CDC_Register i3c_s_inst.lscc_i3c_target_inst.u_i3c_tgt.gen_fifo_target.u_tx_fifo.gen_pmi.gen_async.u_fifo.u_fifo0.fifo_dc0._FABRIC.u_fifo..wp_sync1_r[1].ff_inst
Clock not defined for CDC_Register i3c_s_inst.lscc_i3c_target_inst.u_i3c_tgt.gen_fifo_target.u_tx_fifo.gen_pmi.gen_async.u_fifo.u_fifo0.fifo_dc0._FABRIC.u_fifo..wp_sync1_r[2].ff_inst
Clock not defined for CDC_Register i3c_s_inst.lscc_i3c_target_inst.u_i3c_tgt.gen_fifo_target.u_tx_fifo.gen_pmi.gen_async.u_fifo.u_fifo0.fifo_dc0._FABRIC.u_fifo..wp_sync1_r[3].ff_inst
Clock not defined for CDC_Register i3c_s_inst.lscc_i3c_target_inst.u_i3c_tgt.gen_fifo_target.u_tx_fifo.gen_pmi.gen_async.u_fifo.u_fifo0.fifo_dc0._FABRIC.u_fifo..wp_sync1_r[4].ff_inst
Clock not defined for CDC_Register i3c_s_inst.lscc_i3c_target_inst.u_i3c_tgt.gen_fifo_target.u_tx_fifo.gen_pmi.gen_async.u_fifo.u_fifo0.fifo_dc0._FABRIC.u_fifo..wp_sync1_r[5].ff_inst
Clock not defined for CDC_Register i3c_s_inst.lscc_i3c_target_inst.u_i3c_tgt.gen_fifo_target.u_tx_fifo.gen_pmi.gen_async.u_fifo.u_fifo0.fifo_dc0._FABRIC.u_fifo..wp_sync1_r[6].ff_inst
Clock not defined for CDC_Register i3c_s_inst.lscc_i3c_target_inst.u_i3c_tgt.gen_fifo_target.u_tx_fifo.gen_pmi.gen_async.u_fifo.u_fifo0.fifo_dc0._FABRIC.u_fifo..wp_sync1_r[7].ff_inst
Clock not defined for CDC_Register i3c_s_inst.lscc_i3c_target_inst.u_i3c_tgt.gen_fifo_target.u_tx_fifo.gen_pmi.gen_async.u_fifo.u_fifo0.fifo_dc0._FABRIC.u_fifo..wp_sync1_r[8].ff_inst
Clock not defined for CDC_Register i3c_s_inst.lscc_i3c_target_inst.u_i3c_tgt.gen_fifo_target.u_tx_fifo.gen_pmi.gen_async.u_fifo.u_fifo0.fifo_dc0._FABRIC.u_fifo..wp_sync1_r[9].ff_inst
Changing speed to m;   changing temperature to 0
Clock not defined for CDC_Register i3c_s_inst.lscc_i3c_target_inst.u_i3c_tgt.gen_fifo_target.u_tx_fifo.gen_pmi.gen_async.u_fifo.u_fifo0.fifo_dc0._FABRIC.u_fifo..wp_sync1_r[0].ff_inst
Clock not defined for CDC_Register i3c_s_inst.lscc_i3c_target_inst.u_i3c_tgt.gen_fifo_target.u_tx_fifo.gen_pmi.gen_async.u_fifo.u_fifo0.fifo_dc0._FABRIC.u_fifo..wp_sync1_r[1].ff_inst
Clock not defined for CDC_Register i3c_s_inst.lscc_i3c_target_inst.u_i3c_tgt.gen_fifo_target.u_tx_fifo.gen_pmi.gen_async.u_fifo.u_fifo0.fifo_dc0._FABRIC.u_fifo..wp_sync1_r[2].ff_inst
Clock not defined for CDC_Register i3c_s_inst.lscc_i3c_target_inst.u_i3c_tgt.gen_fifo_target.u_tx_fifo.gen_pmi.gen_async.u_fifo.u_fifo0.fifo_dc0._FABRIC.u_fifo..wp_sync1_r[3].ff_inst
Clock not defined for CDC_Register i3c_s_inst.lscc_i3c_target_inst.u_i3c_tgt.gen_fifo_target.u_tx_fifo.gen_pmi.gen_async.u_fifo.u_fifo0.fifo_dc0._FABRIC.u_fifo..wp_sync1_r[4].ff_inst
Clock not defined for CDC_Register i3c_s_inst.lscc_i3c_target_inst.u_i3c_tgt.gen_fifo_target.u_tx_fifo.gen_pmi.gen_async.u_fifo.u_fifo0.fifo_dc0._FABRIC.u_fifo..wp_sync1_r[5].ff_inst
Clock not defined for CDC_Register i3c_s_inst.lscc_i3c_target_inst.u_i3c_tgt.gen_fifo_target.u_tx_fifo.gen_pmi.gen_async.u_fifo.u_fifo0.fifo_dc0._FABRIC.u_fifo..wp_sync1_r[6].ff_inst
Clock not defined for CDC_Register i3c_s_inst.lscc_i3c_target_inst.u_i3c_tgt.gen_fifo_target.u_tx_fifo.gen_pmi.gen_async.u_fifo.u_fifo0.fifo_dc0._FABRIC.u_fifo..wp_sync1_r[7].ff_inst
Clock not defined for CDC_Register i3c_s_inst.lscc_i3c_target_inst.u_i3c_tgt.gen_fifo_target.u_tx_fifo.gen_pmi.gen_async.u_fifo.u_fifo0.fifo_dc0._FABRIC.u_fifo..wp_sync1_r[8].ff_inst
Clock not defined for CDC_Register i3c_s_inst.lscc_i3c_target_inst.u_i3c_tgt.gen_fifo_target.u_tx_fifo.gen_pmi.gen_async.u_fifo.u_fifo0.fifo_dc0._FABRIC.u_fifo..wp_sync1_r[9].ff_inst
Changing speed to m;   changing temperature to 0
Clock not defined for CDC_Register i3c_s_inst.lscc_i3c_target_inst.u_i3c_tgt.gen_fifo_target.u_tx_fifo.gen_pmi.gen_async.u_fifo.u_fifo0.fifo_dc0._FABRIC.u_fifo..wp_sync1_r[0].ff_inst
Clock not defined for CDC_Register i3c_s_inst.lscc_i3c_target_inst.u_i3c_tgt.gen_fifo_target.u_tx_fifo.gen_pmi.gen_async.u_fifo.u_fifo0.fifo_dc0._FABRIC.u_fifo..wp_sync1_r[1].ff_inst
Clock not defined for CDC_Register i3c_s_inst.lscc_i3c_target_inst.u_i3c_tgt.gen_fifo_target.u_tx_fifo.gen_pmi.gen_async.u_fifo.u_fifo0.fifo_dc0._FABRIC.u_fifo..wp_sync1_r[2].ff_inst
Clock not defined for CDC_Register i3c_s_inst.lscc_i3c_target_inst.u_i3c_tgt.gen_fifo_target.u_tx_fifo.gen_pmi.gen_async.u_fifo.u_fifo0.fifo_dc0._FABRIC.u_fifo..wp_sync1_r[3].ff_inst
Clock not defined for CDC_Register i3c_s_inst.lscc_i3c_target_inst.u_i3c_tgt.gen_fifo_target.u_tx_fifo.gen_pmi.gen_async.u_fifo.u_fifo0.fifo_dc0._FABRIC.u_fifo..wp_sync1_r[4].ff_inst
Clock not defined for CDC_Register i3c_s_inst.lscc_i3c_target_inst.u_i3c_tgt.gen_fifo_target.u_tx_fifo.gen_pmi.gen_async.u_fifo.u_fifo0.fifo_dc0._FABRIC.u_fifo..wp_sync1_r[5].ff_inst
Clock not defined for CDC_Register i3c_s_inst.lscc_i3c_target_inst.u_i3c_tgt.gen_fifo_target.u_tx_fifo.gen_pmi.gen_async.u_fifo.u_fifo0.fifo_dc0._FABRIC.u_fifo..wp_sync1_r[6].ff_inst
Clock not defined for CDC_Register i3c_s_inst.lscc_i3c_target_inst.u_i3c_tgt.gen_fifo_target.u_tx_fifo.gen_pmi.gen_async.u_fifo.u_fifo0.fifo_dc0._FABRIC.u_fifo..wp_sync1_r[7].ff_inst
Clock not defined for CDC_Register i3c_s_inst.lscc_i3c_target_inst.u_i3c_tgt.gen_fifo_target.u_tx_fifo.gen_pmi.gen_async.u_fifo.u_fifo0.fifo_dc0._FABRIC.u_fifo..wp_sync1_r[8].ff_inst
Clock not defined for CDC_Register i3c_s_inst.lscc_i3c_target_inst.u_i3c_tgt.gen_fifo_target.u_tx_fifo.gen_pmi.gen_async.u_fifo.u_fifo0.fifo_dc0._FABRIC.u_fifo..wp_sync1_r[9].ff_inst
Changing speed to m;   changing temperature to 0
Clock not defined for CDC_Register i3c_s_inst.lscc_i3c_target_inst.u_i3c_tgt.gen_fifo_target.u_tx_fifo.gen_pmi.gen_async.u_fifo.u_fifo0.fifo_dc0._FABRIC.u_fifo..wp_sync1_r[0].ff_inst
Clock not defined for CDC_Register i3c_s_inst.lscc_i3c_target_inst.u_i3c_tgt.gen_fifo_target.u_tx_fifo.gen_pmi.gen_async.u_fifo.u_fifo0.fifo_dc0._FABRIC.u_fifo..wp_sync1_r[1].ff_inst
Clock not defined for CDC_Register i3c_s_inst.lscc_i3c_target_inst.u_i3c_tgt.gen_fifo_target.u_tx_fifo.gen_pmi.gen_async.u_fifo.u_fifo0.fifo_dc0._FABRIC.u_fifo..wp_sync1_r[2].ff_inst
Clock not defined for CDC_Register i3c_s_inst.lscc_i3c_target_inst.u_i3c_tgt.gen_fifo_target.u_tx_fifo.gen_pmi.gen_async.u_fifo.u_fifo0.fifo_dc0._FABRIC.u_fifo..wp_sync1_r[3].ff_inst
Clock not defined for CDC_Register i3c_s_inst.lscc_i3c_target_inst.u_i3c_tgt.gen_fifo_target.u_tx_fifo.gen_pmi.gen_async.u_fifo.u_fifo0.fifo_dc0._FABRIC.u_fifo..wp_sync1_r[4].ff_inst
Clock not defined for CDC_Register i3c_s_inst.lscc_i3c_target_inst.u_i3c_tgt.gen_fifo_target.u_tx_fifo.gen_pmi.gen_async.u_fifo.u_fifo0.fifo_dc0._FABRIC.u_fifo..wp_sync1_r[5].ff_inst
Clock not defined for CDC_Register i3c_s_inst.lscc_i3c_target_inst.u_i3c_tgt.gen_fifo_target.u_tx_fifo.gen_pmi.gen_async.u_fifo.u_fifo0.fifo_dc0._FABRIC.u_fifo..wp_sync1_r[6].ff_inst
Clock not defined for CDC_Register i3c_s_inst.lscc_i3c_target_inst.u_i3c_tgt.gen_fifo_target.u_tx_fifo.gen_pmi.gen_async.u_fifo.u_fifo0.fifo_dc0._FABRIC.u_fifo..wp_sync1_r[7].ff_inst
Clock not defined for CDC_Register i3c_s_inst.lscc_i3c_target_inst.u_i3c_tgt.gen_fifo_target.u_tx_fifo.gen_pmi.gen_async.u_fifo.u_fifo0.fifo_dc0._FABRIC.u_fifo..wp_sync1_r[8].ff_inst
Clock not defined for CDC_Register i3c_s_inst.lscc_i3c_target_inst.u_i3c_tgt.gen_fifo_target.u_tx_fifo.gen_pmi.gen_async.u_fifo.u_fifo0.fifo_dc0._FABRIC.u_fifo..wp_sync1_r[9].ff_inst
Level 4, iteration 0
Level 4, iteration 1
0(0.00%) conflict; 0(0.00%) untouched conn; 0 (nbr) score; 
Estimated worst slack/total negative slack<hold >: 0.021ns/0.000ns; real time: 8 mins 12 secs 
Changing speed to 12;   changing temperature to 85
Clock not defined for CDC_Register i3c_s_inst.lscc_i3c_target_inst.u_i3c_tgt.gen_fifo_target.u_tx_fifo.gen_pmi.gen_async.u_fifo.u_fifo0.fifo_dc0._FABRIC.u_fifo..wp_sync1_r[0].ff_inst
Clock not defined for CDC_Register i3c_s_inst.lscc_i3c_target_inst.u_i3c_tgt.gen_fifo_target.u_tx_fifo.gen_pmi.gen_async.u_fifo.u_fifo0.fifo_dc0._FABRIC.u_fifo..wp_sync1_r[1].ff_inst
Clock not defined for CDC_Register i3c_s_inst.lscc_i3c_target_inst.u_i3c_tgt.gen_fifo_target.u_tx_fifo.gen_pmi.gen_async.u_fifo.u_fifo0.fifo_dc0._FABRIC.u_fifo..wp_sync1_r[2].ff_inst
Clock not defined for CDC_Register i3c_s_inst.lscc_i3c_target_inst.u_i3c_tgt.gen_fifo_target.u_tx_fifo.gen_pmi.gen_async.u_fifo.u_fifo0.fifo_dc0._FABRIC.u_fifo..wp_sync1_r[3].ff_inst
Clock not defined for CDC_Register i3c_s_inst.lscc_i3c_target_inst.u_i3c_tgt.gen_fifo_target.u_tx_fifo.gen_pmi.gen_async.u_fifo.u_fifo0.fifo_dc0._FABRIC.u_fifo..wp_sync1_r[4].ff_inst
Clock not defined for CDC_Register i3c_s_inst.lscc_i3c_target_inst.u_i3c_tgt.gen_fifo_target.u_tx_fifo.gen_pmi.gen_async.u_fifo.u_fifo0.fifo_dc0._FABRIC.u_fifo..wp_sync1_r[5].ff_inst
Clock not defined for CDC_Register i3c_s_inst.lscc_i3c_target_inst.u_i3c_tgt.gen_fifo_target.u_tx_fifo.gen_pmi.gen_async.u_fifo.u_fifo0.fifo_dc0._FABRIC.u_fifo..wp_sync1_r[6].ff_inst
Clock not defined for CDC_Register i3c_s_inst.lscc_i3c_target_inst.u_i3c_tgt.gen_fifo_target.u_tx_fifo.gen_pmi.gen_async.u_fifo.u_fifo0.fifo_dc0._FABRIC.u_fifo..wp_sync1_r[7].ff_inst
Clock not defined for CDC_Register i3c_s_inst.lscc_i3c_target_inst.u_i3c_tgt.gen_fifo_target.u_tx_fifo.gen_pmi.gen_async.u_fifo.u_fifo0.fifo_dc0._FABRIC.u_fifo..wp_sync1_r[8].ff_inst
Clock not defined for CDC_Register i3c_s_inst.lscc_i3c_target_inst.u_i3c_tgt.gen_fifo_target.u_tx_fifo.gen_pmi.gen_async.u_fifo.u_fifo0.fifo_dc0._FABRIC.u_fifo..wp_sync1_r[9].ff_inst
Level 4, iteration 0
0(0.00%) conflict; 0(0.00%) untouched conn; 0 (nbr) score; 
Estimated worst slack/total negative slack<setup>: 1.618ns/0.000ns; real time: 8 mins 21 secs 
Level 4, iteration 1
0(0.00%) conflict; 0(0.00%) untouched conn; 0 (nbr) score; 
Estimated worst slack/total negative slack<setup>: 1.618ns/0.000ns; real time: 8 mins 21 secs 
Changing speed to m;   changing temperature to 0
Clock not defined for CDC_Register i3c_s_inst.lscc_i3c_target_inst.u_i3c_tgt.gen_fifo_target.u_tx_fifo.gen_pmi.gen_async.u_fifo.u_fifo0.fifo_dc0._FABRIC.u_fifo..wp_sync1_r[0].ff_inst
Clock not defined for CDC_Register i3c_s_inst.lscc_i3c_target_inst.u_i3c_tgt.gen_fifo_target.u_tx_fifo.gen_pmi.gen_async.u_fifo.u_fifo0.fifo_dc0._FABRIC.u_fifo..wp_sync1_r[1].ff_inst
Clock not defined for CDC_Register i3c_s_inst.lscc_i3c_target_inst.u_i3c_tgt.gen_fifo_target.u_tx_fifo.gen_pmi.gen_async.u_fifo.u_fifo0.fifo_dc0._FABRIC.u_fifo..wp_sync1_r[2].ff_inst
Clock not defined for CDC_Register i3c_s_inst.lscc_i3c_target_inst.u_i3c_tgt.gen_fifo_target.u_tx_fifo.gen_pmi.gen_async.u_fifo.u_fifo0.fifo_dc0._FABRIC.u_fifo..wp_sync1_r[3].ff_inst
Clock not defined for CDC_Register i3c_s_inst.lscc_i3c_target_inst.u_i3c_tgt.gen_fifo_target.u_tx_fifo.gen_pmi.gen_async.u_fifo.u_fifo0.fifo_dc0._FABRIC.u_fifo..wp_sync1_r[4].ff_inst
Clock not defined for CDC_Register i3c_s_inst.lscc_i3c_target_inst.u_i3c_tgt.gen_fifo_target.u_tx_fifo.gen_pmi.gen_async.u_fifo.u_fifo0.fifo_dc0._FABRIC.u_fifo..wp_sync1_r[5].ff_inst
Clock not defined for CDC_Register i3c_s_inst.lscc_i3c_target_inst.u_i3c_tgt.gen_fifo_target.u_tx_fifo.gen_pmi.gen_async.u_fifo.u_fifo0.fifo_dc0._FABRIC.u_fifo..wp_sync1_r[6].ff_inst
Clock not defined for CDC_Register i3c_s_inst.lscc_i3c_target_inst.u_i3c_tgt.gen_fifo_target.u_tx_fifo.gen_pmi.gen_async.u_fifo.u_fifo0.fifo_dc0._FABRIC.u_fifo..wp_sync1_r[7].ff_inst
Clock not defined for CDC_Register i3c_s_inst.lscc_i3c_target_inst.u_i3c_tgt.gen_fifo_target.u_tx_fifo.gen_pmi.gen_async.u_fifo.u_fifo0.fifo_dc0._FABRIC.u_fifo..wp_sync1_r[8].ff_inst
Clock not defined for CDC_Register i3c_s_inst.lscc_i3c_target_inst.u_i3c_tgt.gen_fifo_target.u_tx_fifo.gen_pmi.gen_async.u_fifo.u_fifo0.fifo_dc0._FABRIC.u_fifo..wp_sync1_r[9].ff_inst
Changing speed to 12;   changing temperature to 85
Clock not defined for CDC_Register i3c_s_inst.lscc_i3c_target_inst.u_i3c_tgt.gen_fifo_target.u_tx_fifo.gen_pmi.gen_async.u_fifo.u_fifo0.fifo_dc0._FABRIC.u_fifo..wp_sync1_r[0].ff_inst
Clock not defined for CDC_Register i3c_s_inst.lscc_i3c_target_inst.u_i3c_tgt.gen_fifo_target.u_tx_fifo.gen_pmi.gen_async.u_fifo.u_fifo0.fifo_dc0._FABRIC.u_fifo..wp_sync1_r[1].ff_inst
Clock not defined for CDC_Register i3c_s_inst.lscc_i3c_target_inst.u_i3c_tgt.gen_fifo_target.u_tx_fifo.gen_pmi.gen_async.u_fifo.u_fifo0.fifo_dc0._FABRIC.u_fifo..wp_sync1_r[2].ff_inst
Clock not defined for CDC_Register i3c_s_inst.lscc_i3c_target_inst.u_i3c_tgt.gen_fifo_target.u_tx_fifo.gen_pmi.gen_async.u_fifo.u_fifo0.fifo_dc0._FABRIC.u_fifo..wp_sync1_r[3].ff_inst
Clock not defined for CDC_Register i3c_s_inst.lscc_i3c_target_inst.u_i3c_tgt.gen_fifo_target.u_tx_fifo.gen_pmi.gen_async.u_fifo.u_fifo0.fifo_dc0._FABRIC.u_fifo..wp_sync1_r[4].ff_inst
Clock not defined for CDC_Register i3c_s_inst.lscc_i3c_target_inst.u_i3c_tgt.gen_fifo_target.u_tx_fifo.gen_pmi.gen_async.u_fifo.u_fifo0.fifo_dc0._FABRIC.u_fifo..wp_sync1_r[5].ff_inst
Clock not defined for CDC_Register i3c_s_inst.lscc_i3c_target_inst.u_i3c_tgt.gen_fifo_target.u_tx_fifo.gen_pmi.gen_async.u_fifo.u_fifo0.fifo_dc0._FABRIC.u_fifo..wp_sync1_r[6].ff_inst
Clock not defined for CDC_Register i3c_s_inst.lscc_i3c_target_inst.u_i3c_tgt.gen_fifo_target.u_tx_fifo.gen_pmi.gen_async.u_fifo.u_fifo0.fifo_dc0._FABRIC.u_fifo..wp_sync1_r[7].ff_inst
Clock not defined for CDC_Register i3c_s_inst.lscc_i3c_target_inst.u_i3c_tgt.gen_fifo_target.u_tx_fifo.gen_pmi.gen_async.u_fifo.u_fifo0.fifo_dc0._FABRIC.u_fifo..wp_sync1_r[8].ff_inst
Clock not defined for CDC_Register i3c_s_inst.lscc_i3c_target_inst.u_i3c_tgt.gen_fifo_target.u_tx_fifo.gen_pmi.gen_async.u_fifo.u_fifo0.fifo_dc0._FABRIC.u_fifo..wp_sync1_r[9].ff_inst

Start NBR section for post-routing at 22:29:42 03/14/26
0(0.00%) conflict; 0(0.00%) untouched conn; 0 (nbr) score; 
Estimated worst slack/total negative slack<setup>: 1.618ns/0.000ns; real time: 8 mins 43 secs 

End NBR router with 0 unrouted connection(s)

Checksum -- route: 37244646219cb4fe2946e9f1a1d74a0b2a4cad5c

Total Router CPU time 8 mins 32 secs , REAL time: 8 mins 52 secs 
Completely routed.
End of route.  81512 routed (100.00%); 0 unrouted.

Writing design to file I3C_XO5_impl_1_par.dir/5_1.udb ...


PAR_SUMMARY::Run status = Completed
PAR_SUMMARY::Number of unrouted conns = 0
PAR_SUMMARY::Estimated worst slack<setup/<ns>> = 1.618
PAR_SUMMARY::Timing score<setup/<ns>> = 0.000
PAR_SUMMARY::Estimated worst slack<hold/<ns>> = 0.021
PAR_SUMMARY::Timing score<hold/<ns>> = 0.000
PAR_SUMMARY::Number of errors = 0

Note: user must run 'timing' for timing closure signoff.

Total CPU  Time: 11 mins 46 secs 
Total REAL Time: 12 mins 11 secs 
Peak Memory Usage: 1356.92 MB


par done!

Copyright (c) 1991-1994 by NeoCAD Inc. All rights reserved.
Copyright (c) 1995 AT&T Corp.   All rights reserved.
Copyright (c) 1995-2001 Lucent Technologies Inc.  All rights reserved.
Copyright (c) 2001 Agere Systems   All rights reserved.
Copyright (c) 2002-2025 Lattice Semiconductor Corporation,  All rights reserved.
**** CMD par_run - CPU/Elapsed: 0 secs / 12 mins 13 secs , MEM/Increased: 63.463 Mb/ -0.066 Mb, DATE: 22:30:05 03/14/26
>>> PAR completed.
Thank you for using Radiant. Total CPU/Elapsed time: 0 secs /12 mins 13 secs 
