[2026-03-14 17:43:54] ========== [1/14] Testing pin: C3 ==========
[2026-03-14 17:43:54] Created PDC with m0_scl_io -> C3
[2026-03-14 17:43:54]   map starting...
[2026-03-14 17:44:42]   map completed successfully.
[2026-03-14 17:44:42]   par starting...
[2026-03-14 17:52:55]   par completed successfully.
[2026-03-14 17:52:55]   bit starting...
[2026-03-14 17:53:44]   bit completed successfully.
[2026-03-14 17:53:45] Collected 28 report files
[2026-03-14 17:53:45] ========== [2/14] Testing pin: C2 ==========
[2026-03-14 17:53:45] Created PDC with m0_scl_io -> C2
[2026-03-14 17:53:45]   map starting...
[2026-03-14 17:54:26]   map completed successfully.
[2026-03-14 17:54:26]   par starting...
[2026-03-14 18:04:07]   par completed successfully.
[2026-03-14 18:04:07]   bit starting...
[2026-03-14 18:05:02]   bit completed successfully.
[2026-03-14 18:05:02] Collected 28 report files
[2026-03-14 18:05:02] ========== [3/14] Testing pin: A4 ==========
[2026-03-14 18:05:02] Created PDC with m0_scl_io -> A4
[2026-03-14 18:05:02]   map starting...
[2026-03-14 18:05:44]   map completed successfully.
[2026-03-14 18:05:44]   par starting...
[2026-03-14 21:08:12]   par completed successfully.
[2026-03-14 21:10:41]   bit starting...
[2026-03-14 21:13:47] ========== [1/12] Testing pin: A4 ==========
[2026-03-14 21:13:47] Created PDC with m0_scl_io -> A4
[2026-03-14 21:13:47]   map starting...
[2026-03-14 21:14:40]   map completed successfully.
[2026-03-14 21:14:40]   par starting...
[2026-03-14 21:25:35]   par completed successfully.
[2026-03-14 21:25:35]   bit starting...
[2026-03-14 21:26:34]   bit completed successfully.
[2026-03-14 21:26:34] Collected 28 report files
[2026-03-14 21:26:34] ========== [2/12] Testing pin: E5 ==========
[2026-03-14 21:26:35] Created PDC with m0_scl_io -> E5
[2026-03-14 21:26:35]   map starting...
[2026-03-14 21:27:24]   map completed successfully.
[2026-03-14 21:27:24]   par starting...
[2026-03-14 21:43:13]   par completed successfully.
[2026-03-14 21:43:13]   bit starting...
[2026-03-14 21:44:15]   bit completed successfully.
[2026-03-14 21:44:15] Collected 28 report files
[2026-03-14 21:44:15] ========== [3/12] Testing pin: F6 ==========
[2026-03-14 21:44:15] Created PDC with m0_scl_io -> F6
[2026-03-14 21:44:15]   map starting...
[2026-03-14 21:45:07]   map completed successfully.
[2026-03-14 21:45:07]   par starting...
[2026-03-14 21:58:22]   par completed successfully.
[2026-03-14 21:58:22]   bit starting...
[2026-03-14 21:59:45]   bit completed successfully.
[2026-03-14 21:59:46] Collected 28 report files
[2026-03-14 21:59:46] ========== [4/12] Testing pin: C5 ==========
[2026-03-14 21:59:46] Created PDC with m0_scl_io -> C5
[2026-03-14 21:59:46]   map starting...
[2026-03-14 22:00:35]   map completed successfully.
[2026-03-14 22:00:35]   par starting...
[2026-03-14 22:15:32]   par completed successfully.
[2026-03-14 22:15:32]   bit starting...
[2026-03-14 22:16:31]   bit completed successfully.
[2026-03-14 22:16:31] Collected 28 report files
[2026-03-14 22:16:31] ========== [5/12] Testing pin: B2 ==========
[2026-03-14 22:16:31] Created PDC with m0_scl_io -> B2
[2026-03-14 22:16:31]   map starting...
[2026-03-14 22:17:24]   map completed successfully.
[2026-03-14 22:17:24]   par starting...
[2026-03-14 22:30:05]   par completed successfully.
[2026-03-14 22:30:05]   bit starting...
[2026-03-14 22:31:18]   bit completed successfully.
[2026-03-14 22:31:18] Collected 28 report files
[2026-03-14 22:31:18] ========== [6/12] Testing pin: A2 ==========
[2026-03-14 22:31:18] Created PDC with m0_scl_io -> A2
[2026-03-14 22:31:18]   map starting...
[2026-03-14 22:32:11]   map completed successfully.
[2026-03-14 22:32:11]   par starting...
[2026-03-14 22:43:53]   par completed successfully.
[2026-03-14 22:43:53]   bit starting...
[2026-03-14 22:44:54]   bit completed successfully.
[2026-03-14 22:44:54] Collected 28 report files
[2026-03-14 22:44:54] ========== [7/12] Testing pin: B3 ==========
[2026-03-14 22:44:54] Created PDC with m0_scl_io -> B3
[2026-03-14 22:44:54]   map starting...
[2026-03-14 22:45:47]   map completed successfully.
[2026-03-14 22:45:47]   par starting...
[2026-03-14 22:59:17]   par completed successfully.
[2026-03-14 22:59:17]   bit starting...
[2026-03-14 23:00:18]   bit completed successfully.
[2026-03-14 23:00:18] Collected 28 report files
[2026-03-14 23:00:18] ========== [8/12] Testing pin: A3 ==========
[2026-03-14 23:00:18] Created PDC with m0_scl_io -> A3
[2026-03-14 23:00:18]   map starting...
[2026-03-14 23:01:12]   map completed successfully.
[2026-03-14 23:01:12]   par starting...
[2026-03-14 23:13:25]   par completed successfully.
[2026-03-14 23:13:25]   bit starting...
[2026-03-14 23:14:36]   bit completed successfully.
[2026-03-14 23:14:36] Collected 28 report files
[2026-03-14 23:14:36] ========== [9/12] Testing pin: B4 ==========
[2026-03-14 23:14:36] Created PDC with m0_scl_io -> B4
[2026-03-14 23:14:36]   map starting...
[2026-03-14 23:15:30]   map completed successfully.
[2026-03-14 23:15:30]   par starting...
[2026-03-14 23:23:24]   par completed successfully.
[2026-03-14 23:23:24]   bit starting...
[2026-03-14 23:24:36]   bit completed successfully.
[2026-03-14 23:24:36] Collected 28 report files
[2026-03-14 23:24:36] ========== [10/12] Testing pin: D5 ==========
[2026-03-14 23:24:36] Created PDC with m0_scl_io -> D5
[2026-03-14 23:24:36]   map starting...
[2026-03-14 23:25:28]   map completed successfully.
[2026-03-14 23:25:28]   par starting...
[2026-03-14 23:38:26]   par completed successfully.
[2026-03-14 23:38:26]   bit starting...
[2026-03-14 23:39:26]   bit completed successfully.
[2026-03-14 23:39:26] Collected 28 report files
[2026-03-14 23:39:26] ========== [11/12] Testing pin: A5 ==========
[2026-03-14 23:39:26] Created PDC with m0_scl_io -> A5
[2026-03-14 23:39:26]   map starting...
[2026-03-14 23:40:19]   map completed successfully.
[2026-03-14 23:40:19]   par starting...
[2026-03-14 23:48:20]   par completed successfully.
[2026-03-14 23:48:20]   bit starting...
[2026-03-14 23:49:32]   bit completed successfully.
[2026-03-14 23:49:32] Collected 28 report files
[2026-03-14 23:49:32] ========== [12/12] Testing pin: B5 ==========
[2026-03-14 23:49:32] Created PDC with m0_scl_io -> B5
[2026-03-14 23:49:32]   map starting...
[2026-03-14 23:50:24]   map completed successfully.
[2026-03-14 23:50:24]   par starting...
[2026-03-15 00:03:20]   par completed successfully.
[2026-03-15 00:03:20]   bit starting...
[2026-03-15 00:04:32]   bit completed successfully.
[2026-03-15 00:04:32] Collected 28 report files
[2026-03-15 00:04:32] Summary written to C:\Users\billzhang\Desktop\I3C_XO5\I3C_XO5\output\summary.txt
[2026-03-15 00:04:32] Pin sweep finished.
