
Copyright (C) 1994-2025 Synopsys, Inc.
This Synopsys software and all associated documentation are proprietary to Synopsys, Inc.
and may only be used pursuant to the terms and conditions of a written license agreement
with Synopsys, Inc. All other use, reproduction, modification, or distribution of the
Synopsys software or the associated documentation is strictly prohibited.
Tool: Synplify Pro (R)
Build: W-2025.03LR-SP1
Install: C:\lscc\radiant\2025.2\synpbase
OS: Windows 10 or later
Hostname: TE9BILL397

Implementation : impl_1
Synopsys HDL compiler and linker, Version comp202503synp2, Build 178R, Built Nov 11 2025 09:38:30, @

Modified Files: 3
FID:  path (prevtimestamp, timestamp)
68       C:\Users\billzhang\Desktop\I3C_XO5\I3C_XO5\impl_1\reveal_workspace\tmpreveal\I3C_XO5_rvl_top.v (2026-03-20 13:54:52, 2026-03-26 14:23:11)
64       C:\Users\billzhang\Desktop\I3C_XO5\I3C_XO5\impl_1\reveal_workspace\tmpreveal\i3c_xo5_la0_gen.v (2026-03-20 13:54:47, 2026-03-26 14:23:05)
65       C:\Users\billzhang\Desktop\I3C_XO5\I3C_XO5\impl_1\reveal_workspace\tmpreveal\i3c_xo5_la0_trig_gen.v (2026-03-20 13:54:47, 2026-03-26 14:23:05)

*******************************************************************
Modules that may have changed as a result of file changes: 83
MID:  lib.cell.view
29       work.ebr_addr_pipe.verilog may have changed because the following files changed:
                        C:\Users\billzhang\Desktop\I3C_XO5\I3C_XO5\impl_1\reveal_workspace\tmpreveal\I3C_XO5_rvl_top.v (2026-03-20 13:54:52, 2026-03-26 14:23:11) <-- (may instantiate this module)
                        C:\Users\billzhang\Desktop\I3C_XO5\I3C_XO5\impl_1\reveal_workspace\tmpreveal\i3c_xo5_la0_gen.v (2026-03-20 13:54:47, 2026-03-26 14:23:05) <-- (may instantiate this module)
                        C:\Users\billzhang\Desktop\I3C_XO5\I3C_XO5\impl_1\reveal_workspace\tmpreveal\i3c_xo5_la0_trig_gen.v (2026-03-20 13:54:47, 2026-03-26 14:23:05) <-- (may instantiate this module)
30       work.ebr_read_mux.verilog may have changed because the following files changed:
                        C:\Users\billzhang\Desktop\I3C_XO5\I3C_XO5\impl_1\reveal_workspace\tmpreveal\I3C_XO5_rvl_top.v (2026-03-20 13:54:52, 2026-03-26 14:23:11) <-- (may instantiate this module)
                        C:\Users\billzhang\Desktop\I3C_XO5\I3C_XO5\impl_1\reveal_workspace\tmpreveal\i3c_xo5_la0_gen.v (2026-03-20 13:54:47, 2026-03-26 14:23:05) <-- (may instantiate this module)
                        C:\Users\billzhang\Desktop\I3C_XO5\I3C_XO5\impl_1\reveal_workspace\tmpreveal\i3c_xo5_la0_trig_gen.v (2026-03-20 13:54:47, 2026-03-26 14:23:05) <-- (may instantiate this module)
92       work.lscc_add_sub.verilog may have changed because the following files changed:
                        C:\Users\billzhang\Desktop\I3C_XO5\I3C_XO5\impl_1\reveal_workspace\tmpreveal\I3C_XO5_rvl_top.v (2026-03-20 13:54:52, 2026-03-26 14:23:11) <-- (may instantiate this module)
                        C:\Users\billzhang\Desktop\I3C_XO5\I3C_XO5\impl_1\reveal_workspace\tmpreveal\i3c_xo5_la0_gen.v (2026-03-20 13:54:47, 2026-03-26 14:23:05) <-- (may instantiate this module)
                        C:\Users\billzhang\Desktop\I3C_XO5\I3C_XO5\impl_1\reveal_workspace\tmpreveal\i3c_xo5_la0_trig_gen.v (2026-03-20 13:54:47, 2026-03-26 14:23:05) <-- (may instantiate this module)
93       work.lscc_adder.verilog may have changed because the following files changed:
                        C:\Users\billzhang\Desktop\I3C_XO5\I3C_XO5\impl_1\reveal_workspace\tmpreveal\I3C_XO5_rvl_top.v (2026-03-20 13:54:52, 2026-03-26 14:23:11) <-- (may instantiate this module)
                        C:\Users\billzhang\Desktop\I3C_XO5\I3C_XO5\impl_1\reveal_workspace\tmpreveal\i3c_xo5_la0_gen.v (2026-03-20 13:54:47, 2026-03-26 14:23:05) <-- (may instantiate this module)
                        C:\Users\billzhang\Desktop\I3C_XO5\I3C_XO5\impl_1\reveal_workspace\tmpreveal\i3c_xo5_la0_trig_gen.v (2026-03-20 13:54:47, 2026-03-26 14:23:05) <-- (may instantiate this module)
94       work.lscc_cntr.verilog may have changed because the following files changed:
                        C:\Users\billzhang\Desktop\I3C_XO5\I3C_XO5\impl_1\reveal_workspace\tmpreveal\I3C_XO5_rvl_top.v (2026-03-20 13:54:52, 2026-03-26 14:23:11) <-- (may instantiate this module)
                        C:\Users\billzhang\Desktop\I3C_XO5\I3C_XO5\impl_1\reveal_workspace\tmpreveal\i3c_xo5_la0_gen.v (2026-03-20 13:54:47, 2026-03-26 14:23:05) <-- (may instantiate this module)
                        C:\Users\billzhang\Desktop\I3C_XO5\I3C_XO5\impl_1\reveal_workspace\tmpreveal\i3c_xo5_la0_trig_gen.v (2026-03-20 13:54:47, 2026-03-26 14:23:05) <-- (may instantiate this module)
95       work.lscc_complex_mult.verilog may have changed because the following files changed:
                        C:\Users\billzhang\Desktop\I3C_XO5\I3C_XO5\impl_1\reveal_workspace\tmpreveal\I3C_XO5_rvl_top.v (2026-03-20 13:54:52, 2026-03-26 14:23:11) <-- (may instantiate this module)
                        C:\Users\billzhang\Desktop\I3C_XO5\I3C_XO5\impl_1\reveal_workspace\tmpreveal\i3c_xo5_la0_gen.v (2026-03-20 13:54:47, 2026-03-26 14:23:05) <-- (may instantiate this module)
                        C:\Users\billzhang\Desktop\I3C_XO5\I3C_XO5\impl_1\reveal_workspace\tmpreveal\i3c_xo5_la0_trig_gen.v (2026-03-20 13:54:47, 2026-03-26 14:23:05) <-- (may instantiate this module)
96       work.lscc_distributed_dpram.verilog may have changed because the following files changed:
                        C:\Users\billzhang\Desktop\I3C_XO5\I3C_XO5\impl_1\reveal_workspace\tmpreveal\I3C_XO5_rvl_top.v (2026-03-20 13:54:52, 2026-03-26 14:23:11) <-- (may instantiate this module)
                        C:\Users\billzhang\Desktop\I3C_XO5\I3C_XO5\impl_1\reveal_workspace\tmpreveal\i3c_xo5_la0_gen.v (2026-03-20 13:54:47, 2026-03-26 14:23:05) <-- (may instantiate this module)
                        C:\Users\billzhang\Desktop\I3C_XO5\I3C_XO5\impl_1\reveal_workspace\tmpreveal\i3c_xo5_la0_trig_gen.v (2026-03-20 13:54:47, 2026-03-26 14:23:05) <-- (may instantiate this module)
97       work.lscc_distributed_rom.verilog may have changed because the following files changed:
                        C:\Users\billzhang\Desktop\I3C_XO5\I3C_XO5\impl_1\reveal_workspace\tmpreveal\I3C_XO5_rvl_top.v (2026-03-20 13:54:52, 2026-03-26 14:23:11) <-- (may instantiate this module)
                        C:\Users\billzhang\Desktop\I3C_XO5\I3C_XO5\impl_1\reveal_workspace\tmpreveal\i3c_xo5_la0_gen.v (2026-03-20 13:54:47, 2026-03-26 14:23:05) <-- (may instantiate this module)
                        C:\Users\billzhang\Desktop\I3C_XO5\I3C_XO5\impl_1\reveal_workspace\tmpreveal\i3c_xo5_la0_trig_gen.v (2026-03-20 13:54:47, 2026-03-26 14:23:05) <-- (may instantiate this module)
98       work.lscc_distributed_spram.verilog may have changed because the following files changed:
                        C:\Users\billzhang\Desktop\I3C_XO5\I3C_XO5\impl_1\reveal_workspace\tmpreveal\I3C_XO5_rvl_top.v (2026-03-20 13:54:52, 2026-03-26 14:23:11) <-- (may instantiate this module)
                        C:\Users\billzhang\Desktop\I3C_XO5\I3C_XO5\impl_1\reveal_workspace\tmpreveal\i3c_xo5_la0_gen.v (2026-03-20 13:54:47, 2026-03-26 14:23:05) <-- (may instantiate this module)
                        C:\Users\billzhang\Desktop\I3C_XO5\I3C_XO5\impl_1\reveal_workspace\tmpreveal\i3c_xo5_la0_trig_gen.v (2026-03-20 13:54:47, 2026-03-26 14:23:05) <-- (may instantiate this module)
99       work.lscc_fifo.verilog may have changed because the following files changed:
                        C:\Users\billzhang\Desktop\I3C_XO5\I3C_XO5\impl_1\reveal_workspace\tmpreveal\I3C_XO5_rvl_top.v (2026-03-20 13:54:52, 2026-03-26 14:23:11) <-- (may instantiate this module)
                        C:\Users\billzhang\Desktop\I3C_XO5\I3C_XO5\impl_1\reveal_workspace\tmpreveal\i3c_xo5_la0_gen.v (2026-03-20 13:54:47, 2026-03-26 14:23:05) <-- (may instantiate this module)
                        C:\Users\billzhang\Desktop\I3C_XO5\I3C_XO5\impl_1\reveal_workspace\tmpreveal\i3c_xo5_la0_trig_gen.v (2026-03-20 13:54:47, 2026-03-26 14:23:05) <-- (may instantiate this module)
100      work.lscc_fifo_dc.verilog may have changed because the following files changed:
                        C:\Users\billzhang\Desktop\I3C_XO5\I3C_XO5\impl_1\reveal_workspace\tmpreveal\I3C_XO5_rvl_top.v (2026-03-20 13:54:52, 2026-03-26 14:23:11) <-- (may instantiate this module)
                        C:\Users\billzhang\Desktop\I3C_XO5\I3C_XO5\impl_1\reveal_workspace\tmpreveal\i3c_xo5_la0_gen.v (2026-03-20 13:54:47, 2026-03-26 14:23:05) <-- (may instantiate this module)
                        C:\Users\billzhang\Desktop\I3C_XO5\I3C_XO5\impl_1\reveal_workspace\tmpreveal\i3c_xo5_la0_trig_gen.v (2026-03-20 13:54:47, 2026-03-26 14:23:05) <-- (may instantiate this module)
101      work.lscc_fifo_dc_fwft_fabric.verilog may have changed because the following files changed:
                        C:\Users\billzhang\Desktop\I3C_XO5\I3C_XO5\impl_1\reveal_workspace\tmpreveal\I3C_XO5_rvl_top.v (2026-03-20 13:54:52, 2026-03-26 14:23:11) <-- (may instantiate this module)
                        C:\Users\billzhang\Desktop\I3C_XO5\I3C_XO5\impl_1\reveal_workspace\tmpreveal\i3c_xo5_la0_gen.v (2026-03-20 13:54:47, 2026-03-26 14:23:05) <-- (may instantiate this module)
                        C:\Users\billzhang\Desktop\I3C_XO5\I3C_XO5\impl_1\reveal_workspace\tmpreveal\i3c_xo5_la0_trig_gen.v (2026-03-20 13:54:47, 2026-03-26 14:23:05) <-- (may instantiate this module)
102      work.lscc_fifo_dc_hw_core.verilog may have changed because the following files changed:
                        C:\Users\billzhang\Desktop\I3C_XO5\I3C_XO5\impl_1\reveal_workspace\tmpreveal\I3C_XO5_rvl_top.v (2026-03-20 13:54:52, 2026-03-26 14:23:11) <-- (may instantiate this module)
                        C:\Users\billzhang\Desktop\I3C_XO5\I3C_XO5\impl_1\reveal_workspace\tmpreveal\i3c_xo5_la0_gen.v (2026-03-20 13:54:47, 2026-03-26 14:23:05) <-- (may instantiate this module)
                        C:\Users\billzhang\Desktop\I3C_XO5\I3C_XO5\impl_1\reveal_workspace\tmpreveal\i3c_xo5_la0_trig_gen.v (2026-03-20 13:54:47, 2026-03-26 14:23:05) <-- (may instantiate this module)
103      work.lscc_fifo_dc_main.verilog may have changed because the following files changed:
                        C:\Users\billzhang\Desktop\I3C_XO5\I3C_XO5\impl_1\reveal_workspace\tmpreveal\I3C_XO5_rvl_top.v (2026-03-20 13:54:52, 2026-03-26 14:23:11) <-- (may instantiate this module)
                        C:\Users\billzhang\Desktop\I3C_XO5\I3C_XO5\impl_1\reveal_workspace\tmpreveal\i3c_xo5_la0_gen.v (2026-03-20 13:54:47, 2026-03-26 14:23:05) <-- (may instantiate this module)
                        C:\Users\billzhang\Desktop\I3C_XO5\I3C_XO5\impl_1\reveal_workspace\tmpreveal\i3c_xo5_la0_trig_gen.v (2026-03-20 13:54:47, 2026-03-26 14:23:05) <-- (may instantiate this module)
104      work.lscc_fifo_fwft_fabric.verilog may have changed because the following files changed:
                        C:\Users\billzhang\Desktop\I3C_XO5\I3C_XO5\impl_1\reveal_workspace\tmpreveal\I3C_XO5_rvl_top.v (2026-03-20 13:54:52, 2026-03-26 14:23:11) <-- (may instantiate this module)
                        C:\Users\billzhang\Desktop\I3C_XO5\I3C_XO5\impl_1\reveal_workspace\tmpreveal\i3c_xo5_la0_gen.v (2026-03-20 13:54:47, 2026-03-26 14:23:05) <-- (may instantiate this module)
                        C:\Users\billzhang\Desktop\I3C_XO5\I3C_XO5\impl_1\reveal_workspace\tmpreveal\i3c_xo5_la0_trig_gen.v (2026-03-20 13:54:47, 2026-03-26 14:23:05) <-- (may instantiate this module)
105      work.lscc_fifo_hw_core.verilog may have changed because the following files changed:
                        C:\Users\billzhang\Desktop\I3C_XO5\I3C_XO5\impl_1\reveal_workspace\tmpreveal\I3C_XO5_rvl_top.v (2026-03-20 13:54:52, 2026-03-26 14:23:11) <-- (may instantiate this module)
                        C:\Users\billzhang\Desktop\I3C_XO5\I3C_XO5\impl_1\reveal_workspace\tmpreveal\i3c_xo5_la0_gen.v (2026-03-20 13:54:47, 2026-03-26 14:23:05) <-- (may instantiate this module)
                        C:\Users\billzhang\Desktop\I3C_XO5\I3C_XO5\impl_1\reveal_workspace\tmpreveal\i3c_xo5_la0_trig_gen.v (2026-03-20 13:54:47, 2026-03-26 14:23:05) <-- (may instantiate this module)
106      work.lscc_fifo_main.verilog may have changed because the following files changed:
                        C:\Users\billzhang\Desktop\I3C_XO5\I3C_XO5\impl_1\reveal_workspace\tmpreveal\I3C_XO5_rvl_top.v (2026-03-20 13:54:52, 2026-03-26 14:23:11) <-- (may instantiate this module)
                        C:\Users\billzhang\Desktop\I3C_XO5\I3C_XO5\impl_1\reveal_workspace\tmpreveal\i3c_xo5_la0_gen.v (2026-03-20 13:54:47, 2026-03-26 14:23:05) <-- (may instantiate this module)
                        C:\Users\billzhang\Desktop\I3C_XO5\I3C_XO5\impl_1\reveal_workspace\tmpreveal\i3c_xo5_la0_trig_gen.v (2026-03-20 13:54:47, 2026-03-26 14:23:05) <-- (may instantiate this module)
107      work.lscc_fifo_mem_core.verilog may have changed because the following files changed:
                        C:\Users\billzhang\Desktop\I3C_XO5\I3C_XO5\impl_1\reveal_workspace\tmpreveal\I3C_XO5_rvl_top.v (2026-03-20 13:54:52, 2026-03-26 14:23:11) <-- (may instantiate this module)
                        C:\Users\billzhang\Desktop\I3C_XO5\I3C_XO5\impl_1\reveal_workspace\tmpreveal\i3c_xo5_la0_gen.v (2026-03-20 13:54:47, 2026-03-26 14:23:05) <-- (may instantiate this module)
                        C:\Users\billzhang\Desktop\I3C_XO5\I3C_XO5\impl_1\reveal_workspace\tmpreveal\i3c_xo5_la0_trig_gen.v (2026-03-20 13:54:47, 2026-03-26 14:23:05) <-- (may instantiate this module)
108      work.lscc_fifo_mem_main.verilog may have changed because the following files changed:
                        C:\Users\billzhang\Desktop\I3C_XO5\I3C_XO5\impl_1\reveal_workspace\tmpreveal\I3C_XO5_rvl_top.v (2026-03-20 13:54:52, 2026-03-26 14:23:11) <-- (may instantiate this module)
                        C:\Users\billzhang\Desktop\I3C_XO5\I3C_XO5\impl_1\reveal_workspace\tmpreveal\i3c_xo5_la0_gen.v (2026-03-20 13:54:47, 2026-03-26 14:23:05) <-- (may instantiate this module)
                        C:\Users\billzhang\Desktop\I3C_XO5\I3C_XO5\impl_1\reveal_workspace\tmpreveal\i3c_xo5_la0_trig_gen.v (2026-03-20 13:54:47, 2026-03-26 14:23:05) <-- (may instantiate this module)
109      work.lscc_fifo_soft_mem.verilog may have changed because the following files changed:
                        C:\Users\billzhang\Desktop\I3C_XO5\I3C_XO5\impl_1\reveal_workspace\tmpreveal\I3C_XO5_rvl_top.v (2026-03-20 13:54:52, 2026-03-26 14:23:11) <-- (may instantiate this module)
                        C:\Users\billzhang\Desktop\I3C_XO5\I3C_XO5\impl_1\reveal_workspace\tmpreveal\i3c_xo5_la0_gen.v (2026-03-20 13:54:47, 2026-03-26 14:23:05) <-- (may instantiate this module)
                        C:\Users\billzhang\Desktop\I3C_XO5\I3C_XO5\impl_1\reveal_workspace\tmpreveal\i3c_xo5_la0_trig_gen.v (2026-03-20 13:54:47, 2026-03-26 14:23:05) <-- (may instantiate this module)
110      work.lscc_hard_fifo.verilog may have changed because the following files changed:
                        C:\Users\billzhang\Desktop\I3C_XO5\I3C_XO5\impl_1\reveal_workspace\tmpreveal\I3C_XO5_rvl_top.v (2026-03-20 13:54:52, 2026-03-26 14:23:11) <-- (may instantiate this module)
                        C:\Users\billzhang\Desktop\I3C_XO5\I3C_XO5\impl_1\reveal_workspace\tmpreveal\i3c_xo5_la0_gen.v (2026-03-20 13:54:47, 2026-03-26 14:23:05) <-- (may instantiate this module)
                        C:\Users\billzhang\Desktop\I3C_XO5\I3C_XO5\impl_1\reveal_workspace\tmpreveal\i3c_xo5_la0_trig_gen.v (2026-03-20 13:54:47, 2026-03-26 14:23:05) <-- (may instantiate this module)
111      work.lscc_hard_fifo_dc.verilog may have changed because the following files changed:
                        C:\Users\billzhang\Desktop\I3C_XO5\I3C_XO5\impl_1\reveal_workspace\tmpreveal\I3C_XO5_rvl_top.v (2026-03-20 13:54:52, 2026-03-26 14:23:11) <-- (may instantiate this module)
                        C:\Users\billzhang\Desktop\I3C_XO5\I3C_XO5\impl_1\reveal_workspace\tmpreveal\i3c_xo5_la0_gen.v (2026-03-20 13:54:47, 2026-03-26 14:23:05) <-- (may instantiate this module)
                        C:\Users\billzhang\Desktop\I3C_XO5\I3C_XO5\impl_1\reveal_workspace\tmpreveal\i3c_xo5_la0_trig_gen.v (2026-03-20 13:54:47, 2026-03-26 14:23:05) <-- (may instantiate this module)
112      work.lscc_lfmxo4_ram_dp.verilog may have changed because the following files changed:
                        C:\Users\billzhang\Desktop\I3C_XO5\I3C_XO5\impl_1\reveal_workspace\tmpreveal\I3C_XO5_rvl_top.v (2026-03-20 13:54:52, 2026-03-26 14:23:11) <-- (may instantiate this module)
                        C:\Users\billzhang\Desktop\I3C_XO5\I3C_XO5\impl_1\reveal_workspace\tmpreveal\i3c_xo5_la0_gen.v (2026-03-20 13:54:47, 2026-03-26 14:23:05) <-- (may instantiate this module)
                        C:\Users\billzhang\Desktop\I3C_XO5\I3C_XO5\impl_1\reveal_workspace\tmpreveal\i3c_xo5_la0_trig_gen.v (2026-03-20 13:54:47, 2026-03-26 14:23:05) <-- (may instantiate this module)
113      work.lscc_lfmxo4_ram_dp_core.verilog may have changed because the following files changed:
                        C:\Users\billzhang\Desktop\I3C_XO5\I3C_XO5\impl_1\reveal_workspace\tmpreveal\I3C_XO5_rvl_top.v (2026-03-20 13:54:52, 2026-03-26 14:23:11) <-- (may instantiate this module)
                        C:\Users\billzhang\Desktop\I3C_XO5\I3C_XO5\impl_1\reveal_workspace\tmpreveal\i3c_xo5_la0_gen.v (2026-03-20 13:54:47, 2026-03-26 14:23:05) <-- (may instantiate this module)
                        C:\Users\billzhang\Desktop\I3C_XO5\I3C_XO5\impl_1\reveal_workspace\tmpreveal\i3c_xo5_la0_trig_gen.v (2026-03-20 13:54:47, 2026-03-26 14:23:05) <-- (may instantiate this module)
114      work.lscc_lfmxo4_ram_dp_main.verilog may have changed because the following files changed:
                        C:\Users\billzhang\Desktop\I3C_XO5\I3C_XO5\impl_1\reveal_workspace\tmpreveal\I3C_XO5_rvl_top.v (2026-03-20 13:54:52, 2026-03-26 14:23:11) <-- (may instantiate this module)
                        C:\Users\billzhang\Desktop\I3C_XO5\I3C_XO5\impl_1\reveal_workspace\tmpreveal\i3c_xo5_la0_gen.v (2026-03-20 13:54:47, 2026-03-26 14:23:05) <-- (may instantiate this module)
                        C:\Users\billzhang\Desktop\I3C_XO5\I3C_XO5\impl_1\reveal_workspace\tmpreveal\i3c_xo5_la0_trig_gen.v (2026-03-20 13:54:47, 2026-03-26 14:23:05) <-- (may instantiate this module)
115      work.lscc_lfmxo4_ram_dp_true.verilog may have changed because the following files changed:
                        C:\Users\billzhang\Desktop\I3C_XO5\I3C_XO5\impl_1\reveal_workspace\tmpreveal\I3C_XO5_rvl_top.v (2026-03-20 13:54:52, 2026-03-26 14:23:11) <-- (may instantiate this module)
                        C:\Users\billzhang\Desktop\I3C_XO5\I3C_XO5\impl_1\reveal_workspace\tmpreveal\i3c_xo5_la0_gen.v (2026-03-20 13:54:47, 2026-03-26 14:23:05) <-- (may instantiate this module)
                        C:\Users\billzhang\Desktop\I3C_XO5\I3C_XO5\impl_1\reveal_workspace\tmpreveal\i3c_xo5_la0_trig_gen.v (2026-03-20 13:54:47, 2026-03-26 14:23:05) <-- (may instantiate this module)
116      work.lscc_lfmxo4_ram_dp_true_core.verilog may have changed because the following files changed:
                        C:\Users\billzhang\Desktop\I3C_XO5\I3C_XO5\impl_1\reveal_workspace\tmpreveal\I3C_XO5_rvl_top.v (2026-03-20 13:54:52, 2026-03-26 14:23:11) <-- (may instantiate this module)
                        C:\Users\billzhang\Desktop\I3C_XO5\I3C_XO5\impl_1\reveal_workspace\tmpreveal\i3c_xo5_la0_gen.v (2026-03-20 13:54:47, 2026-03-26 14:23:05) <-- (may instantiate this module)
                        C:\Users\billzhang\Desktop\I3C_XO5\I3C_XO5\impl_1\reveal_workspace\tmpreveal\i3c_xo5_la0_trig_gen.v (2026-03-20 13:54:47, 2026-03-26 14:23:05) <-- (may instantiate this module)
117      work.lscc_lfmxo4_ram_dp_true_inst.verilog may have changed because the following files changed:
                        C:\Users\billzhang\Desktop\I3C_XO5\I3C_XO5\impl_1\reveal_workspace\tmpreveal\I3C_XO5_rvl_top.v (2026-03-20 13:54:52, 2026-03-26 14:23:11) <-- (may instantiate this module)
                        C:\Users\billzhang\Desktop\I3C_XO5\I3C_XO5\impl_1\reveal_workspace\tmpreveal\i3c_xo5_la0_gen.v (2026-03-20 13:54:47, 2026-03-26 14:23:05) <-- (may instantiate this module)
                        C:\Users\billzhang\Desktop\I3C_XO5\I3C_XO5\impl_1\reveal_workspace\tmpreveal\i3c_xo5_la0_trig_gen.v (2026-03-20 13:54:47, 2026-03-26 14:23:05) <-- (may instantiate this module)
118      work.lscc_lfmxo4_ram_dp_true_main.verilog may have changed because the following files changed:
                        C:\Users\billzhang\Desktop\I3C_XO5\I3C_XO5\impl_1\reveal_workspace\tmpreveal\I3C_XO5_rvl_top.v (2026-03-20 13:54:52, 2026-03-26 14:23:11) <-- (may instantiate this module)
                        C:\Users\billzhang\Desktop\I3C_XO5\I3C_XO5\impl_1\reveal_workspace\tmpreveal\i3c_xo5_la0_gen.v (2026-03-20 13:54:47, 2026-03-26 14:23:05) <-- (may instantiate this module)
                        C:\Users\billzhang\Desktop\I3C_XO5\I3C_XO5\impl_1\reveal_workspace\tmpreveal\i3c_xo5_la0_trig_gen.v (2026-03-20 13:54:47, 2026-03-26 14:23:05) <-- (may instantiate this module)
119      work.lscc_lfmxo4_ram_dq.verilog may have changed because the following files changed:
                        C:\Users\billzhang\Desktop\I3C_XO5\I3C_XO5\impl_1\reveal_workspace\tmpreveal\I3C_XO5_rvl_top.v (2026-03-20 13:54:52, 2026-03-26 14:23:11) <-- (may instantiate this module)
                        C:\Users\billzhang\Desktop\I3C_XO5\I3C_XO5\impl_1\reveal_workspace\tmpreveal\i3c_xo5_la0_gen.v (2026-03-20 13:54:47, 2026-03-26 14:23:05) <-- (may instantiate this module)
                        C:\Users\billzhang\Desktop\I3C_XO5\I3C_XO5\impl_1\reveal_workspace\tmpreveal\i3c_xo5_la0_trig_gen.v (2026-03-20 13:54:47, 2026-03-26 14:23:05) <-- (may instantiate this module)
120      work.lscc_lfmxo4_ram_dq_core.verilog may have changed because the following files changed:
                        C:\Users\billzhang\Desktop\I3C_XO5\I3C_XO5\impl_1\reveal_workspace\tmpreveal\I3C_XO5_rvl_top.v (2026-03-20 13:54:52, 2026-03-26 14:23:11) <-- (may instantiate this module)
                        C:\Users\billzhang\Desktop\I3C_XO5\I3C_XO5\impl_1\reveal_workspace\tmpreveal\i3c_xo5_la0_gen.v (2026-03-20 13:54:47, 2026-03-26 14:23:05) <-- (may instantiate this module)
                        C:\Users\billzhang\Desktop\I3C_XO5\I3C_XO5\impl_1\reveal_workspace\tmpreveal\i3c_xo5_la0_trig_gen.v (2026-03-20 13:54:47, 2026-03-26 14:23:05) <-- (may instantiate this module)
121      work.lscc_lfmxo4_ram_dq_inst.verilog may have changed because the following files changed:
                        C:\Users\billzhang\Desktop\I3C_XO5\I3C_XO5\impl_1\reveal_workspace\tmpreveal\I3C_XO5_rvl_top.v (2026-03-20 13:54:52, 2026-03-26 14:23:11) <-- (may instantiate this module)
                        C:\Users\billzhang\Desktop\I3C_XO5\I3C_XO5\impl_1\reveal_workspace\tmpreveal\i3c_xo5_la0_gen.v (2026-03-20 13:54:47, 2026-03-26 14:23:05) <-- (may instantiate this module)
                        C:\Users\billzhang\Desktop\I3C_XO5\I3C_XO5\impl_1\reveal_workspace\tmpreveal\i3c_xo5_la0_trig_gen.v (2026-03-20 13:54:47, 2026-03-26 14:23:05) <-- (may instantiate this module)
122      work.lscc_lfmxo4_ram_dq_main.verilog may have changed because the following files changed:
                        C:\Users\billzhang\Desktop\I3C_XO5\I3C_XO5\impl_1\reveal_workspace\tmpreveal\I3C_XO5_rvl_top.v (2026-03-20 13:54:52, 2026-03-26 14:23:11) <-- (may instantiate this module)
                        C:\Users\billzhang\Desktop\I3C_XO5\I3C_XO5\impl_1\reveal_workspace\tmpreveal\i3c_xo5_la0_gen.v (2026-03-20 13:54:47, 2026-03-26 14:23:05) <-- (may instantiate this module)
                        C:\Users\billzhang\Desktop\I3C_XO5\I3C_XO5\impl_1\reveal_workspace\tmpreveal\i3c_xo5_la0_trig_gen.v (2026-03-20 13:54:47, 2026-03-26 14:23:05) <-- (may instantiate this module)
123      work.lscc_lfmxo4_write_through.verilog may have changed because the following files changed:
                        C:\Users\billzhang\Desktop\I3C_XO5\I3C_XO5\impl_1\reveal_workspace\tmpreveal\I3C_XO5_rvl_top.v (2026-03-20 13:54:52, 2026-03-26 14:23:11) <-- (may instantiate this module)
                        C:\Users\billzhang\Desktop\I3C_XO5\I3C_XO5\impl_1\reveal_workspace\tmpreveal\i3c_xo5_la0_gen.v (2026-03-20 13:54:47, 2026-03-26 14:23:05) <-- (may instantiate this module)
                        C:\Users\billzhang\Desktop\I3C_XO5\I3C_XO5\impl_1\reveal_workspace\tmpreveal\i3c_xo5_la0_trig_gen.v (2026-03-20 13:54:47, 2026-03-26 14:23:05) <-- (may instantiate this module)
124      work.lscc_lfxo4_ram_dp_true_addr_pipe.verilog may have changed because the following files changed:
                        C:\Users\billzhang\Desktop\I3C_XO5\I3C_XO5\impl_1\reveal_workspace\tmpreveal\I3C_XO5_rvl_top.v (2026-03-20 13:54:52, 2026-03-26 14:23:11) <-- (may instantiate this module)
                        C:\Users\billzhang\Desktop\I3C_XO5\I3C_XO5\impl_1\reveal_workspace\tmpreveal\i3c_xo5_la0_gen.v (2026-03-20 13:54:47, 2026-03-26 14:23:05) <-- (may instantiate this module)
                        C:\Users\billzhang\Desktop\I3C_XO5\I3C_XO5\impl_1\reveal_workspace\tmpreveal\i3c_xo5_la0_trig_gen.v (2026-03-20 13:54:47, 2026-03-26 14:23:05) <-- (may instantiate this module)
125      work.lscc_lfxo4_ram_dp_true_read_mux.verilog may have changed because the following files changed:
                        C:\Users\billzhang\Desktop\I3C_XO5\I3C_XO5\impl_1\reveal_workspace\tmpreveal\I3C_XO5_rvl_top.v (2026-03-20 13:54:52, 2026-03-26 14:23:11) <-- (may instantiate this module)
                        C:\Users\billzhang\Desktop\I3C_XO5\I3C_XO5\impl_1\reveal_workspace\tmpreveal\i3c_xo5_la0_gen.v (2026-03-20 13:54:47, 2026-03-26 14:23:05) <-- (may instantiate this module)
                        C:\Users\billzhang\Desktop\I3C_XO5\I3C_XO5\impl_1\reveal_workspace\tmpreveal\i3c_xo5_la0_trig_gen.v (2026-03-20 13:54:47, 2026-03-26 14:23:05) <-- (may instantiate this module)
126      work.lscc_mult_accumulate.verilog may have changed because the following files changed:
                        C:\Users\billzhang\Desktop\I3C_XO5\I3C_XO5\impl_1\reveal_workspace\tmpreveal\I3C_XO5_rvl_top.v (2026-03-20 13:54:52, 2026-03-26 14:23:11) <-- (may instantiate this module)
                        C:\Users\billzhang\Desktop\I3C_XO5\I3C_XO5\impl_1\reveal_workspace\tmpreveal\i3c_xo5_la0_gen.v (2026-03-20 13:54:47, 2026-03-26 14:23:05) <-- (may instantiate this module)
                        C:\Users\billzhang\Desktop\I3C_XO5\I3C_XO5\impl_1\reveal_workspace\tmpreveal\i3c_xo5_la0_trig_gen.v (2026-03-20 13:54:47, 2026-03-26 14:23:05) <-- (may instantiate this module)
127      work.lscc_mult_add_sub.verilog may have changed because the following files changed:
                        C:\Users\billzhang\Desktop\I3C_XO5\I3C_XO5\impl_1\reveal_workspace\tmpreveal\I3C_XO5_rvl_top.v (2026-03-20 13:54:52, 2026-03-26 14:23:11) <-- (may instantiate this module)
                        C:\Users\billzhang\Desktop\I3C_XO5\I3C_XO5\impl_1\reveal_workspace\tmpreveal\i3c_xo5_la0_gen.v (2026-03-20 13:54:47, 2026-03-26 14:23:05) <-- (may instantiate this module)
                        C:\Users\billzhang\Desktop\I3C_XO5\I3C_XO5\impl_1\reveal_workspace\tmpreveal\i3c_xo5_la0_trig_gen.v (2026-03-20 13:54:47, 2026-03-26 14:23:05) <-- (may instantiate this module)
128      work.lscc_mult_add_sub_sum.verilog may have changed because the following files changed:
                        C:\Users\billzhang\Desktop\I3C_XO5\I3C_XO5\impl_1\reveal_workspace\tmpreveal\I3C_XO5_rvl_top.v (2026-03-20 13:54:52, 2026-03-26 14:23:11) <-- (may instantiate this module)
                        C:\Users\billzhang\Desktop\I3C_XO5\I3C_XO5\impl_1\reveal_workspace\tmpreveal\i3c_xo5_la0_gen.v (2026-03-20 13:54:47, 2026-03-26 14:23:05) <-- (may instantiate this module)
                        C:\Users\billzhang\Desktop\I3C_XO5\I3C_XO5\impl_1\reveal_workspace\tmpreveal\i3c_xo5_la0_trig_gen.v (2026-03-20 13:54:47, 2026-03-26 14:23:05) <-- (module definition)
129      work.lscc_multiplier.verilog may have changed because the following files changed:
                        C:\Users\billzhang\Desktop\I3C_XO5\I3C_XO5\impl_1\reveal_workspace\tmpreveal\I3C_XO5_rvl_top.v (2026-03-20 13:54:52, 2026-03-26 14:23:11) <-- (may instantiate this module)
                        C:\Users\billzhang\Desktop\I3C_XO5\I3C_XO5\impl_1\reveal_workspace\tmpreveal\i3c_xo5_la0_gen.v (2026-03-20 13:54:47, 2026-03-26 14:23:05) <-- (may instantiate this module)
                        C:\Users\billzhang\Desktop\I3C_XO5\I3C_XO5\impl_1\reveal_workspace\tmpreveal\i3c_xo5_la0_trig_gen.v (2026-03-20 13:54:47, 2026-03-26 14:23:05) <-- (may instantiate this module)
130      work.lscc_multiplier_dsp.verilog may have changed because the following files changed:
                        C:\Users\billzhang\Desktop\I3C_XO5\I3C_XO5\impl_1\reveal_workspace\tmpreveal\I3C_XO5_rvl_top.v (2026-03-20 13:54:52, 2026-03-26 14:23:11) <-- (may instantiate this module)
                        C:\Users\billzhang\Desktop\I3C_XO5\I3C_XO5\impl_1\reveal_workspace\tmpreveal\i3c_xo5_la0_gen.v (2026-03-20 13:54:47, 2026-03-26 14:23:05) <-- (may instantiate this module)
                        C:\Users\billzhang\Desktop\I3C_XO5\I3C_XO5\impl_1\reveal_workspace\tmpreveal\i3c_xo5_la0_trig_gen.v (2026-03-20 13:54:47, 2026-03-26 14:23:05) <-- (may instantiate this module)
131      work.lscc_multiplier_lut.verilog may have changed because the following files changed:
                        C:\Users\billzhang\Desktop\I3C_XO5\I3C_XO5\impl_1\reveal_workspace\tmpreveal\I3C_XO5_rvl_top.v (2026-03-20 13:54:52, 2026-03-26 14:23:11) <-- (may instantiate this module)
                        C:\Users\billzhang\Desktop\I3C_XO5\I3C_XO5\impl_1\reveal_workspace\tmpreveal\i3c_xo5_la0_gen.v (2026-03-20 13:54:47, 2026-03-26 14:23:05) <-- (may instantiate this module)
                        C:\Users\billzhang\Desktop\I3C_XO5\I3C_XO5\impl_1\reveal_workspace\tmpreveal\i3c_xo5_la0_trig_gen.v (2026-03-20 13:54:47, 2026-03-26 14:23:05) <-- (may instantiate this module)
132      work.lscc_ram_dp.verilog may have changed because the following files changed:
                        C:\Users\billzhang\Desktop\I3C_XO5\I3C_XO5\impl_1\reveal_workspace\tmpreveal\I3C_XO5_rvl_top.v (2026-03-20 13:54:52, 2026-03-26 14:23:11) <-- (may instantiate this module)
                        C:\Users\billzhang\Desktop\I3C_XO5\I3C_XO5\impl_1\reveal_workspace\tmpreveal\i3c_xo5_la0_gen.v (2026-03-20 13:54:47, 2026-03-26 14:23:05) <-- (may instantiate this module)
                        C:\Users\billzhang\Desktop\I3C_XO5\I3C_XO5\impl_1\reveal_workspace\tmpreveal\i3c_xo5_la0_trig_gen.v (2026-03-20 13:54:47, 2026-03-26 14:23:05) <-- (may instantiate this module)
133      work.lscc_ram_dp_core.verilog may have changed because the following files changed:
                        C:\Users\billzhang\Desktop\I3C_XO5\I3C_XO5\impl_1\reveal_workspace\tmpreveal\I3C_XO5_rvl_top.v (2026-03-20 13:54:52, 2026-03-26 14:23:11) <-- (may instantiate this module)
                        C:\Users\billzhang\Desktop\I3C_XO5\I3C_XO5\impl_1\reveal_workspace\tmpreveal\i3c_xo5_la0_gen.v (2026-03-20 13:54:47, 2026-03-26 14:23:05) <-- (may instantiate this module)
                        C:\Users\billzhang\Desktop\I3C_XO5\I3C_XO5\impl_1\reveal_workspace\tmpreveal\i3c_xo5_la0_trig_gen.v (2026-03-20 13:54:47, 2026-03-26 14:23:05) <-- (may instantiate this module)
134      work.lscc_ram_dp_main.verilog may have changed because the following files changed:
                        C:\Users\billzhang\Desktop\I3C_XO5\I3C_XO5\impl_1\reveal_workspace\tmpreveal\I3C_XO5_rvl_top.v (2026-03-20 13:54:52, 2026-03-26 14:23:11) <-- (may instantiate this module)
                        C:\Users\billzhang\Desktop\I3C_XO5\I3C_XO5\impl_1\reveal_workspace\tmpreveal\i3c_xo5_la0_gen.v (2026-03-20 13:54:47, 2026-03-26 14:23:05) <-- (may instantiate this module)
                        C:\Users\billzhang\Desktop\I3C_XO5\I3C_XO5\impl_1\reveal_workspace\tmpreveal\i3c_xo5_la0_trig_gen.v (2026-03-20 13:54:47, 2026-03-26 14:23:05) <-- (may instantiate this module)
135      work.lscc_ram_dp_true.verilog may have changed because the following files changed:
                        C:\Users\billzhang\Desktop\I3C_XO5\I3C_XO5\impl_1\reveal_workspace\tmpreveal\I3C_XO5_rvl_top.v (2026-03-20 13:54:52, 2026-03-26 14:23:11) <-- (may instantiate this module)
                        C:\Users\billzhang\Desktop\I3C_XO5\I3C_XO5\impl_1\reveal_workspace\tmpreveal\i3c_xo5_la0_gen.v (2026-03-20 13:54:47, 2026-03-26 14:23:05) <-- (may instantiate this module)
                        C:\Users\billzhang\Desktop\I3C_XO5\I3C_XO5\impl_1\reveal_workspace\tmpreveal\i3c_xo5_la0_trig_gen.v (2026-03-20 13:54:47, 2026-03-26 14:23:05) <-- (may instantiate this module)
136      work.lscc_ram_dp_true_core.verilog may have changed because the following files changed:
                        C:\Users\billzhang\Desktop\I3C_XO5\I3C_XO5\impl_1\reveal_workspace\tmpreveal\I3C_XO5_rvl_top.v (2026-03-20 13:54:52, 2026-03-26 14:23:11) <-- (may instantiate this module)
                        C:\Users\billzhang\Desktop\I3C_XO5\I3C_XO5\impl_1\reveal_workspace\tmpreveal\i3c_xo5_la0_gen.v (2026-03-20 13:54:47, 2026-03-26 14:23:05) <-- (may instantiate this module)
                        C:\Users\billzhang\Desktop\I3C_XO5\I3C_XO5\impl_1\reveal_workspace\tmpreveal\i3c_xo5_la0_trig_gen.v (2026-03-20 13:54:47, 2026-03-26 14:23:05) <-- (may instantiate this module)
137      work.lscc_ram_dp_true_inst.verilog may have changed because the following files changed:
                        C:\Users\billzhang\Desktop\I3C_XO5\I3C_XO5\impl_1\reveal_workspace\tmpreveal\I3C_XO5_rvl_top.v (2026-03-20 13:54:52, 2026-03-26 14:23:11) <-- (may instantiate this module)
                        C:\Users\billzhang\Desktop\I3C_XO5\I3C_XO5\impl_1\reveal_workspace\tmpreveal\i3c_xo5_la0_gen.v (2026-03-20 13:54:47, 2026-03-26 14:23:05) <-- (may instantiate this module)
                        C:\Users\billzhang\Desktop\I3C_XO5\I3C_XO5\impl_1\reveal_workspace\tmpreveal\i3c_xo5_la0_trig_gen.v (2026-03-20 13:54:47, 2026-03-26 14:23:05) <-- (may instantiate this module)
138      work.lscc_ram_dp_true_main.verilog may have changed because the following files changed:
                        C:\Users\billzhang\Desktop\I3C_XO5\I3C_XO5\impl_1\reveal_workspace\tmpreveal\I3C_XO5_rvl_top.v (2026-03-20 13:54:52, 2026-03-26 14:23:11) <-- (may instantiate this module)
                        C:\Users\billzhang\Desktop\I3C_XO5\I3C_XO5\impl_1\reveal_workspace\tmpreveal\i3c_xo5_la0_gen.v (2026-03-20 13:54:47, 2026-03-26 14:23:05) <-- (may instantiate this module)
                        C:\Users\billzhang\Desktop\I3C_XO5\I3C_XO5\impl_1\reveal_workspace\tmpreveal\i3c_xo5_la0_trig_gen.v (2026-03-20 13:54:47, 2026-03-26 14:23:05) <-- (may instantiate this module)
139      work.lscc_ram_dq.verilog may have changed because the following files changed:
                        C:\Users\billzhang\Desktop\I3C_XO5\I3C_XO5\impl_1\reveal_workspace\tmpreveal\I3C_XO5_rvl_top.v (2026-03-20 13:54:52, 2026-03-26 14:23:11) <-- (may instantiate this module)
                        C:\Users\billzhang\Desktop\I3C_XO5\I3C_XO5\impl_1\reveal_workspace\tmpreveal\i3c_xo5_la0_gen.v (2026-03-20 13:54:47, 2026-03-26 14:23:05) <-- (may instantiate this module)
                        C:\Users\billzhang\Desktop\I3C_XO5\I3C_XO5\impl_1\reveal_workspace\tmpreveal\i3c_xo5_la0_trig_gen.v (2026-03-20 13:54:47, 2026-03-26 14:23:05) <-- (may instantiate this module)
140      work.lscc_ram_dq_core.verilog may have changed because the following files changed:
                        C:\Users\billzhang\Desktop\I3C_XO5\I3C_XO5\impl_1\reveal_workspace\tmpreveal\I3C_XO5_rvl_top.v (2026-03-20 13:54:52, 2026-03-26 14:23:11) <-- (may instantiate this module)
                        C:\Users\billzhang\Desktop\I3C_XO5\I3C_XO5\impl_1\reveal_workspace\tmpreveal\i3c_xo5_la0_gen.v (2026-03-20 13:54:47, 2026-03-26 14:23:05) <-- (may instantiate this module)
                        C:\Users\billzhang\Desktop\I3C_XO5\I3C_XO5\impl_1\reveal_workspace\tmpreveal\i3c_xo5_la0_trig_gen.v (2026-03-20 13:54:47, 2026-03-26 14:23:05) <-- (may instantiate this module)
141      work.lscc_ram_dq_inst.verilog may have changed because the following files changed:
                        C:\Users\billzhang\Desktop\I3C_XO5\I3C_XO5\impl_1\reveal_workspace\tmpreveal\I3C_XO5_rvl_top.v (2026-03-20 13:54:52, 2026-03-26 14:23:11) <-- (may instantiate this module)
                        C:\Users\billzhang\Desktop\I3C_XO5\I3C_XO5\impl_1\reveal_workspace\tmpreveal\i3c_xo5_la0_gen.v (2026-03-20 13:54:47, 2026-03-26 14:23:05) <-- (may instantiate this module)
                        C:\Users\billzhang\Desktop\I3C_XO5\I3C_XO5\impl_1\reveal_workspace\tmpreveal\i3c_xo5_la0_trig_gen.v (2026-03-20 13:54:47, 2026-03-26 14:23:05) <-- (may instantiate this module)
142      work.lscc_ram_dq_main.verilog may have changed because the following files changed:
                        C:\Users\billzhang\Desktop\I3C_XO5\I3C_XO5\impl_1\reveal_workspace\tmpreveal\I3C_XO5_rvl_top.v (2026-03-20 13:54:52, 2026-03-26 14:23:11) <-- (may instantiate this module)
                        C:\Users\billzhang\Desktop\I3C_XO5\I3C_XO5\impl_1\reveal_workspace\tmpreveal\i3c_xo5_la0_gen.v (2026-03-20 13:54:47, 2026-03-26 14:23:05) <-- (may instantiate this module)
                        C:\Users\billzhang\Desktop\I3C_XO5\I3C_XO5\impl_1\reveal_workspace\tmpreveal\i3c_xo5_la0_trig_gen.v (2026-03-20 13:54:47, 2026-03-26 14:23:05) <-- (may instantiate this module)
143      work.lscc_reset_async.verilog may have changed because the following files changed:
                        C:\Users\billzhang\Desktop\I3C_XO5\I3C_XO5\impl_1\reveal_workspace\tmpreveal\I3C_XO5_rvl_top.v (2026-03-20 13:54:52, 2026-03-26 14:23:11) <-- (may instantiate this module)
                        C:\Users\billzhang\Desktop\I3C_XO5\I3C_XO5\impl_1\reveal_workspace\tmpreveal\i3c_xo5_la0_gen.v (2026-03-20 13:54:47, 2026-03-26 14:23:05) <-- (may instantiate this module)
                        C:\Users\billzhang\Desktop\I3C_XO5\I3C_XO5\impl_1\reveal_workspace\tmpreveal\i3c_xo5_la0_trig_gen.v (2026-03-20 13:54:47, 2026-03-26 14:23:05) <-- (may instantiate this module)
144      work.lscc_rom.verilog may have changed because the following files changed:
                        C:\Users\billzhang\Desktop\I3C_XO5\I3C_XO5\impl_1\reveal_workspace\tmpreveal\I3C_XO5_rvl_top.v (2026-03-20 13:54:52, 2026-03-26 14:23:11) <-- (may instantiate this module)
                        C:\Users\billzhang\Desktop\I3C_XO5\I3C_XO5\impl_1\reveal_workspace\tmpreveal\i3c_xo5_la0_gen.v (2026-03-20 13:54:47, 2026-03-26 14:23:05) <-- (may instantiate this module)
                        C:\Users\billzhang\Desktop\I3C_XO5\I3C_XO5\impl_1\reveal_workspace\tmpreveal\i3c_xo5_la0_trig_gen.v (2026-03-20 13:54:47, 2026-03-26 14:23:05) <-- (may instantiate this module)
145      work.lscc_rom_inst.verilog may have changed because the following files changed:
                        C:\Users\billzhang\Desktop\I3C_XO5\I3C_XO5\impl_1\reveal_workspace\tmpreveal\I3C_XO5_rvl_top.v (2026-03-20 13:54:52, 2026-03-26 14:23:11) <-- (may instantiate this module)
                        C:\Users\billzhang\Desktop\I3C_XO5\I3C_XO5\impl_1\reveal_workspace\tmpreveal\i3c_xo5_la0_gen.v (2026-03-20 13:54:47, 2026-03-26 14:23:05) <-- (may instantiate this module)
                        C:\Users\billzhang\Desktop\I3C_XO5\I3C_XO5\impl_1\reveal_workspace\tmpreveal\i3c_xo5_la0_trig_gen.v (2026-03-20 13:54:47, 2026-03-26 14:23:05) <-- (may instantiate this module)
146      work.lscc_rom_inst_core.verilog may have changed because the following files changed:
                        C:\Users\billzhang\Desktop\I3C_XO5\I3C_XO5\impl_1\reveal_workspace\tmpreveal\I3C_XO5_rvl_top.v (2026-03-20 13:54:52, 2026-03-26 14:23:11) <-- (may instantiate this module)
                        C:\Users\billzhang\Desktop\I3C_XO5\I3C_XO5\impl_1\reveal_workspace\tmpreveal\i3c_xo5_la0_gen.v (2026-03-20 13:54:47, 2026-03-26 14:23:05) <-- (may instantiate this module)
                        C:\Users\billzhang\Desktop\I3C_XO5\I3C_XO5\impl_1\reveal_workspace\tmpreveal\i3c_xo5_la0_trig_gen.v (2026-03-20 13:54:47, 2026-03-26 14:23:05) <-- (may instantiate this module)
147      work.lscc_shift_register.verilog may have changed because the following files changed:
                        C:\Users\billzhang\Desktop\I3C_XO5\I3C_XO5\impl_1\reveal_workspace\tmpreveal\I3C_XO5_rvl_top.v (2026-03-20 13:54:52, 2026-03-26 14:23:11) <-- (may instantiate this module)
                        C:\Users\billzhang\Desktop\I3C_XO5\I3C_XO5\impl_1\reveal_workspace\tmpreveal\i3c_xo5_la0_gen.v (2026-03-20 13:54:47, 2026-03-26 14:23:05) <-- (may instantiate this module)
                        C:\Users\billzhang\Desktop\I3C_XO5\I3C_XO5\impl_1\reveal_workspace\tmpreveal\i3c_xo5_la0_trig_gen.v (2026-03-20 13:54:47, 2026-03-26 14:23:05) <-- (may instantiate this module)
148      work.lscc_soft_fifo.verilog may have changed because the following files changed:
                        C:\Users\billzhang\Desktop\I3C_XO5\I3C_XO5\impl_1\reveal_workspace\tmpreveal\I3C_XO5_rvl_top.v (2026-03-20 13:54:52, 2026-03-26 14:23:11) <-- (may instantiate this module)
                        C:\Users\billzhang\Desktop\I3C_XO5\I3C_XO5\impl_1\reveal_workspace\tmpreveal\i3c_xo5_la0_gen.v (2026-03-20 13:54:47, 2026-03-26 14:23:05) <-- (may instantiate this module)
                        C:\Users\billzhang\Desktop\I3C_XO5\I3C_XO5\impl_1\reveal_workspace\tmpreveal\i3c_xo5_la0_trig_gen.v (2026-03-20 13:54:47, 2026-03-26 14:23:05) <-- (may instantiate this module)
149      work.lscc_soft_fifo_dc.verilog may have changed because the following files changed:
                        C:\Users\billzhang\Desktop\I3C_XO5\I3C_XO5\impl_1\reveal_workspace\tmpreveal\I3C_XO5_rvl_top.v (2026-03-20 13:54:52, 2026-03-26 14:23:11) <-- (may instantiate this module)
                        C:\Users\billzhang\Desktop\I3C_XO5\I3C_XO5\impl_1\reveal_workspace\tmpreveal\i3c_xo5_la0_gen.v (2026-03-20 13:54:47, 2026-03-26 14:23:05) <-- (may instantiate this module)
                        C:\Users\billzhang\Desktop\I3C_XO5\I3C_XO5\impl_1\reveal_workspace\tmpreveal\i3c_xo5_la0_trig_gen.v (2026-03-20 13:54:47, 2026-03-26 14:23:05) <-- (may instantiate this module)
150      work.lscc_subtractor.verilog may have changed because the following files changed:
                        C:\Users\billzhang\Desktop\I3C_XO5\I3C_XO5\impl_1\reveal_workspace\tmpreveal\I3C_XO5_rvl_top.v (2026-03-20 13:54:52, 2026-03-26 14:23:11) <-- (may instantiate this module)
                        C:\Users\billzhang\Desktop\I3C_XO5\I3C_XO5\impl_1\reveal_workspace\tmpreveal\i3c_xo5_la0_gen.v (2026-03-20 13:54:47, 2026-03-26 14:23:05) <-- (may instantiate this module)
                        C:\Users\billzhang\Desktop\I3C_XO5\I3C_XO5\impl_1\reveal_workspace\tmpreveal\i3c_xo5_la0_trig_gen.v (2026-03-20 13:54:47, 2026-03-26 14:23:05) <-- (may instantiate this module)
151      work.lscc_write_through.verilog may have changed because the following files changed:
                        C:\Users\billzhang\Desktop\I3C_XO5\I3C_XO5\impl_1\reveal_workspace\tmpreveal\I3C_XO5_rvl_top.v (2026-03-20 13:54:52, 2026-03-26 14:23:11) <-- (may instantiate this module)
                        C:\Users\billzhang\Desktop\I3C_XO5\I3C_XO5\impl_1\reveal_workspace\tmpreveal\i3c_xo5_la0_gen.v (2026-03-20 13:54:47, 2026-03-26 14:23:05) <-- (may instantiate this module)
                        C:\Users\billzhang\Desktop\I3C_XO5\I3C_XO5\impl_1\reveal_workspace\tmpreveal\i3c_xo5_la0_trig_gen.v (2026-03-20 13:54:47, 2026-03-26 14:23:05) <-- (may instantiate this module)
158      work.pmi_add.verilog may have changed because the following files changed:
                        C:\Users\billzhang\Desktop\I3C_XO5\I3C_XO5\impl_1\reveal_workspace\tmpreveal\I3C_XO5_rvl_top.v (2026-03-20 13:54:52, 2026-03-26 14:23:11) <-- (may instantiate this module)
                        C:\Users\billzhang\Desktop\I3C_XO5\I3C_XO5\impl_1\reveal_workspace\tmpreveal\i3c_xo5_la0_gen.v (2026-03-20 13:54:47, 2026-03-26 14:23:05) <-- (may instantiate this module)
                        C:\Users\billzhang\Desktop\I3C_XO5\I3C_XO5\impl_1\reveal_workspace\tmpreveal\i3c_xo5_la0_trig_gen.v (2026-03-20 13:54:47, 2026-03-26 14:23:05) <-- (may instantiate this module)
159      work.pmi_addsub.verilog may have changed because the following files changed:
                        C:\Users\billzhang\Desktop\I3C_XO5\I3C_XO5\impl_1\reveal_workspace\tmpreveal\I3C_XO5_rvl_top.v (2026-03-20 13:54:52, 2026-03-26 14:23:11) <-- (may instantiate this module)
                        C:\Users\billzhang\Desktop\I3C_XO5\I3C_XO5\impl_1\reveal_workspace\tmpreveal\i3c_xo5_la0_gen.v (2026-03-20 13:54:47, 2026-03-26 14:23:05) <-- (may instantiate this module)
                        C:\Users\billzhang\Desktop\I3C_XO5\I3C_XO5\impl_1\reveal_workspace\tmpreveal\i3c_xo5_la0_trig_gen.v (2026-03-20 13:54:47, 2026-03-26 14:23:05) <-- (may instantiate this module)
160      work.pmi_complex_mult.verilog may have changed because the following files changed:
                        C:\Users\billzhang\Desktop\I3C_XO5\I3C_XO5\impl_1\reveal_workspace\tmpreveal\I3C_XO5_rvl_top.v (2026-03-20 13:54:52, 2026-03-26 14:23:11) <-- (may instantiate this module)
                        C:\Users\billzhang\Desktop\I3C_XO5\I3C_XO5\impl_1\reveal_workspace\tmpreveal\i3c_xo5_la0_gen.v (2026-03-20 13:54:47, 2026-03-26 14:23:05) <-- (may instantiate this module)
                        C:\Users\billzhang\Desktop\I3C_XO5\I3C_XO5\impl_1\reveal_workspace\tmpreveal\i3c_xo5_la0_trig_gen.v (2026-03-20 13:54:47, 2026-03-26 14:23:05) <-- (may instantiate this module)
161      work.pmi_counter.verilog may have changed because the following files changed:
                        C:\Users\billzhang\Desktop\I3C_XO5\I3C_XO5\impl_1\reveal_workspace\tmpreveal\I3C_XO5_rvl_top.v (2026-03-20 13:54:52, 2026-03-26 14:23:11) <-- (may instantiate this module)
                        C:\Users\billzhang\Desktop\I3C_XO5\I3C_XO5\impl_1\reveal_workspace\tmpreveal\i3c_xo5_la0_gen.v (2026-03-20 13:54:47, 2026-03-26 14:23:05) <-- (may instantiate this module)
                        C:\Users\billzhang\Desktop\I3C_XO5\I3C_XO5\impl_1\reveal_workspace\tmpreveal\i3c_xo5_la0_trig_gen.v (2026-03-20 13:54:47, 2026-03-26 14:23:05) <-- (may instantiate this module)
162      work.pmi_distributed_dpram.verilog may have changed because the following files changed:
                        C:\Users\billzhang\Desktop\I3C_XO5\I3C_XO5\impl_1\reveal_workspace\tmpreveal\I3C_XO5_rvl_top.v (2026-03-20 13:54:52, 2026-03-26 14:23:11) <-- (may instantiate this module)
                        C:\Users\billzhang\Desktop\I3C_XO5\I3C_XO5\impl_1\reveal_workspace\tmpreveal\i3c_xo5_la0_gen.v (2026-03-20 13:54:47, 2026-03-26 14:23:05) <-- (may instantiate this module)
                        C:\Users\billzhang\Desktop\I3C_XO5\I3C_XO5\impl_1\reveal_workspace\tmpreveal\i3c_xo5_la0_trig_gen.v (2026-03-20 13:54:47, 2026-03-26 14:23:05) <-- (may instantiate this module)
163      work.pmi_distributed_rom.verilog may have changed because the following files changed:
                        C:\Users\billzhang\Desktop\I3C_XO5\I3C_XO5\impl_1\reveal_workspace\tmpreveal\I3C_XO5_rvl_top.v (2026-03-20 13:54:52, 2026-03-26 14:23:11) <-- (may instantiate this module)
                        C:\Users\billzhang\Desktop\I3C_XO5\I3C_XO5\impl_1\reveal_workspace\tmpreveal\i3c_xo5_la0_gen.v (2026-03-20 13:54:47, 2026-03-26 14:23:05) <-- (may instantiate this module)
                        C:\Users\billzhang\Desktop\I3C_XO5\I3C_XO5\impl_1\reveal_workspace\tmpreveal\i3c_xo5_la0_trig_gen.v (2026-03-20 13:54:47, 2026-03-26 14:23:05) <-- (may instantiate this module)
164      work.pmi_distributed_shift_reg.verilog may have changed because the following files changed:
                        C:\Users\billzhang\Desktop\I3C_XO5\I3C_XO5\impl_1\reveal_workspace\tmpreveal\I3C_XO5_rvl_top.v (2026-03-20 13:54:52, 2026-03-26 14:23:11) <-- (may instantiate this module)
                        C:\Users\billzhang\Desktop\I3C_XO5\I3C_XO5\impl_1\reveal_workspace\tmpreveal\i3c_xo5_la0_gen.v (2026-03-20 13:54:47, 2026-03-26 14:23:05) <-- (may instantiate this module)
                        C:\Users\billzhang\Desktop\I3C_XO5\I3C_XO5\impl_1\reveal_workspace\tmpreveal\i3c_xo5_la0_trig_gen.v (2026-03-20 13:54:47, 2026-03-26 14:23:05) <-- (may instantiate this module)
165      work.pmi_distributed_spram.verilog may have changed because the following files changed:
                        C:\Users\billzhang\Desktop\I3C_XO5\I3C_XO5\impl_1\reveal_workspace\tmpreveal\I3C_XO5_rvl_top.v (2026-03-20 13:54:52, 2026-03-26 14:23:11) <-- (may instantiate this module)
                        C:\Users\billzhang\Desktop\I3C_XO5\I3C_XO5\impl_1\reveal_workspace\tmpreveal\i3c_xo5_la0_gen.v (2026-03-20 13:54:47, 2026-03-26 14:23:05) <-- (may instantiate this module)
                        C:\Users\billzhang\Desktop\I3C_XO5\I3C_XO5\impl_1\reveal_workspace\tmpreveal\i3c_xo5_la0_trig_gen.v (2026-03-20 13:54:47, 2026-03-26 14:23:05) <-- (may instantiate this module)
166      work.pmi_fifo.verilog may have changed because the following files changed:
                        C:\Users\billzhang\Desktop\I3C_XO5\I3C_XO5\impl_1\reveal_workspace\tmpreveal\I3C_XO5_rvl_top.v (2026-03-20 13:54:52, 2026-03-26 14:23:11) <-- (may instantiate this module)
                        C:\Users\billzhang\Desktop\I3C_XO5\I3C_XO5\impl_1\reveal_workspace\tmpreveal\i3c_xo5_la0_gen.v (2026-03-20 13:54:47, 2026-03-26 14:23:05) <-- (may instantiate this module)
                        C:\Users\billzhang\Desktop\I3C_XO5\I3C_XO5\impl_1\reveal_workspace\tmpreveal\i3c_xo5_la0_trig_gen.v (2026-03-20 13:54:47, 2026-03-26 14:23:05) <-- (may instantiate this module)
167      work.pmi_fifo_dc.verilog may have changed because the following files changed:
                        C:\Users\billzhang\Desktop\I3C_XO5\I3C_XO5\impl_1\reveal_workspace\tmpreveal\I3C_XO5_rvl_top.v (2026-03-20 13:54:52, 2026-03-26 14:23:11) <-- (may instantiate this module)
                        C:\Users\billzhang\Desktop\I3C_XO5\I3C_XO5\impl_1\reveal_workspace\tmpreveal\i3c_xo5_la0_gen.v (2026-03-20 13:54:47, 2026-03-26 14:23:05) <-- (may instantiate this module)
                        C:\Users\billzhang\Desktop\I3C_XO5\I3C_XO5\impl_1\reveal_workspace\tmpreveal\i3c_xo5_la0_trig_gen.v (2026-03-20 13:54:47, 2026-03-26 14:23:05) <-- (may instantiate this module)
168      work.pmi_mac.verilog may have changed because the following files changed:
                        C:\Users\billzhang\Desktop\I3C_XO5\I3C_XO5\impl_1\reveal_workspace\tmpreveal\I3C_XO5_rvl_top.v (2026-03-20 13:54:52, 2026-03-26 14:23:11) <-- (may instantiate this module)
                        C:\Users\billzhang\Desktop\I3C_XO5\I3C_XO5\impl_1\reveal_workspace\tmpreveal\i3c_xo5_la0_gen.v (2026-03-20 13:54:47, 2026-03-26 14:23:05) <-- (may instantiate this module)
                        C:\Users\billzhang\Desktop\I3C_XO5\I3C_XO5\impl_1\reveal_workspace\tmpreveal\i3c_xo5_la0_trig_gen.v (2026-03-20 13:54:47, 2026-03-26 14:23:05) <-- (may instantiate this module)
169      work.pmi_mult.verilog may have changed because the following files changed:
                        C:\Users\billzhang\Desktop\I3C_XO5\I3C_XO5\impl_1\reveal_workspace\tmpreveal\I3C_XO5_rvl_top.v (2026-03-20 13:54:52, 2026-03-26 14:23:11) <-- (may instantiate this module)
                        C:\Users\billzhang\Desktop\I3C_XO5\I3C_XO5\impl_1\reveal_workspace\tmpreveal\i3c_xo5_la0_gen.v (2026-03-20 13:54:47, 2026-03-26 14:23:05) <-- (may instantiate this module)
                        C:\Users\billzhang\Desktop\I3C_XO5\I3C_XO5\impl_1\reveal_workspace\tmpreveal\i3c_xo5_la0_trig_gen.v (2026-03-20 13:54:47, 2026-03-26 14:23:05) <-- (may instantiate this module)
170      work.pmi_multaddsub.verilog may have changed because the following files changed:
                        C:\Users\billzhang\Desktop\I3C_XO5\I3C_XO5\impl_1\reveal_workspace\tmpreveal\I3C_XO5_rvl_top.v (2026-03-20 13:54:52, 2026-03-26 14:23:11) <-- (may instantiate this module)
                        C:\Users\billzhang\Desktop\I3C_XO5\I3C_XO5\impl_1\reveal_workspace\tmpreveal\i3c_xo5_la0_gen.v (2026-03-20 13:54:47, 2026-03-26 14:23:05) <-- (module definition)
                        C:\Users\billzhang\Desktop\I3C_XO5\I3C_XO5\impl_1\reveal_workspace\tmpreveal\i3c_xo5_la0_trig_gen.v (2026-03-20 13:54:47, 2026-03-26 14:23:05) <-- (may instantiate this module)
171      work.pmi_multaddsubsum.verilog may have changed because the following files changed:
                        C:\Users\billzhang\Desktop\I3C_XO5\I3C_XO5\impl_1\reveal_workspace\tmpreveal\I3C_XO5_rvl_top.v (2026-03-20 13:54:52, 2026-03-26 14:23:11) <-- (may instantiate this module)
                        C:\Users\billzhang\Desktop\I3C_XO5\I3C_XO5\impl_1\reveal_workspace\tmpreveal\i3c_xo5_la0_gen.v (2026-03-20 13:54:47, 2026-03-26 14:23:05) <-- (may instantiate this module)
                        C:\Users\billzhang\Desktop\I3C_XO5\I3C_XO5\impl_1\reveal_workspace\tmpreveal\i3c_xo5_la0_trig_gen.v (2026-03-20 13:54:47, 2026-03-26 14:23:05) <-- (may instantiate this module)
172      work.pmi_ram_dp.verilog may have changed because the following files changed:
                        C:\Users\billzhang\Desktop\I3C_XO5\I3C_XO5\impl_1\reveal_workspace\tmpreveal\I3C_XO5_rvl_top.v (2026-03-20 13:54:52, 2026-03-26 14:23:11) <-- (may instantiate this module)
                        C:\Users\billzhang\Desktop\I3C_XO5\I3C_XO5\impl_1\reveal_workspace\tmpreveal\i3c_xo5_la0_gen.v (2026-03-20 13:54:47, 2026-03-26 14:23:05) <-- (may instantiate this module)
                        C:\Users\billzhang\Desktop\I3C_XO5\I3C_XO5\impl_1\reveal_workspace\tmpreveal\i3c_xo5_la0_trig_gen.v (2026-03-20 13:54:47, 2026-03-26 14:23:05) <-- (may instantiate this module)
173      work.pmi_ram_dp_be.verilog may have changed because the following files changed:
                        C:\Users\billzhang\Desktop\I3C_XO5\I3C_XO5\impl_1\reveal_workspace\tmpreveal\I3C_XO5_rvl_top.v (2026-03-20 13:54:52, 2026-03-26 14:23:11) <-- (may instantiate this module)
                        C:\Users\billzhang\Desktop\I3C_XO5\I3C_XO5\impl_1\reveal_workspace\tmpreveal\i3c_xo5_la0_gen.v (2026-03-20 13:54:47, 2026-03-26 14:23:05) <-- (may instantiate this module)
                        C:\Users\billzhang\Desktop\I3C_XO5\I3C_XO5\impl_1\reveal_workspace\tmpreveal\i3c_xo5_la0_trig_gen.v (2026-03-20 13:54:47, 2026-03-26 14:23:05) <-- (may instantiate this module)
174      work.pmi_ram_dp_true.verilog may have changed because the following files changed:
                        C:\Users\billzhang\Desktop\I3C_XO5\I3C_XO5\impl_1\reveal_workspace\tmpreveal\I3C_XO5_rvl_top.v (2026-03-20 13:54:52, 2026-03-26 14:23:11) <-- (may instantiate this module)
                        C:\Users\billzhang\Desktop\I3C_XO5\I3C_XO5\impl_1\reveal_workspace\tmpreveal\i3c_xo5_la0_gen.v (2026-03-20 13:54:47, 2026-03-26 14:23:05) <-- (may instantiate this module)
                        C:\Users\billzhang\Desktop\I3C_XO5\I3C_XO5\impl_1\reveal_workspace\tmpreveal\i3c_xo5_la0_trig_gen.v (2026-03-20 13:54:47, 2026-03-26 14:23:05) <-- (may instantiate this module)
175      work.pmi_ram_dq.verilog may have changed because the following files changed:
                        C:\Users\billzhang\Desktop\I3C_XO5\I3C_XO5\impl_1\reveal_workspace\tmpreveal\I3C_XO5_rvl_top.v (2026-03-20 13:54:52, 2026-03-26 14:23:11) <-- (may instantiate this module)
                        C:\Users\billzhang\Desktop\I3C_XO5\I3C_XO5\impl_1\reveal_workspace\tmpreveal\i3c_xo5_la0_gen.v (2026-03-20 13:54:47, 2026-03-26 14:23:05) <-- (may instantiate this module)
                        C:\Users\billzhang\Desktop\I3C_XO5\I3C_XO5\impl_1\reveal_workspace\tmpreveal\i3c_xo5_la0_trig_gen.v (2026-03-20 13:54:47, 2026-03-26 14:23:05) <-- (may instantiate this module)
176      work.pmi_ram_dq_be.verilog may have changed because the following files changed:
                        C:\Users\billzhang\Desktop\I3C_XO5\I3C_XO5\impl_1\reveal_workspace\tmpreveal\I3C_XO5_rvl_top.v (2026-03-20 13:54:52, 2026-03-26 14:23:11) <-- (may instantiate this module)
                        C:\Users\billzhang\Desktop\I3C_XO5\I3C_XO5\impl_1\reveal_workspace\tmpreveal\i3c_xo5_la0_gen.v (2026-03-20 13:54:47, 2026-03-26 14:23:05) <-- (may instantiate this module)
                        C:\Users\billzhang\Desktop\I3C_XO5\I3C_XO5\impl_1\reveal_workspace\tmpreveal\i3c_xo5_la0_trig_gen.v (2026-03-20 13:54:47, 2026-03-26 14:23:05) <-- (may instantiate this module)
177      work.pmi_rom.verilog may have changed because the following files changed:
                        C:\Users\billzhang\Desktop\I3C_XO5\I3C_XO5\impl_1\reveal_workspace\tmpreveal\I3C_XO5_rvl_top.v (2026-03-20 13:54:52, 2026-03-26 14:23:11) <-- (may instantiate this module)
                        C:\Users\billzhang\Desktop\I3C_XO5\I3C_XO5\impl_1\reveal_workspace\tmpreveal\i3c_xo5_la0_gen.v (2026-03-20 13:54:47, 2026-03-26 14:23:05) <-- (may instantiate this module)
                        C:\Users\billzhang\Desktop\I3C_XO5\I3C_XO5\impl_1\reveal_workspace\tmpreveal\i3c_xo5_la0_trig_gen.v (2026-03-20 13:54:47, 2026-03-26 14:23:05) <-- (may instantiate this module)
178      work.pmi_sub.verilog may have changed because the following files changed:
                        C:\Users\billzhang\Desktop\I3C_XO5\I3C_XO5\impl_1\reveal_workspace\tmpreveal\I3C_XO5_rvl_top.v (2026-03-20 13:54:52, 2026-03-26 14:23:11) <-- (may instantiate this module)
                        C:\Users\billzhang\Desktop\I3C_XO5\I3C_XO5\impl_1\reveal_workspace\tmpreveal\i3c_xo5_la0_gen.v (2026-03-20 13:54:47, 2026-03-26 14:23:05) <-- (may instantiate this module)
                        C:\Users\billzhang\Desktop\I3C_XO5\I3C_XO5\impl_1\reveal_workspace\tmpreveal\i3c_xo5_la0_trig_gen.v (2026-03-20 13:54:47, 2026-03-26 14:23:05) <-- (may instantiate this module)

*******************************************************************
Unmodified files: 51
FID:  path (timestamp)
66       C:\lscc\radiant\2025.2\data\reveal\src\ertl\JTAG_SOFT.v (2025-10-18 12:25:21)
67       C:\lscc\radiant\2025.2\data\reveal\src\ertl\ertl.v (2025-10-18 12:25:21)
12       C:\lscc\radiant\2025.2\ip\pmi\../LFMXO4/ram_dp/rtl/lscc_lfmxo4_ram_dp.v (2025-11-12 23:20:48)
13       C:\lscc\radiant\2025.2\ip\pmi\../LFMXO4/ram_dp_true/rtl/lscc_lfmxo4_ram_dp_true.v (2025-10-18 12:21:40)
14       C:\lscc\radiant\2025.2\ip\pmi\../LFMXO4/ram_dq/rtl/lscc_lfmxo4_ram_dq.v (2025-11-14 11:20:42)
15       C:\lscc\radiant\2025.2\ip\pmi\../common/adder/rtl/lscc_adder.v (2025-10-18 12:21:42)
16       C:\lscc\radiant\2025.2\ip\pmi\../common/adder_subtractor/rtl/lscc_add_sub.v (2025-10-18 12:21:42)
17       C:\lscc\radiant\2025.2\ip\pmi\../common/complex_mult/rtl/lscc_complex_mult.v (2025-10-18 12:21:42)
18       C:\lscc\radiant\2025.2\ip\pmi\../common/counter/rtl/lscc_cntr.v (2025-10-18 12:21:42)
19       C:\lscc\radiant\2025.2\ip\pmi\../common/distributed_dpram/rtl/lscc_distributed_dpram.v (2025-10-18 12:21:42)
20       C:\lscc\radiant\2025.2\ip\pmi\../common/distributed_rom/rtl/lscc_distributed_rom.v (2025-10-18 12:21:42)
21       C:\lscc\radiant\2025.2\ip\pmi\../common/distributed_spram/rtl/lscc_distributed_spram.v (2025-10-18 12:21:42)
22       C:\lscc\radiant\2025.2\ip\pmi\../common/fifo/rtl/lscc_fifo.v (2025-10-18 12:21:42)
23       C:\lscc\radiant\2025.2\ip\pmi\../common/fifo_dc/rtl/lscc_fifo_dc.v (2025-10-18 12:21:43)
24       C:\lscc\radiant\2025.2\ip\pmi\../common/mult_accumulate/rtl/lscc_mult_accumulate.v (2025-10-18 12:21:44)
25       C:\lscc\radiant\2025.2\ip\pmi\../common/mult_add_sub/rtl/lscc_mult_add_sub.v (2025-10-18 12:21:44)
26       C:\lscc\radiant\2025.2\ip\pmi\../common/mult_add_sub_sum/rtl/lscc_mult_add_sub_sum.v (2025-10-18 12:21:44)
27       C:\lscc\radiant\2025.2\ip\pmi\../common/multiplier/rtl/lscc_multiplier.v (2025-10-18 12:21:44)
28       C:\lscc\radiant\2025.2\ip\pmi\../common/ram_dp/rtl/lscc_ram_dp.v (2025-10-18 12:21:44)
29       C:\lscc\radiant\2025.2\ip\pmi\../common/ram_dp_true/rtl/lscc_ram_dp_true.v (2025-10-18 12:21:45)
30       C:\lscc\radiant\2025.2\ip\pmi\../common/ram_dq/rtl/lscc_ram_dq.v (2025-10-18 12:21:45)
31       C:\lscc\radiant\2025.2\ip\pmi\../common/ram_shift_reg/rtl/lscc_shift_register.v (2025-10-18 12:21:45)
32       C:\lscc\radiant\2025.2\ip\pmi\../common/rom/rtl/lscc_rom.v (2025-10-18 12:21:45)
33       C:\lscc\radiant\2025.2\ip\pmi\../common/subtractor/rtl/lscc_subtractor.v (2025-10-18 12:21:45)
34       C:\lscc\radiant\2025.2\ip\pmi\pmi_add.v (2025-10-18 12:21:47)
35       C:\lscc\radiant\2025.2\ip\pmi\pmi_addsub.v (2025-10-18 12:21:47)
36       C:\lscc\radiant\2025.2\ip\pmi\pmi_complex_mult.v (2025-10-18 12:21:47)
37       C:\lscc\radiant\2025.2\ip\pmi\pmi_counter.v (2025-10-18 12:21:47)
38       C:\lscc\radiant\2025.2\ip\pmi\pmi_distributed_dpram.v (2025-10-18 12:21:47)
39       C:\lscc\radiant\2025.2\ip\pmi\pmi_distributed_rom.v (2025-10-18 12:21:47)
40       C:\lscc\radiant\2025.2\ip\pmi\pmi_distributed_shift_reg.v (2025-10-18 12:21:47)
41       C:\lscc\radiant\2025.2\ip\pmi\pmi_distributed_spram.v (2025-10-18 12:21:47)
42       C:\lscc\radiant\2025.2\ip\pmi\pmi_fifo.v (2025-10-18 12:21:47)
43       C:\lscc\radiant\2025.2\ip\pmi\pmi_fifo_dc.v (2025-10-18 12:21:47)
44       C:\lscc\radiant\2025.2\ip\pmi\pmi_lfmxo5.v (2025-10-18 12:21:47)
45       C:\lscc\radiant\2025.2\ip\pmi\pmi_mac.v (2025-10-18 12:21:47)
46       C:\lscc\radiant\2025.2\ip\pmi\pmi_mult.v (2025-10-18 12:21:47)
47       C:\lscc\radiant\2025.2\ip\pmi\pmi_multaddsub.v (2025-10-18 12:21:47)
48       C:\lscc\radiant\2025.2\ip\pmi\pmi_multaddsubsum.v (2025-10-18 12:21:47)
49       C:\lscc\radiant\2025.2\ip\pmi\pmi_ram_dp.v (2025-10-18 12:21:47)
50       C:\lscc\radiant\2025.2\ip\pmi\pmi_ram_dp_be.v (2025-10-18 12:21:47)
51       C:\lscc\radiant\2025.2\ip\pmi\pmi_ram_dp_true.v (2025-10-18 12:21:47)
52       C:\lscc\radiant\2025.2\ip\pmi\pmi_ram_dq.v (2025-10-18 12:21:47)
53       C:\lscc\radiant\2025.2\ip\pmi\pmi_ram_dq_be.v (2025-10-18 12:21:47)
54       C:\lscc\radiant\2025.2\ip\pmi\pmi_rom.v (2025-10-18 12:21:47)
55       C:\lscc\radiant\2025.2\ip\pmi\pmi_sub.v (2025-10-18 12:21:47)
56       C:\lscc\radiant\2025.2\synpbase\lib\lucent\lfmxo5.v (2025-12-04 14:29:36)
57       C:\lscc\radiant\2025.2\synpbase\lib\lucent\pmi_def.v (2025-11-11 22:43:29)
58       C:\lscc\radiant\2025.2\synpbase\lib\vlog\hypermods.v (2025-11-12 01:28:53)
59       C:\lscc\radiant\2025.2\synpbase\lib\vlog\scemi_objects.v (2025-11-12 01:28:53)
60       C:\lscc\radiant\2025.2\synpbase\lib\vlog\scemi_pipes.svh (2025-11-12 01:28:53)

*******************************************************************
Unchanged modules: 330
MID:  lib.cell.view
0        work.I3C_XO5.verilog
262      work.I3C_target_inst.verilog
263      work.I3C_target_inst_ipgen_ahbl2lmmi_single.verilog
264      work.I3C_target_inst_ipgen_apb2lmmi.verilog
265      work.I3C_target_inst_ipgen_async_binptr.verilog
266      work.I3C_target_inst_ipgen_async_grayptr.verilog
267      work.I3C_target_inst_ipgen_fifo.verilog
268      work.I3C_target_inst_ipgen_i3c_bus_cond.verilog
269      work.I3C_target_inst_ipgen_i3c_fifo.verilog
270      work.I3C_target_inst_ipgen_i3c_tgt.verilog
271      work.I3C_target_inst_ipgen_i3c_tgt_ccc_decode.verilog
272      work.I3C_target_inst_ipgen_i3c_tgt_csr.verilog
273      work.I3C_target_inst_ipgen_i3c_tgt_ctl_role_handshake.verilog
274      work.I3C_target_inst_ipgen_i3c_tgt_deftgts.verilog
275      work.I3C_target_inst_ipgen_i3c_tgt_hdr.verilog
276      work.I3C_target_inst_ipgen_i3c_tgt_main.verilog
277      work.I3C_target_inst_ipgen_i3c_tgt_pattern_detector.verilog
278      work.I3C_target_inst_ipgen_i3c_tgt_timing_control.verilog
279      work.I3C_target_inst_ipgen_lmmi_reg_intf.verilog
280      work.I3C_target_inst_ipgen_lscc_i3c_target.verilog
281      work.I3C_target_inst_ipgen_mem_dp.verilog
282      work.I3C_target_inst_ipgen_shreg_fifo.verilog
283      work.I3C_target_inst_ipgen_synchro.verilog
284      work.I3C_target_inst_ipgen_usr_fifo_intf.verilog
285      work.I3C_target_inst_ipgen_xor_handshake.verilog
286      work.JTAG_SOFT.verilog
1        work.ahb2apb.verilog
2        work.ahb2apb_ipgen_lscc_ahbl2apb.verilog
304      work.ahb2apb_ipgen_lscc_ahbl2apb_uniq_1.verilog
305      work.ahb2apb_uniq_1.verilog
3        work.ahbl.verilog
4        work.ahbl_ipgen_lscc_ahbl_arbiter.verilog
5        work.ahbl_ipgen_lscc_ahbl_arbmux.verilog
6        work.ahbl_ipgen_lscc_ahbl_bus.verilog
306      work.ahbl_ipgen_lscc_ahbl_bus_uniq_1.verilog
7        work.ahbl_ipgen_lscc_ahbl_crossbar.verilog
8        work.ahbl_ipgen_lscc_ahbl_decoder.verilog
9        work.ahbl_ipgen_lscc_ahbl_decoder_comp.verilog
307      work.ahbl_ipgen_lscc_ahbl_decoder_comp_uniq_1.verilog
308      work.ahbl_ipgen_lscc_ahbl_decoder_comp_uniq_2.verilog
10       work.ahbl_ipgen_lscc_ahbl_decoder_prim.verilog
309      work.ahbl_ipgen_lscc_ahbl_decoder_prim_uniq_1.verilog
310      work.ahbl_ipgen_lscc_ahbl_decoder_prim_uniq_2.verilog
311      work.ahbl_ipgen_lscc_ahbl_decoder_uniq_1.verilog
11       work.ahbl_ipgen_lscc_ahbl_default_slv.verilog
312      work.ahbl_ipgen_lscc_ahbl_default_slv_uniq_1.verilog
12       work.ahbl_ipgen_lscc_ahbl_fair_arb.verilog
13       work.ahbl_ipgen_lscc_ahbl_input_stage.verilog
14       work.ahbl_ipgen_lscc_ahbl_interconnect.verilog
313      work.ahbl_ipgen_lscc_ahbl_interconnect_uniq_1.verilog
15       work.ahbl_ipgen_lscc_ahbl_multiplexor.verilog
314      work.ahbl_ipgen_lscc_ahbl_multiplexor_uniq_1.verilog
16       work.ahbl_ipgen_lscc_ahbl_prio_arb.verilog
315      work.ahbl_uniq_1.verilog
17       work.apb0.verilog
18       work.apb0_ipgen_lscc_apb_arbiter.verilog
19       work.apb0_ipgen_lscc_apb_arbmux.verilog
20       work.apb0_ipgen_lscc_apb_bus.verilog
316      work.apb0_ipgen_lscc_apb_bus_uniq_1.verilog
21       work.apb0_ipgen_lscc_apb_crossbar.verilog
22       work.apb0_ipgen_lscc_apb_decoder.verilog
23       work.apb0_ipgen_lscc_apb_decoder_comp.verilog
317      work.apb0_ipgen_lscc_apb_decoder_comp_uniq_1.verilog
318      work.apb0_ipgen_lscc_apb_decoder_comp_uniq_2.verilog
319      work.apb0_ipgen_lscc_apb_decoder_comp_uniq_3.verilog
320      work.apb0_ipgen_lscc_apb_decoder_comp_uniq_4.verilog
24       work.apb0_ipgen_lscc_apb_decoder_prim.verilog
321      work.apb0_ipgen_lscc_apb_decoder_prim_uniq_1.verilog
322      work.apb0_ipgen_lscc_apb_decoder_prim_uniq_2.verilog
323      work.apb0_ipgen_lscc_apb_decoder_prim_uniq_3.verilog
324      work.apb0_ipgen_lscc_apb_decoder_prim_uniq_4.verilog
325      work.apb0_ipgen_lscc_apb_decoder_uniq_1.verilog
25       work.apb0_ipgen_lscc_apb_interconnect.verilog
326      work.apb0_ipgen_lscc_apb_interconnect_uniq_1.verilog
26       work.apb0_ipgen_lscc_apb_multiplexor.verilog
327      work.apb0_ipgen_lscc_apb_multiplexor_uniq_1.verilog
27       work.apb0_ipgen_lscc_apb_prio_arb.verilog
28       work.apb0_ipgen_lscc_apb_thermo_mask.verilog
328      work.apb0_uniq_1.verilog
31       work.gpio0.verilog
32       work.gpio0_ipgen_lscc_apb2lmmi.verilog
329      work.gpio0_ipgen_lscc_apb2lmmi_uniq_1.verilog
33       work.gpio0_ipgen_lscc_gpio.verilog
34       work.gpio0_ipgen_lscc_gpio_lmmi.verilog
330      work.gpio0_ipgen_lscc_gpio_lmmi_uniq_1.verilog
331      work.gpio0_ipgen_lscc_gpio_uniq_1.verilog
332      work.gpio0_uniq_1.verilog
35       work.i3c_m.verilog
36       work.i3c_m_ipgen_ahbl2lmmi_single.verilog
37       work.i3c_m_ipgen_apb2lmmi.verilog
333      work.i3c_m_ipgen_apb2lmmi_uniq_1.verilog
38       work.i3c_m_ipgen_async_binptr.verilog
39       work.i3c_m_ipgen_async_grayptr.verilog
40       work.i3c_m_ipgen_fifo.verilog
41       work.i3c_m_ipgen_i3c_csr.verilog
334      work.i3c_m_ipgen_i3c_csr_uniq_1.verilog
42       work.i3c_m_ipgen_i3c_fifo.verilog
335      work.i3c_m_ipgen_i3c_fifo_uniq_1.verilog
336      work.i3c_m_ipgen_i3c_fifo_uniq_2.verilog
43       work.i3c_m_ipgen_i3c_mst.verilog
337      work.i3c_m_ipgen_i3c_mst_uniq_1.verilog
44       work.i3c_m_ipgen_i3c_p2s_sys.verilog
338      work.i3c_m_ipgen_i3c_p2s_sys_uniq_1.verilog
45       work.i3c_m_ipgen_i3cm_cntr.verilog
339      work.i3c_m_ipgen_i3cm_cntr_uniq_1.verilog
340      work.i3c_m_ipgen_i3cm_cntr_uniq_2.verilog
341      work.i3c_m_ipgen_i3cm_cntr_uniq_3.verilog
342      work.i3c_m_ipgen_i3cm_cntr_uniq_4.verilog
46       work.i3c_m_ipgen_lmmi_slv.verilog
343      work.i3c_m_ipgen_lmmi_slv_uniq_1.verilog
47       work.i3c_m_ipgen_lscc_i3c_controller.verilog
344      work.i3c_m_ipgen_lscc_i3c_controller_uniq_1.verilog
48       work.i3c_m_ipgen_mem_dp.verilog
49       work.i3c_m_ipgen_packet_decode.verilog
345      work.i3c_m_ipgen_packet_decode_uniq_1.verilog
50       work.i3c_m_ipgen_packet_deframe.verilog
346      work.i3c_m_ipgen_packet_deframe_uniq_1.verilog
51       work.i3c_m_ipgen_packet_to_i3cbus.verilog
347      work.i3c_m_ipgen_packet_to_i3cbus_uniq_1.verilog
52       work.i3c_m_ipgen_sc_i3c_bus_cond.verilog
53       work.i3c_m_ipgen_sc_i3c_tgt.verilog
54       work.i3c_m_ipgen_sc_i3c_tgt_ccc_decode.verilog
55       work.i3c_m_ipgen_sc_i3c_tgt_csr.verilog
56       work.i3c_m_ipgen_sc_i3c_tgt_ctl_role_handshake.verilog
57       work.i3c_m_ipgen_sc_i3c_tgt_deftgts.verilog
58       work.i3c_m_ipgen_sc_i3c_tgt_hdr.verilog
59       work.i3c_m_ipgen_sc_i3c_tgt_main.verilog
60       work.i3c_m_ipgen_sc_i3c_tgt_pattern_detector.verilog
61       work.i3c_m_ipgen_sc_i3c_tgt_timing_control.verilog
62       work.i3c_m_ipgen_sc_lmmi_reg_intf.verilog
63       work.i3c_m_ipgen_shreg_fifo.verilog
348      work.i3c_m_ipgen_shreg_fifo_uniq_1.verilog
349      work.i3c_m_ipgen_shreg_fifo_uniq_2.verilog
350      work.i3c_m_ipgen_shreg_fifo_uniq_3.verilog
351      work.i3c_m_ipgen_shreg_fifo_uniq_4.verilog
64       work.i3c_m_ipgen_shregpipe_1in3out.verilog
352      work.i3c_m_ipgen_shregpipe_1in3out_uniq_1.verilog
65       work.i3c_m_ipgen_synchro.verilog
66       work.i3c_m_ipgen_usr_fifo_intf.verilog
67       work.i3c_m_ipgen_xor_handshake.verilog
353      work.i3c_m_uniq_1.verilog
68       work.i3c_s.verilog
69       work.i3c_s_ipgen_ahbl2lmmi_single.verilog
70       work.i3c_s_ipgen_apb2lmmi.verilog
354      work.i3c_s_ipgen_apb2lmmi_uniq_1.verilog
71       work.i3c_s_ipgen_async_binptr.verilog
72       work.i3c_s_ipgen_async_grayptr.verilog
73       work.i3c_s_ipgen_fifo.verilog
74       work.i3c_s_ipgen_i3c_bus_cond.verilog
355      work.i3c_s_ipgen_i3c_bus_cond_uniq_1.verilog
75       work.i3c_s_ipgen_i3c_fifo.verilog
356      work.i3c_s_ipgen_i3c_fifo_uniq_1.verilog
357      work.i3c_s_ipgen_i3c_fifo_uniq_2.verilog
76       work.i3c_s_ipgen_i3c_tgt.verilog
77       work.i3c_s_ipgen_i3c_tgt_ccc_decode.verilog
358      work.i3c_s_ipgen_i3c_tgt_ccc_decode_uniq_1.verilog
78       work.i3c_s_ipgen_i3c_tgt_csr.verilog
359      work.i3c_s_ipgen_i3c_tgt_csr_uniq_1.verilog
79       work.i3c_s_ipgen_i3c_tgt_ctl_role_handshake.verilog
80       work.i3c_s_ipgen_i3c_tgt_deftgts.verilog
81       work.i3c_s_ipgen_i3c_tgt_hdr.verilog
82       work.i3c_s_ipgen_i3c_tgt_main.verilog
360      work.i3c_s_ipgen_i3c_tgt_main_uniq_1.verilog
83       work.i3c_s_ipgen_i3c_tgt_pattern_detector.verilog
361      work.i3c_s_ipgen_i3c_tgt_pattern_detector_uniq_1.verilog
84       work.i3c_s_ipgen_i3c_tgt_timing_control.verilog
362      work.i3c_s_ipgen_i3c_tgt_timing_control_uniq_1.verilog
363      work.i3c_s_ipgen_i3c_tgt_uniq_1.verilog
85       work.i3c_s_ipgen_lmmi_reg_intf.verilog
364      work.i3c_s_ipgen_lmmi_reg_intf_uniq_1.verilog
86       work.i3c_s_ipgen_lscc_i3c_target.verilog
365      work.i3c_s_ipgen_lscc_i3c_target_uniq_1.verilog
87       work.i3c_s_ipgen_mem_dp.verilog
88       work.i3c_s_ipgen_shreg_fifo.verilog
366      work.i3c_s_ipgen_shreg_fifo_uniq_1.verilog
367      work.i3c_s_ipgen_shreg_fifo_uniq_2.verilog
89       work.i3c_s_ipgen_synchro.verilog
90       work.i3c_s_ipgen_usr_fifo_intf.verilog
91       work.i3c_s_ipgen_xor_handshake.verilog
368      work.i3c_s_uniq_1.verilog
287      work.i3c_xo5_la0.verilog
288      work.i3c_xo5_la0_trig.verilog
289      work.jtag_cntl_soft.verilog
290      work.jtag_inst_dec_soft.verilog
291      work.jtag_logic_soft.verilog
292      work.jtag_register_soft.verilog
293      work.jtag_tap_cntl_soft.verilog
152      work.osc0.verilog
153      work.osc0_ipgen_lscc_osc.verilog
369      work.osc0_ipgen_lscc_osc_uniq_1.verilog
370      work.osc0_uniq_1.verilog
154      work.pll0.verilog
155      work.pll0_ipgen_lscc_apb2lmmi.verilog
156      work.pll0_ipgen_lscc_pll.verilog
371      work.pll0_ipgen_lscc_pll_uniq_1.verilog
157      work.pll0_ipgen_pll_csr.verilog
372      work.pll0_uniq_1.verilog
294      work.pmi_rtl_ram_dist.verilog
295      work.pmi_rtl_ram_dp.verilog
296      work.reveal_coretop.verilog
179      work.risc_mc.verilog
180      work.risc_mc_ipgen_BufferCC_1_.verilog
373      work.risc_mc_ipgen_BufferCC_1__uniq_1.verilog
181      work.risc_mc_ipgen_FlowCCByToggle.verilog
374      work.risc_mc_ipgen_FlowCCByToggle_uniq_1.verilog
182      work.risc_mc_ipgen_JtagBridge.verilog
375      work.risc_mc_ipgen_JtagBridge_uniq_1.verilog
183      work.risc_mc_ipgen_Riscv_Cache_Dbg_I.verilog
184      work.risc_mc_ipgen_Riscv_Cache_Dbg_IC.verilog
185      work.risc_mc_ipgen_Riscv_Cache_Dbg_IC_DataCache.verilog
186      work.risc_mc_ipgen_Riscv_Cache_Dbg_IC_InstructionCache.verilog
187      work.risc_mc_ipgen_Riscv_Cache_Dbg_IMC.verilog
188      work.risc_mc_ipgen_Riscv_Cache_Dbg_IMC_CFU.verilog
189      work.risc_mc_ipgen_Riscv_Cache_Dbg_IMC_CFU_DataCache.verilog
190      work.risc_mc_ipgen_Riscv_Cache_Dbg_IMC_CFU_InstructionCache.verilog
191      work.risc_mc_ipgen_Riscv_Cache_Dbg_IMC_DataCache.verilog
192      work.risc_mc_ipgen_Riscv_Cache_Dbg_IMC_InstructionCache.verilog
193      work.risc_mc_ipgen_Riscv_Cache_Dbg_I_DataCache.verilog
194      work.risc_mc_ipgen_Riscv_Cache_Dbg_I_InstructionCache.verilog
195      work.risc_mc_ipgen_Riscv_Cache_NoDbg_I.verilog
196      work.risc_mc_ipgen_Riscv_Cache_NoDbg_IC.verilog
197      work.risc_mc_ipgen_Riscv_Cache_NoDbg_IC_DataCache.verilog
198      work.risc_mc_ipgen_Riscv_Cache_NoDbg_IC_InstructionCache.verilog
199      work.risc_mc_ipgen_Riscv_Cache_NoDbg_IMC.verilog
200      work.risc_mc_ipgen_Riscv_Cache_NoDbg_IMC_DataCache.verilog
201      work.risc_mc_ipgen_Riscv_Cache_NoDbg_IMC_InstructionCache.verilog
202      work.risc_mc_ipgen_Riscv_Cache_NoDbg_I_DataCache.verilog
203      work.risc_mc_ipgen_Riscv_Cache_NoDbg_I_InstructionCache.verilog
204      work.risc_mc_ipgen_Riscv_Dbg_I.verilog
205      work.risc_mc_ipgen_Riscv_Dbg_IC.verilog
206      work.risc_mc_ipgen_Riscv_Dbg_IC_StreamFifo.verilog
207      work.risc_mc_ipgen_Riscv_Dbg_IC_StreamFifoLowLatency.verilog
208      work.risc_mc_ipgen_Riscv_Dbg_IMC.verilog
209      work.risc_mc_ipgen_Riscv_Dbg_IMC_CFU.verilog
210      work.risc_mc_ipgen_Riscv_Dbg_IMC_CFU_StreamFifo.verilog
211      work.risc_mc_ipgen_Riscv_Dbg_IMC_CFU_StreamFifoLowLatency.verilog
212      work.risc_mc_ipgen_Riscv_Dbg_IMC_StreamFifo.verilog
213      work.risc_mc_ipgen_Riscv_Dbg_IMC_StreamFifoLowLatency.verilog
376      work.risc_mc_ipgen_Riscv_Dbg_IMC_StreamFifoLowLatency_uniq_1.verilog
377      work.risc_mc_ipgen_Riscv_Dbg_IMC_StreamFifo_uniq_1.verilog
378      work.risc_mc_ipgen_Riscv_Dbg_IMC_uniq_1.verilog
214      work.risc_mc_ipgen_Riscv_Dbg_I_StreamFifo.verilog
215      work.risc_mc_ipgen_Riscv_Dbg_I_StreamFifoLowLatency.verilog
216      work.risc_mc_ipgen_Riscv_NoDbg_E.verilog
217      work.risc_mc_ipgen_Riscv_NoDbg_E_StreamFifo.verilog
218      work.risc_mc_ipgen_Riscv_NoDbg_E_StreamFifoLowLatency.verilog
219      work.risc_mc_ipgen_Riscv_NoDbg_I.verilog
220      work.risc_mc_ipgen_Riscv_NoDbg_IC.verilog
221      work.risc_mc_ipgen_Riscv_NoDbg_IC_StreamFifo.verilog
222      work.risc_mc_ipgen_Riscv_NoDbg_IC_StreamFifoLowLatency.verilog
223      work.risc_mc_ipgen_Riscv_NoDbg_IMC.verilog
224      work.risc_mc_ipgen_Riscv_NoDbg_IMC_StreamFifo.verilog
225      work.risc_mc_ipgen_Riscv_NoDbg_IMC_StreamFifoLowLatency.verilog
226      work.risc_mc_ipgen_Riscv_NoDbg_I_StreamFifo.verilog
227      work.risc_mc_ipgen_Riscv_NoDbg_I_StreamFifoLowLatency.verilog
228      work.risc_mc_ipgen_SystemDebugger.verilog
379      work.risc_mc_ipgen_SystemDebugger_uniq_1.verilog
229      work.risc_mc_ipgen_ahbl_register.verilog
380      work.risc_mc_ipgen_ahbl_register_uniq_1.verilog
230      work.risc_mc_ipgen_cfu_mux.verilog
231      work.risc_mc_ipgen_d_ff_plain_rst_t.verilog
381      work.risc_mc_ipgen_d_ff_plain_rst_t_uniq_1.verilog
382      work.risc_mc_ipgen_d_ff_plain_rst_t_uniq_2.verilog
383      work.risc_mc_ipgen_d_ff_plain_rst_t_uniq_3.verilog
384      work.risc_mc_ipgen_d_ff_plain_rst_t_uniq_4.verilog
385      work.risc_mc_ipgen_d_ff_plain_rst_t_uniq_5.verilog
232      work.risc_mc_ipgen_d_ff_plain_rst_we_t.verilog
386      work.risc_mc_ipgen_d_ff_plain_rst_we_t_uniq_1.verilog
387      work.risc_mc_ipgen_d_ff_plain_rst_we_t_uniq_2.verilog
388      work.risc_mc_ipgen_d_ff_plain_rst_we_t_uniq_3.verilog
233      work.risc_mc_ipgen_lscc_cpu_ahbl_mux.verilog
389      work.risc_mc_ipgen_lscc_cpu_ahbl_mux_uniq_1.verilog
234      work.risc_mc_ipgen_pic.verilog
390      work.risc_mc_ipgen_pic_uniq_1.verilog
235      work.risc_mc_ipgen_riscvsmall.verilog
391      work.risc_mc_ipgen_riscvsmall_uniq_1.verilog
236      work.risc_mc_ipgen_timer_32.verilog
392      work.risc_mc_ipgen_timer_32_uniq_1.verilog
237      work.risc_mc_ipgen_vex_debug.verilog
393      work.risc_mc_ipgen_vex_debug_uniq_1.verilog
238      work.risc_mc_ipgen_vex_jtag_bridge.verilog
394      work.risc_mc_ipgen_vex_jtag_bridge_uniq_1.verilog
395      work.risc_mc_uniq_1.verilog
297      work.rvl_decode.verilog
298      work.rvl_jtag_int.verilog
299      work.rvl_serial_tu.verilog
300      work.rvl_tcnt.verilog
301      work.rvl_te.verilog
302      work.rvl_tm.verilog
303      work.rvl_tu.verilog
239      work.sys_mem.verilog
240      work.sys_mem_ipgen_lram_0_ipgen_lscc_lram_core.verilog
241      work.sys_mem_ipgen_lram_0_ipgen_lscc_lram_dp_true.verilog
242      work.sys_mem_ipgen_lram_0_ipgen_lscc_lram_inst.verilog
243      work.sys_mem_ipgen_lram_0_ipgen_lscc_write_through.verilog
244      work.sys_mem_ipgen_lscc_ahblmem_arbiter.verilog
396      work.sys_mem_ipgen_lscc_ahblmem_arbiter_uniq_1.verilog
245      work.sys_mem_ipgen_lscc_ahblmem_subordinate.verilog
397      work.sys_mem_ipgen_lscc_ahblmem_subordinate_uniq_1.verilog
398      work.sys_mem_ipgen_lscc_ahblmem_subordinate_uniq_2.verilog
246      work.sys_mem_ipgen_lscc_axi4mem_arbiter.verilog
247      work.sys_mem_ipgen_lscc_axi4mem_subordinate.verilog
248      work.sys_mem_ipgen_lscc_axi4stream_rx.verilog
249      work.sys_mem_ipgen_lscc_fifo_streamer.verilog
250      work.sys_mem_ipgen_lscc_mem.verilog
399      work.sys_mem_ipgen_lscc_mem_uniq_1.verilog
251      work.sys_mem_ipgen_lscc_reset_async.verilog
252      work.sys_mem_ipgen_lscc_smem_lram.verilog
253      work.sys_mem_ipgen_lscc_sys_mem.verilog
400      work.sys_mem_ipgen_lscc_sys_mem_uniq_1.verilog
254      work.sys_mem_ipgen_shreg_fifo.verilog
401      work.sys_mem_ipgen_shreg_fifo_uniq_1.verilog
402      work.sys_mem_ipgen_shreg_fifo_uniq_2.verilog
403      work.sys_mem_ipgen_shreg_fifo_uniq_3.verilog
404      work.sys_mem_ipgen_shreg_fifo_uniq_4.verilog
405      work.sys_mem_ipgen_shreg_fifo_uniq_5.verilog
406      work.sys_mem_ipgen_shreg_fifo_uniq_6.verilog
407      work.sys_mem_uniq_1.verilog
255      work.uart0.verilog
256      work.uart0_ipgen_lscc_uart.verilog
257      work.uart0_ipgen_lscc_uart_intface.verilog
408      work.uart0_ipgen_lscc_uart_intface_uniq_1.verilog
258      work.uart0_ipgen_lscc_uart_rxcver.verilog
259      work.uart0_ipgen_lscc_uart_rxcver_fifo.verilog
409      work.uart0_ipgen_lscc_uart_rxcver_uniq_1.verilog
260      work.uart0_ipgen_lscc_uart_txcver_fifo.verilog
261      work.uart0_ipgen_lscc_uart_txmitt.verilog
410      work.uart0_ipgen_lscc_uart_txmitt_uniq_1.verilog
411      work.uart0_ipgen_lscc_uart_uniq_1.verilog
412      work.uart0_uniq_1.verilog
